#-----------------------------------------------------------
# Vivado v2018.1 (64-bit)
# SW Build 2188600 on Wed Apr  4 18:40:38 MDT 2018
# IP Build 2185939 on Wed Apr  4 20:55:05 MDT 2018
# Start of session at: Mon Apr 15 15:55:13 2024
# Process ID: 18048
# Current directory: C:/Users/Yutharsan/Documents/GitHub/CODD-Nano-Processor/Nano Processor
# Command line: vivado.exe -gui_launcher_event rodinguilauncherevent7872 C:\Users\Yutharsan\Documents\GitHub\CODD-Nano-Processor\Nano Processor\Nano Processor.xpr
# Log file: C:/Users/Yutharsan/Documents/GitHub/CODD-Nano-Processor/Nano Processor/vivado.log
# Journal file: C:/Users/Yutharsan/Documents/GitHub/CODD-Nano-Processor/Nano Processor\vivado.jou
#-----------------------------------------------------------
start_gui
open_project {C:/Users/Yutharsan/Documents/GitHub/CODD-Nano-Processor/Nano Processor/Nano Processor.xpr}
Scanning sources...
Finished scanning sources
INFO: [IP_Flow 19-234] Refreshing IP repositories
INFO: [IP_Flow 19-1704] No user IP repositories specified
INFO: [IP_Flow 19-2313] Loaded Vivado IP repository 'C:/Xilinx/Vivado/2018.1/data/ip'.
open_project: Time (s): cpu = 00:00:12 ; elapsed = 00:00:08 . Memory (MB): peak = 924.707 ; gain = 171.184
update_compile_order -fileset sources_1
launch_simulation
INFO: [Vivado 12-5682] Launching behavioral simulation in 'C:/Users/Yutharsan/Documents/GitHub/CODD-Nano-Processor/Nano Processor/Nano Processor.sim/sim_1/behav/xsim'
INFO: [SIM-utils-51] Simulation object is 'sim_1'
INFO: [SIM-utils-54] Inspecting design source files for 'TB_Processor' in fileset 'sim_1'...
INFO: [USF-XSim-97] Finding global include files...
INFO: [USF-XSim-98] Fetching design files from 'sim_1'...
INFO: [USF-XSim-2] XSim::Compile design
INFO: [USF-XSim-61] Executing 'COMPILE and ANALYZE' step in 'C:/Users/Yutharsan/Documents/GitHub/CODD-Nano-Processor/Nano Processor/Nano Processor.sim/sim_1/behav/xsim'
"xvhdl --incr --relax -prj TB_Processor_vhdl.prj"
INFO: [VRFC 10-163] Analyzing VHDL file "C:/Users/Yutharsan/Documents/GitHub/CODD-Nano-Processor/Nano Processor/Nano Processor.srcs/sources_1/new/Components/ALU/ADD_3.vhd" into library xil_defaultlib
INFO: [VRFC 10-307] analyzing entity ADD_3
INFO: [VRFC 10-163] Analyzing VHDL file "C:/Users/Yutharsan/Documents/GitHub/CODD-Nano-Processor/Nano Processor/Nano Processor.srcs/sources_1/new/Components/Instruction_Decoder_12.vhd" into library xil_defaultlib
INFO: [VRFC 10-307] analyzing entity Instruction_Decoder_12
INFO: [VRFC 10-163] Analyzing VHDL file "C:/Users/Yutharsan/Documents/GitHub/CODD-Nano-Processor/Nano Processor/Nano Processor.srcs/sources_1/new/Processor.vhd" into library xil_defaultlib
INFO: [VRFC 10-307] analyzing entity Processor
INFO: [VRFC 10-163] Analyzing VHDL file "C:/Users/Yutharsan/Documents/GitHub/CODD-Nano-Processor/Nano Processor/Nano Processor.srcs/sim_1/new/TB_Processor.vhd" into library xil_defaultlib
INFO: [VRFC 10-307] analyzing entity TB_Processor
INFO: [USF-XSim-69] 'compile' step finished in '2' seconds
INFO: [USF-XSim-3] XSim::Elaborate design
INFO: [USF-XSim-61] Executing 'ELABORATE' step in 'C:/Users/Yutharsan/Documents/GitHub/CODD-Nano-Processor/Nano Processor/Nano Processor.sim/sim_1/behav/xsim'
Vivado Simulator 2018.1
Copyright 1986-1999, 2001-2017 Xilinx, Inc. All Rights Reserved.
Running: C:/Xilinx/Vivado/2018.1/bin/unwrapped/win64.o/xelab.exe -wto f859496e7c524f28a834218ab560eb00 --incr --debug typical --relax --mt 2 -L xil_defaultlib -L secureip --snapshot TB_Processor_behav xil_defaultlib.TB_Processor -log elaborate.log 
Using 2 slave threads.
Starting static elaboration
Completed static elaboration
Starting simulation data flow analysis
Completed simulation data flow analysis
Time Resolution for simulation is 1ps
Compiling package std.standard
Compiling package std.textio
Compiling package ieee.std_logic_1164
Compiling package ieee.numeric_std
Compiling architecture behavioral of entity xil_defaultlib.Mux_2_way_1 [mux_2_way_1_default]
Compiling architecture behavioral of entity xil_defaultlib.D_FF [d_ff_default]
Compiling architecture behavioral of entity xil_defaultlib.Register_1 [register_1_default]
Compiling architecture behavioral of entity xil_defaultlib.Register_3 [register_3_default]
Compiling architecture behavioral of entity xil_defaultlib.Program_Counter_3 [program_counter_3_default]
Compiling architecture behavioral of entity xil_defaultlib.Mux_2_way_3 [mux_2_way_3_default]
Compiling architecture behavioral of entity xil_defaultlib.HA [ha_default]
Compiling architecture behavioral of entity xil_defaultlib.FA [fa_default]
Compiling architecture behavioral of entity xil_defaultlib.ADD_3 [add_3_default]
Compiling architecture behavioral of entity xil_defaultlib.Instruction_Decoder_12 [instruction_decoder_12_default]
Compiling architecture behavioral of entity xil_defaultlib.Program_ROM_8 [program_rom_8_default]
Compiling architecture behavioral of entity xil_defaultlib.ADD_SUB [add_sub_default]
Compiling architecture behavioral of entity xil_defaultlib.Decoder_2_to_4 [decoder_2_to_4_default]
Compiling architecture behavioral of entity xil_defaultlib.Decoder_3_to_8 [decoder_3_to_8_default]
Compiling architecture behavioral of entity xil_defaultlib.Mux_8_way_1 [mux_8_way_1_default]
Compiling architecture behavioral of entity xil_defaultlib.Mux_8_way_4 [mux_8_way_4_default]
Compiling architecture behavioral of entity xil_defaultlib.Mux_2_way_4 [mux_2_way_4_default]
Compiling architecture behavioral of entity xil_defaultlib.Register_4 [register_4_default]
Compiling architecture behavioral of entity xil_defaultlib.Register_Bank_8 [register_bank_8_default]
Compiling architecture behavioral of entity xil_defaultlib.Processor [processor_default]
Compiling architecture behavioral of entity xil_defaultlib.tb_processor
Built simulation snapshot TB_Processor_behav
INFO: [USF-XSim-69] 'elaborate' step finished in '3' seconds
INFO: [USF-XSim-4] XSim::Simulate design
INFO: [USF-XSim-61] Executing 'SIMULATE' step in 'C:/Users/Yutharsan/Documents/GitHub/CODD-Nano-Processor/Nano Processor/Nano Processor.sim/sim_1/behav/xsim'
INFO: [USF-XSim-98] *** Running xsim
   with args "TB_Processor_behav -key {Behavioral:sim_1:Functional:TB_Processor} -tclbatch {TB_Processor.tcl} -log {simulate.log}"
INFO: [USF-XSim-8] Loading simulator feature
Vivado Simulator 2018.1
Time resolution is 1 ps
source TB_Processor.tcl
# set curr_wave [current_wave_config]
# if { [string length $curr_wave] == 0 } {
#   if { [llength [get_objects]] > 0} {
#     add_wave /
#     set_property needs_save false [current_wave_config]
#   } else {
#      send_msg_id Add_Wave-1 WARNING "No top level signals found. Simulator will start without a wave window. If you want to open a wave window go to 'File->New Waveform Configuration' or type 'create_wave_config' in the TCL console."
#   }
# }
# run 1000ns
INFO: [USF-XSim-96] XSim completed. Design snapshot 'TB_Processor_behav' loaded.
INFO: [USF-XSim-97] XSim simulation ran for 1000ns
launch_simulation: Time (s): cpu = 00:00:05 ; elapsed = 00:00:11 . Memory (MB): peak = 972.426 ; gain = 9.961
reset_run synth_1
WARNING: [Vivado 12-1017] Problems encountered:
1. Failed to delete one or more files in run directory C:/Users/Yutharsan/Documents/GitHub/CODD-Nano-Processor/Nano Processor/Nano Processor.runs/synth_1

launch_runs synth_1 -jobs 8
[Mon Apr 15 16:00:40 2024] Launched synth_1...
Run output will be captured here: C:/Users/Yutharsan/Documents/GitHub/CODD-Nano-Processor/Nano Processor/Nano Processor.runs/synth_1/runme.log
close_sim
INFO: [Simtcl 6-16] Simulation closed
launch_simulation
INFO: [Vivado 12-5682] Launching behavioral simulation in 'C:/Users/Yutharsan/Documents/GitHub/CODD-Nano-Processor/Nano Processor/Nano Processor.sim/sim_1/behav/xsim'
INFO: [SIM-utils-51] Simulation object is 'sim_1'
INFO: [SIM-utils-54] Inspecting design source files for 'TB_Processor' in fileset 'sim_1'...
INFO: [USF-XSim-97] Finding global include files...
INFO: [USF-XSim-98] Fetching design files from 'sim_1'...
INFO: [USF-XSim-2] XSim::Compile design
INFO: [USF-XSim-61] Executing 'COMPILE and ANALYZE' step in 'C:/Users/Yutharsan/Documents/GitHub/CODD-Nano-Processor/Nano Processor/Nano Processor.sim/sim_1/behav/xsim'
"xvhdl --incr --relax -prj TB_Processor_vhdl.prj"
INFO: [USF-XSim-69] 'compile' step finished in '2' seconds
INFO: [USF-XSim-3] XSim::Elaborate design
INFO: [USF-XSim-61] Executing 'ELABORATE' step in 'C:/Users/Yutharsan/Documents/GitHub/CODD-Nano-Processor/Nano Processor/Nano Processor.sim/sim_1/behav/xsim'
Vivado Simulator 2018.1
Copyright 1986-1999, 2001-2017 Xilinx, Inc. All Rights Reserved.
Running: C:/Xilinx/Vivado/2018.1/bin/unwrapped/win64.o/xelab.exe -wto f859496e7c524f28a834218ab560eb00 --incr --debug typical --relax --mt 2 -L xil_defaultlib -L secureip --snapshot TB_Processor_behav xil_defaultlib.TB_Processor -log elaborate.log 
Using 2 slave threads.
Starting static elaboration
Completed static elaboration
INFO: [XSIM 43-4323] No Change in HDL. Linking previously generated obj files to create kernel
INFO: [USF-XSim-69] 'elaborate' step finished in '3' seconds
INFO: [USF-XSim-4] XSim::Simulate design
INFO: [USF-XSim-61] Executing 'SIMULATE' step in 'C:/Users/Yutharsan/Documents/GitHub/CODD-Nano-Processor/Nano Processor/Nano Processor.sim/sim_1/behav/xsim'
INFO: [USF-XSim-98] *** Running xsim
   with args "TB_Processor_behav -key {Behavioral:sim_1:Functional:TB_Processor} -tclbatch {TB_Processor.tcl} -log {simulate.log}"
INFO: [USF-XSim-8] Loading simulator feature
Vivado Simulator 2018.1
Time resolution is 1 ps
source TB_Processor.tcl
# set curr_wave [current_wave_config]
# if { [string length $curr_wave] == 0 } {
#   if { [llength [get_objects]] > 0} {
#     add_wave /
#     set_property needs_save false [current_wave_config]
#   } else {
#      send_msg_id Add_Wave-1 WARNING "No top level signals found. Simulator will start without a wave window. If you want to open a wave window go to 'File->New Waveform Configuration' or type 'create_wave_config' in the TCL console."
#   }
# }
# run 1000ns
INFO: [USF-XSim-96] XSim completed. Design snapshot 'TB_Processor_behav' loaded.
INFO: [USF-XSim-97] XSim simulation ran for 1000ns
launch_simulation: Time (s): cpu = 00:00:05 ; elapsed = 00:00:08 . Memory (MB): peak = 985.852 ; gain = 0.000
launch_runs impl_1 -jobs 8
[Mon Apr 15 16:01:32 2024] Launched impl_1...
Run output will be captured here: C:/Users/Yutharsan/Documents/GitHub/CODD-Nano-Processor/Nano Processor/Nano Processor.runs/impl_1/runme.log
close_sim
INFO: [Simtcl 6-16] Simulation closed
launch_simulation
INFO: [Vivado 12-5682] Launching behavioral simulation in 'C:/Users/Yutharsan/Documents/GitHub/CODD-Nano-Processor/Nano Processor/Nano Processor.sim/sim_1/behav/xsim'
INFO: [SIM-utils-51] Simulation object is 'sim_1'
INFO: [SIM-utils-54] Inspecting design source files for 'TB_Processor' in fileset 'sim_1'...
INFO: [USF-XSim-97] Finding global include files...
INFO: [USF-XSim-98] Fetching design files from 'sim_1'...
INFO: [USF-XSim-2] XSim::Compile design
INFO: [USF-XSim-61] Executing 'COMPILE and ANALYZE' step in 'C:/Users/Yutharsan/Documents/GitHub/CODD-Nano-Processor/Nano Processor/Nano Processor.sim/sim_1/behav/xsim'
"xvhdl --incr --relax -prj TB_Processor_vhdl.prj"
INFO: [USF-XSim-69] 'compile' step finished in '2' seconds
INFO: [USF-XSim-3] XSim::Elaborate design
INFO: [USF-XSim-61] Executing 'ELABORATE' step in 'C:/Users/Yutharsan/Documents/GitHub/CODD-Nano-Processor/Nano Processor/Nano Processor.sim/sim_1/behav/xsim'
Vivado Simulator 2018.1
Copyright 1986-1999, 2001-2017 Xilinx, Inc. All Rights Reserved.
Running: C:/Xilinx/Vivado/2018.1/bin/unwrapped/win64.o/xelab.exe -wto f859496e7c524f28a834218ab560eb00 --incr --debug typical --relax --mt 2 -L xil_defaultlib -L secureip --snapshot TB_Processor_behav xil_defaultlib.TB_Processor -log elaborate.log 
Using 2 slave threads.
Starting static elaboration
Completed static elaboration
INFO: [XSIM 43-4323] No Change in HDL. Linking previously generated obj files to create kernel
INFO: [USF-XSim-69] 'elaborate' step finished in '3' seconds
INFO: [USF-XSim-4] XSim::Simulate design
INFO: [USF-XSim-61] Executing 'SIMULATE' step in 'C:/Users/Yutharsan/Documents/GitHub/CODD-Nano-Processor/Nano Processor/Nano Processor.sim/sim_1/behav/xsim'
INFO: [USF-XSim-98] *** Running xsim
   with args "TB_Processor_behav -key {Behavioral:sim_1:Functional:TB_Processor} -tclbatch {TB_Processor.tcl} -log {simulate.log}"
INFO: [USF-XSim-8] Loading simulator feature
Vivado Simulator 2018.1
Time resolution is 1 ps
source TB_Processor.tcl
# set curr_wave [current_wave_config]
# if { [string length $curr_wave] == 0 } {
#   if { [llength [get_objects]] > 0} {
#     add_wave /
#     set_property needs_save false [current_wave_config]
#   } else {
#      send_msg_id Add_Wave-1 WARNING "No top level signals found. Simulator will start without a wave window. If you want to open a wave window go to 'File->New Waveform Configuration' or type 'create_wave_config' in the TCL console."
#   }
# }
# run 1000ns
INFO: [USF-XSim-96] XSim completed. Design snapshot 'TB_Processor_behav' loaded.
INFO: [USF-XSim-97] XSim simulation ran for 1000ns
launch_simulation: Time (s): cpu = 00:00:03 ; elapsed = 00:00:08 . Memory (MB): peak = 985.852 ; gain = 0.000
open_run synth_1 -name synth_1
Design is defaulting to impl run constrset: constrs_1
Design is defaulting to synth run part: xc7a35tcpg236-1
INFO: [Netlist 29-17] Analyzing 3 Unisim elements for replacement
INFO: [Netlist 29-28] Unisim Transformation completed in 1 CPU seconds
INFO: [Project 1-479] Netlist was created with Vivado 2018.1
INFO: [Device 21-403] Loading part xc7a35tcpg236-1
INFO: [Project 1-570] Preparing netlist for logic optimization
INFO: [Opt 31-138] Pushed 0 inverter(s) to 0 load pin(s).
INFO: [Project 1-111] Unisim Transformation Summary:
No Unisim elements were transformed.

open_run: Time (s): cpu = 00:00:19 ; elapsed = 00:00:16 . Memory (MB): peak = 1372.848 ; gain = 386.996
close_design
open_run impl_1
INFO: [Netlist 29-17] Analyzing 3 Unisim elements for replacement
INFO: [Netlist 29-28] Unisim Transformation completed in 0 CPU seconds
INFO: [Project 1-479] Netlist was created with Vivado 2018.1
INFO: [Project 1-570] Preparing netlist for logic optimization
INFO: [Timing 38-478] Restoring timing data from binary archive.
INFO: [Timing 38-479] Binary timing data restore complete.
INFO: [Project 1-856] Restoring constraints from binary archive.
INFO: [Project 1-853] Binary constraint restore complete.
Reading XDEF placement.
Reading placer database...
Reading XDEF routing.
Read XDEF File: Time (s): cpu = 00:00:00 ; elapsed = 00:00:00.064 . Memory (MB): peak = 1848.512 ; gain = 0.000
Restored from archive | CPU: 0.000000 secs | Memory: 0.000000 MB |
Finished XDEF File Restore: Time (s): cpu = 00:00:00 ; elapsed = 00:00:00.064 . Memory (MB): peak = 1848.512 ; gain = 0.000
INFO: [Project 1-111] Unisim Transformation Summary:
No Unisim elements were transformed.

WARNING: [Timing 38-313] There are no user specified timing constraints. Timing constraints are needed for proper timing analysis.
close_sim
INFO: [Simtcl 6-16] Simulation closed
launch_simulation
INFO: [Vivado 12-5682] Launching behavioral simulation in 'C:/Users/Yutharsan/Documents/GitHub/CODD-Nano-Processor/Nano Processor/Nano Processor.sim/sim_1/behav/xsim'
INFO: [SIM-utils-51] Simulation object is 'sim_1'
INFO: [SIM-utils-54] Inspecting design source files for 'TB_Processor' in fileset 'sim_1'...
INFO: [USF-XSim-97] Finding global include files...
INFO: [USF-XSim-98] Fetching design files from 'sim_1'...
INFO: [USF-XSim-2] XSim::Compile design
INFO: [USF-XSim-61] Executing 'COMPILE and ANALYZE' step in 'C:/Users/Yutharsan/Documents/GitHub/CODD-Nano-Processor/Nano Processor/Nano Processor.sim/sim_1/behav/xsim'
"xvhdl --incr --relax -prj TB_Processor_vhdl.prj"
INFO: [VRFC 10-163] Analyzing VHDL file "C:/Users/Yutharsan/Documents/GitHub/CODD-Nano-Processor/Nano Processor/Nano Processor.srcs/sources_1/new/Components/ALU/ADD_3.vhd" into library xil_defaultlib
INFO: [VRFC 10-307] analyzing entity ADD_3
INFO: [VRFC 10-163] Analyzing VHDL file "C:/Users/Yutharsan/Documents/GitHub/CODD-Nano-Processor/Nano Processor/Nano Processor.srcs/sources_1/new/Processor.vhd" into library xil_defaultlib
INFO: [VRFC 10-307] analyzing entity Processor
INFO: [USF-XSim-69] 'compile' step finished in '3' seconds
INFO: [USF-XSim-3] XSim::Elaborate design
INFO: [USF-XSim-61] Executing 'ELABORATE' step in 'C:/Users/Yutharsan/Documents/GitHub/CODD-Nano-Processor/Nano Processor/Nano Processor.sim/sim_1/behav/xsim'
Vivado Simulator 2018.1
Copyright 1986-1999, 2001-2017 Xilinx, Inc. All Rights Reserved.
Running: C:/Xilinx/Vivado/2018.1/bin/unwrapped/win64.o/xelab.exe -wto f859496e7c524f28a834218ab560eb00 --incr --debug typical --relax --mt 2 -L xil_defaultlib -L secureip --snapshot TB_Processor_behav xil_defaultlib.TB_Processor -log elaborate.log 
Using 2 slave threads.
Starting static elaboration
Completed static elaboration
Starting simulation data flow analysis
Completed simulation data flow analysis
Time Resolution for simulation is 1ps
Compiling package std.standard
Compiling package std.textio
Compiling package ieee.std_logic_1164
Compiling package ieee.numeric_std
Compiling architecture behavioral of entity xil_defaultlib.Mux_2_way_1 [mux_2_way_1_default]
Compiling architecture behavioral of entity xil_defaultlib.D_FF [d_ff_default]
Compiling architecture behavioral of entity xil_defaultlib.Register_1 [register_1_default]
Compiling architecture behavioral of entity xil_defaultlib.Register_3 [register_3_default]
Compiling architecture behavioral of entity xil_defaultlib.Program_Counter_3 [program_counter_3_default]
Compiling architecture behavioral of entity xil_defaultlib.Mux_2_way_3 [mux_2_way_3_default]
Compiling architecture behavioral of entity xil_defaultlib.HA [ha_default]
Compiling architecture behavioral of entity xil_defaultlib.FA [fa_default]
Compiling architecture behavioral of entity xil_defaultlib.ADD_3 [add_3_default]
Compiling architecture behavioral of entity xil_defaultlib.Instruction_Decoder_12 [instruction_decoder_12_default]
Compiling architecture behavioral of entity xil_defaultlib.Program_ROM_8 [program_rom_8_default]
Compiling architecture behavioral of entity xil_defaultlib.ADD_SUB [add_sub_default]
Compiling architecture behavioral of entity xil_defaultlib.Decoder_2_to_4 [decoder_2_to_4_default]
Compiling architecture behavioral of entity xil_defaultlib.Decoder_3_to_8 [decoder_3_to_8_default]
Compiling architecture behavioral of entity xil_defaultlib.Mux_8_way_1 [mux_8_way_1_default]
Compiling architecture behavioral of entity xil_defaultlib.Mux_8_way_4 [mux_8_way_4_default]
Compiling architecture behavioral of entity xil_defaultlib.Mux_2_way_4 [mux_2_way_4_default]
Compiling architecture behavioral of entity xil_defaultlib.Register_4 [register_4_default]
Compiling architecture behavioral of entity xil_defaultlib.Register_Bank_8 [register_bank_8_default]
Compiling architecture behavioral of entity xil_defaultlib.Processor [processor_default]
Compiling architecture behavioral of entity xil_defaultlib.tb_processor
Built simulation snapshot TB_Processor_behav
INFO: [USF-XSim-69] 'elaborate' step finished in '3' seconds
INFO: [USF-XSim-4] XSim::Simulate design
INFO: [USF-XSim-61] Executing 'SIMULATE' step in 'C:/Users/Yutharsan/Documents/GitHub/CODD-Nano-Processor/Nano Processor/Nano Processor.sim/sim_1/behav/xsim'
INFO: [USF-XSim-98] *** Running xsim
   with args "TB_Processor_behav -key {Behavioral:sim_1:Functional:TB_Processor} -tclbatch {TB_Processor.tcl} -log {simulate.log}"
INFO: [USF-XSim-8] Loading simulator feature
Vivado Simulator 2018.1
Time resolution is 1 ps
source TB_Processor.tcl
# set curr_wave [current_wave_config]
# if { [string length $curr_wave] == 0 } {
#   if { [llength [get_objects]] > 0} {
#     add_wave /
#     set_property needs_save false [current_wave_config]
#   } else {
#      send_msg_id Add_Wave-1 WARNING "No top level signals found. Simulator will start without a wave window. If you want to open a wave window go to 'File->New Waveform Configuration' or type 'create_wave_config' in the TCL console."
#   }
# }
# run 1000ns
INFO: [USF-XSim-96] XSim completed. Design snapshot 'TB_Processor_behav' loaded.
INFO: [USF-XSim-97] XSim simulation ran for 1000ns
launch_simulation: Time (s): cpu = 00:00:05 ; elapsed = 00:00:10 . Memory (MB): peak = 1897.121 ; gain = 0.000
reset_run synth_1
WARNING: [Vivado 12-1017] Problems encountered:
1. Failed to delete one or more files in run directory C:/Users/Yutharsan/Documents/GitHub/CODD-Nano-Processor/Nano Processor/Nano Processor.runs/synth_1

launch_runs synth_1 -jobs 8
[Mon Apr 15 16:11:17 2024] Launched synth_1...
Run output will be captured here: C:/Users/Yutharsan/Documents/GitHub/CODD-Nano-Processor/Nano Processor/Nano Processor.runs/synth_1/runme.log
open_run synth_1 -name synth_1
Design is defaulting to impl run constrset: constrs_1
Design is defaulting to synth run part: xc7a35tcpg236-1
INFO: [Netlist 29-17] Analyzing 3 Unisim elements for replacement
INFO: [Netlist 29-28] Unisim Transformation completed in 0 CPU seconds
INFO: [Project 1-479] Netlist was created with Vivado 2018.1
INFO: [Project 1-570] Preparing netlist for logic optimization
INFO: [Opt 31-138] Pushed 0 inverter(s) to 0 load pin(s).
INFO: [Project 1-111] Unisim Transformation Summary:
No Unisim elements were transformed.

add_files -norecurse {{C:/Users/Yutharsan/Documents/GitHub/CODD-Nano-Processor/Nano Processor/Nano Processor.srcs/sources_1/new/Slow_Clk.vhd}}
update_compile_order -fileset sources_1
reset_run synth_1
WARNING: [Vivado 12-1017] Problems encountered:
1. Failed to delete one or more files in run directory C:/Users/Yutharsan/Documents/GitHub/CODD-Nano-Processor/Nano Processor/Nano Processor.runs/synth_1

launch_runs synth_1 -jobs 8
[Mon Apr 15 16:31:41 2024] Launched synth_1...
Run output will be captured here: C:/Users/Yutharsan/Documents/GitHub/CODD-Nano-Processor/Nano Processor/Nano Processor.runs/synth_1/runme.log
close_sim
INFO: [Simtcl 6-16] Simulation closed
exit
INFO: [Common 17-206] Exiting Vivado at Mon Apr 15 16:33:36 2024...
