#-----------------------------------------------------------
# Vivado v2018.1 (64-bit)
# SW Build 2188600 on Wed Apr  4 18:40:38 MDT 2018
# IP Build 2185939 on Wed Apr  4 20:55:05 MDT 2018
# Start of session at: Mon Apr 15 14:16:41 2024
# Process ID: 19424
# Current directory: C:/Users/Yutharsan/Documents/GitHub/CODD-Nano-Processor/Nano Processor
# Command line: vivado.exe -gui_launcher_event rodinguilauncherevent19068 C:\Users\Yutharsan\Documents\GitHub\CODD-Nano-Processor\Nano Processor\Nano Processor.xpr
# Log file: C:/Users/Yutharsan/Documents/GitHub/CODD-Nano-Processor/Nano Processor/vivado.log
# Journal file: C:/Users/Yutharsan/Documents/GitHub/CODD-Nano-Processor/Nano Processor\vivado.jou
#-----------------------------------------------------------
start_gui
open_project {C:/Users/Yutharsan/Documents/GitHub/CODD-Nano-Processor/Nano Processor/Nano Processor.xpr}
Scanning sources...
Finished scanning sources
INFO: [IP_Flow 19-234] Refreshing IP repositories
INFO: [IP_Flow 19-1704] No user IP repositories specified
INFO: [IP_Flow 19-2313] Loaded Vivado IP repository 'C:/Xilinx/Vivado/2018.1/data/ip'.
open_project: Time (s): cpu = 00:00:11 ; elapsed = 00:00:09 . Memory (MB): peak = 888.379 ; gain = 148.367
update_compile_order -fileset sources_1
reset_run synth_1
launch_runs synth_1 -jobs 2
[Mon Apr 15 14:18:14 2024] Launched synth_1...
Run output will be captured here: C:/Users/Yutharsan/Documents/GitHub/CODD-Nano-Processor/Nano Processor/Nano Processor.runs/synth_1/runme.log
launch_simulation
INFO: [Vivado 12-5682] Launching behavioral simulation in 'C:/Users/Yutharsan/Documents/GitHub/CODD-Nano-Processor/Nano Processor/Nano Processor.sim/sim_1/behav/xsim'
INFO: [SIM-utils-51] Simulation object is 'sim_1'
INFO: [SIM-utils-54] Inspecting design source files for 'TB_Processor' in fileset 'sim_1'...
INFO: [USF-XSim-97] Finding global include files...
INFO: [USF-XSim-98] Fetching design files from 'sim_1'...
INFO: [USF-XSim-2] XSim::Compile design
INFO: [USF-XSim-61] Executing 'COMPILE and ANALYZE' step in 'C:/Users/Yutharsan/Documents/GitHub/CODD-Nano-Processor/Nano Processor/Nano Processor.sim/sim_1/behav/xsim'
"xvhdl --incr --relax -prj TB_Processor_vhdl.prj"
INFO: [VRFC 10-163] Analyzing VHDL file "C:/Users/Yutharsan/Documents/GitHub/CODD-Nano-Processor/Nano Processor/Nano Processor.srcs/sources_1/new/Processor.vhd" into library xil_defaultlib
INFO: [VRFC 10-307] analyzing entity Processor
INFO: [USF-XSim-69] 'compile' step finished in '3' seconds
INFO: [USF-XSim-3] XSim::Elaborate design
INFO: [USF-XSim-61] Executing 'ELABORATE' step in 'C:/Users/Yutharsan/Documents/GitHub/CODD-Nano-Processor/Nano Processor/Nano Processor.sim/sim_1/behav/xsim'
Vivado Simulator 2018.1
Copyright 1986-1999, 2001-2017 Xilinx, Inc. All Rights Reserved.
Running: C:/Xilinx/Vivado/2018.1/bin/unwrapped/win64.o/xelab.exe -wto f859496e7c524f28a834218ab560eb00 --incr --debug typical --relax --mt 2 -L xil_defaultlib -L secureip --snapshot TB_Processor_behav xil_defaultlib.TB_Processor -log elaborate.log 
Using 2 slave threads.
Starting static elaboration
Completed static elaboration
Starting simulation data flow analysis
Completed simulation data flow analysis
Time Resolution for simulation is 1ps
Compiling package std.standard
Compiling package std.textio
Compiling package ieee.std_logic_1164
Compiling package ieee.numeric_std
Compiling architecture behavioral of entity xil_defaultlib.Mux_2_way_1 [mux_2_way_1_default]
Compiling architecture behavioral of entity xil_defaultlib.D_FF [d_ff_default]
Compiling architecture behavioral of entity xil_defaultlib.Register_1 [register_1_default]
Compiling architecture behavioral of entity xil_defaultlib.Register_3 [register_3_default]
Compiling architecture behavioral of entity xil_defaultlib.Program_Counter_3 [program_counter_3_default]
Compiling architecture behavioral of entity xil_defaultlib.Mux_2_way_3 [mux_2_way_3_default]
Compiling architecture behavioral of entity xil_defaultlib.HA [ha_default]
Compiling architecture behavioral of entity xil_defaultlib.FA [fa_default]
Compiling architecture behavioral of entity xil_defaultlib.ADD_3 [add_3_default]
Compiling architecture behavioral of entity xil_defaultlib.Instruction_Decoder_12 [instruction_decoder_12_default]
Compiling architecture behavioral of entity xil_defaultlib.Program_ROM_8 [program_rom_8_default]
Compiling architecture behavioral of entity xil_defaultlib.ADD_SUB [add_sub_default]
Compiling architecture behavioral of entity xil_defaultlib.Decoder_2_to_4 [decoder_2_to_4_default]
Compiling architecture behavioral of entity xil_defaultlib.Decoder_3_to_8 [decoder_3_to_8_default]
Compiling architecture behavioral of entity xil_defaultlib.Mux_8_way_1 [mux_8_way_1_default]
Compiling architecture behavioral of entity xil_defaultlib.Mux_8_way_4 [mux_8_way_4_default]
Compiling architecture behavioral of entity xil_defaultlib.Mux_2_way_4 [mux_2_way_4_default]
Compiling architecture behavioral of entity xil_defaultlib.Register_4 [register_4_default]
Compiling architecture behavioral of entity xil_defaultlib.Register_Bank_8 [register_bank_8_default]
Compiling architecture behavioral of entity xil_defaultlib.Processor [processor_default]
Compiling architecture behavioral of entity xil_defaultlib.tb_processor
Built simulation snapshot TB_Processor_behav
INFO: [USF-XSim-69] 'elaborate' step finished in '4' seconds
INFO: [USF-XSim-4] XSim::Simulate design
INFO: [USF-XSim-61] Executing 'SIMULATE' step in 'C:/Users/Yutharsan/Documents/GitHub/CODD-Nano-Processor/Nano Processor/Nano Processor.sim/sim_1/behav/xsim'
INFO: [USF-XSim-98] *** Running xsim
   with args "TB_Processor_behav -key {Behavioral:sim_1:Functional:TB_Processor} -tclbatch {TB_Processor.tcl} -log {simulate.log}"
INFO: [USF-XSim-8] Loading simulator feature
Vivado Simulator 2018.1
Time resolution is 1 ps
source TB_Processor.tcl
# set curr_wave [current_wave_config]
# if { [string length $curr_wave] == 0 } {
#   if { [llength [get_objects]] > 0} {
#     add_wave /
#     set_property needs_save false [current_wave_config]
#   } else {
#      send_msg_id Add_Wave-1 WARNING "No top level signals found. Simulator will start without a wave window. If you want to open a wave window go to 'File->New Waveform Configuration' or type 'create_wave_config' in the TCL console."
#   }
# }
# run 1000ns
Error: Negation fails for R2
Time: 160 ns  Iteration: 0  Process: /TB_Processor/line__70  File: C:/Users/Yutharsan/Documents/GitHub/CODD-Nano-Processor/Nano Processor/Nano Processor.srcs/sim_1/new/TB_Processor.vhd
Error: Addition fails for R1 = R1 + R2
Time: 180 ns  Iteration: 0  Process: /TB_Processor/line__70  File: C:/Users/Yutharsan/Documents/GitHub/CODD-Nano-Processor/Nano Processor/Nano Processor.srcs/sim_1/new/TB_Processor.vhd
Error: Addition fails for R1 = R1 + R2
Time: 240 ns  Iteration: 0  Process: /TB_Processor/line__70  File: C:/Users/Yutharsan/Documents/GitHub/CODD-Nano-Processor/Nano Processor/Nano Processor.srcs/sim_1/new/TB_Processor.vhd
Error: Addition fails for R1 = R1 + R2
Time: 300 ns  Iteration: 0  Process: /TB_Processor/line__70  File: C:/Users/Yutharsan/Documents/GitHub/CODD-Nano-Processor/Nano Processor/Nano Processor.srcs/sim_1/new/TB_Processor.vhd
INFO: [USF-XSim-96] XSim completed. Design snapshot 'TB_Processor_behav' loaded.
INFO: [USF-XSim-97] XSim simulation ran for 1000ns
launch_simulation: Time (s): cpu = 00:00:06 ; elapsed = 00:00:12 . Memory (MB): peak = 933.094 ; gain = 18.988
close_sim
INFO: [Simtcl 6-16] Simulation closed
launch_simulation
INFO: [Vivado 12-5682] Launching behavioral simulation in 'C:/Users/Yutharsan/Documents/GitHub/CODD-Nano-Processor/Nano Processor/Nano Processor.sim/sim_1/behav/xsim'
INFO: [SIM-utils-51] Simulation object is 'sim_1'
INFO: [SIM-utils-54] Inspecting design source files for 'TB_Processor' in fileset 'sim_1'...
INFO: [USF-XSim-97] Finding global include files...
INFO: [USF-XSim-98] Fetching design files from 'sim_1'...
INFO: [USF-XSim-2] XSim::Compile design
INFO: [USF-XSim-61] Executing 'COMPILE and ANALYZE' step in 'C:/Users/Yutharsan/Documents/GitHub/CODD-Nano-Processor/Nano Processor/Nano Processor.sim/sim_1/behav/xsim'
"xvhdl --incr --relax -prj TB_Processor_vhdl.prj"
INFO: [VRFC 10-163] Analyzing VHDL file "C:/Users/Yutharsan/Documents/GitHub/CODD-Nano-Processor/Nano Processor/Nano Processor.srcs/sim_1/new/TB_Processor.vhd" into library xil_defaultlib
INFO: [VRFC 10-307] analyzing entity TB_Processor
INFO: [USF-XSim-69] 'compile' step finished in '3' seconds
INFO: [USF-XSim-3] XSim::Elaborate design
INFO: [USF-XSim-61] Executing 'ELABORATE' step in 'C:/Users/Yutharsan/Documents/GitHub/CODD-Nano-Processor/Nano Processor/Nano Processor.sim/sim_1/behav/xsim'
Vivado Simulator 2018.1
Copyright 1986-1999, 2001-2017 Xilinx, Inc. All Rights Reserved.
Running: C:/Xilinx/Vivado/2018.1/bin/unwrapped/win64.o/xelab.exe -wto f859496e7c524f28a834218ab560eb00 --incr --debug typical --relax --mt 2 -L xil_defaultlib -L secureip --snapshot TB_Processor_behav xil_defaultlib.TB_Processor -log elaborate.log 
Using 2 slave threads.
Starting static elaboration
Completed static elaboration
Starting simulation data flow analysis
Completed simulation data flow analysis
Time Resolution for simulation is 1ps
Compiling package std.standard
Compiling package std.textio
Compiling package ieee.std_logic_1164
Compiling package ieee.numeric_std
Compiling architecture behavioral of entity xil_defaultlib.Mux_2_way_1 [mux_2_way_1_default]
Compiling architecture behavioral of entity xil_defaultlib.D_FF [d_ff_default]
Compiling architecture behavioral of entity xil_defaultlib.Register_1 [register_1_default]
Compiling architecture behavioral of entity xil_defaultlib.Register_3 [register_3_default]
Compiling architecture behavioral of entity xil_defaultlib.Program_Counter_3 [program_counter_3_default]
Compiling architecture behavioral of entity xil_defaultlib.Mux_2_way_3 [mux_2_way_3_default]
Compiling architecture behavioral of entity xil_defaultlib.HA [ha_default]
Compiling architecture behavioral of entity xil_defaultlib.FA [fa_default]
Compiling architecture behavioral of entity xil_defaultlib.ADD_3 [add_3_default]
Compiling architecture behavioral of entity xil_defaultlib.Instruction_Decoder_12 [instruction_decoder_12_default]
Compiling architecture behavioral of entity xil_defaultlib.Program_ROM_8 [program_rom_8_default]
Compiling architecture behavioral of entity xil_defaultlib.ADD_SUB [add_sub_default]
Compiling architecture behavioral of entity xil_defaultlib.Decoder_2_to_4 [decoder_2_to_4_default]
Compiling architecture behavioral of entity xil_defaultlib.Decoder_3_to_8 [decoder_3_to_8_default]
Compiling architecture behavioral of entity xil_defaultlib.Mux_8_way_1 [mux_8_way_1_default]
Compiling architecture behavioral of entity xil_defaultlib.Mux_8_way_4 [mux_8_way_4_default]
Compiling architecture behavioral of entity xil_defaultlib.Mux_2_way_4 [mux_2_way_4_default]
Compiling architecture behavioral of entity xil_defaultlib.Register_4 [register_4_default]
Compiling architecture behavioral of entity xil_defaultlib.Register_Bank_8 [register_bank_8_default]
Compiling architecture behavioral of entity xil_defaultlib.Processor [processor_default]
Compiling architecture behavioral of entity xil_defaultlib.tb_processor
Built simulation snapshot TB_Processor_behav
INFO: [USF-XSim-69] 'elaborate' step finished in '3' seconds
INFO: [USF-XSim-4] XSim::Simulate design
INFO: [USF-XSim-61] Executing 'SIMULATE' step in 'C:/Users/Yutharsan/Documents/GitHub/CODD-Nano-Processor/Nano Processor/Nano Processor.sim/sim_1/behav/xsim'
INFO: [USF-XSim-98] *** Running xsim
   with args "TB_Processor_behav -key {Behavioral:sim_1:Functional:TB_Processor} -tclbatch {TB_Processor.tcl} -log {simulate.log}"
INFO: [USF-XSim-8] Loading simulator feature
Vivado Simulator 2018.1
Time resolution is 1 ps
source TB_Processor.tcl
# set curr_wave [current_wave_config]
# if { [string length $curr_wave] == 0 } {
#   if { [llength [get_objects]] > 0} {
#     add_wave /
#     set_property needs_save false [current_wave_config]
#   } else {
#      send_msg_id Add_Wave-1 WARNING "No top level signals found. Simulator will start without a wave window. If you want to open a wave window go to 'File->New Waveform Configuration' or type 'create_wave_config' in the TCL console."
#   }
# }
# run 1000ns
Error: Negation fails for R2
Time: 320 ns  Iteration: 0  Process: /TB_Processor/line__70  File: C:/Users/Yutharsan/Documents/GitHub/CODD-Nano-Processor/Nano Processor/Nano Processor.srcs/sim_1/new/TB_Processor.vhd
Error: Addition fails for R1 = R1 + R2
Time: 360 ns  Iteration: 0  Process: /TB_Processor/line__70  File: C:/Users/Yutharsan/Documents/GitHub/CODD-Nano-Processor/Nano Processor/Nano Processor.srcs/sim_1/new/TB_Processor.vhd
Error: Addition fails for R1 = R1 + R2
Time: 480 ns  Iteration: 0  Process: /TB_Processor/line__70  File: C:/Users/Yutharsan/Documents/GitHub/CODD-Nano-Processor/Nano Processor/Nano Processor.srcs/sim_1/new/TB_Processor.vhd
Error: Addition fails for R1 = R1 + R2
Time: 600 ns  Iteration: 0  Process: /TB_Processor/line__70  File: C:/Users/Yutharsan/Documents/GitHub/CODD-Nano-Processor/Nano Processor/Nano Processor.srcs/sim_1/new/TB_Processor.vhd
INFO: [USF-XSim-96] XSim completed. Design snapshot 'TB_Processor_behav' loaded.
INFO: [USF-XSim-97] XSim simulation ran for 1000ns
launch_simulation: Time (s): cpu = 00:00:03 ; elapsed = 00:00:09 . Memory (MB): peak = 938.852 ; gain = 1.172
close_sim
INFO: [Simtcl 6-16] Simulation closed
launch_simulation
INFO: [Vivado 12-5682] Launching behavioral simulation in 'C:/Users/Yutharsan/Documents/GitHub/CODD-Nano-Processor/Nano Processor/Nano Processor.sim/sim_1/behav/xsim'
INFO: [SIM-utils-51] Simulation object is 'sim_1'
INFO: [SIM-utils-54] Inspecting design source files for 'TB_Processor' in fileset 'sim_1'...
INFO: [USF-XSim-97] Finding global include files...
INFO: [USF-XSim-98] Fetching design files from 'sim_1'...
INFO: [USF-XSim-2] XSim::Compile design
INFO: [USF-XSim-61] Executing 'COMPILE and ANALYZE' step in 'C:/Users/Yutharsan/Documents/GitHub/CODD-Nano-Processor/Nano Processor/Nano Processor.sim/sim_1/behav/xsim'
"xvhdl --incr --relax -prj TB_Processor_vhdl.prj"
INFO: [VRFC 10-163] Analyzing VHDL file "C:/Users/Yutharsan/Documents/GitHub/CODD-Nano-Processor/Nano Processor/Nano Processor.srcs/sources_1/new/Components/Instruction_Decoder_12.vhd" into library xil_defaultlib
INFO: [VRFC 10-307] analyzing entity Instruction_Decoder_12
INFO: [VRFC 10-163] Analyzing VHDL file "C:/Users/Yutharsan/Documents/GitHub/CODD-Nano-Processor/Nano Processor/Nano Processor.srcs/sources_1/new/Processor.vhd" into library xil_defaultlib
INFO: [VRFC 10-307] analyzing entity Processor
INFO: [USF-XSim-69] 'compile' step finished in '2' seconds
INFO: [USF-XSim-3] XSim::Elaborate design
INFO: [USF-XSim-61] Executing 'ELABORATE' step in 'C:/Users/Yutharsan/Documents/GitHub/CODD-Nano-Processor/Nano Processor/Nano Processor.sim/sim_1/behav/xsim'
Vivado Simulator 2018.1
Copyright 1986-1999, 2001-2017 Xilinx, Inc. All Rights Reserved.
Running: C:/Xilinx/Vivado/2018.1/bin/unwrapped/win64.o/xelab.exe -wto f859496e7c524f28a834218ab560eb00 --incr --debug typical --relax --mt 2 -L xil_defaultlib -L secureip --snapshot TB_Processor_behav xil_defaultlib.TB_Processor -log elaborate.log 
Using 2 slave threads.
Starting static elaboration
Completed static elaboration
Starting simulation data flow analysis
Completed simulation data flow analysis
Time Resolution for simulation is 1ps
Compiling package std.standard
Compiling package std.textio
Compiling package ieee.std_logic_1164
Compiling package ieee.numeric_std
Compiling architecture behavioral of entity xil_defaultlib.Mux_2_way_1 [mux_2_way_1_default]
Compiling architecture behavioral of entity xil_defaultlib.D_FF [d_ff_default]
Compiling architecture behavioral of entity xil_defaultlib.Register_1 [register_1_default]
Compiling architecture behavioral of entity xil_defaultlib.Register_3 [register_3_default]
Compiling architecture behavioral of entity xil_defaultlib.Program_Counter_3 [program_counter_3_default]
Compiling architecture behavioral of entity xil_defaultlib.Mux_2_way_3 [mux_2_way_3_default]
Compiling architecture behavioral of entity xil_defaultlib.HA [ha_default]
Compiling architecture behavioral of entity xil_defaultlib.FA [fa_default]
Compiling architecture behavioral of entity xil_defaultlib.ADD_3 [add_3_default]
Compiling architecture behavioral of entity xil_defaultlib.Instruction_Decoder_12 [instruction_decoder_12_default]
Compiling architecture behavioral of entity xil_defaultlib.Program_ROM_8 [program_rom_8_default]
Compiling architecture behavioral of entity xil_defaultlib.ADD_SUB [add_sub_default]
Compiling architecture behavioral of entity xil_defaultlib.Decoder_2_to_4 [decoder_2_to_4_default]
Compiling architecture behavioral of entity xil_defaultlib.Decoder_3_to_8 [decoder_3_to_8_default]
Compiling architecture behavioral of entity xil_defaultlib.Mux_8_way_1 [mux_8_way_1_default]
Compiling architecture behavioral of entity xil_defaultlib.Mux_8_way_4 [mux_8_way_4_default]
Compiling architecture behavioral of entity xil_defaultlib.Mux_2_way_4 [mux_2_way_4_default]
Compiling architecture behavioral of entity xil_defaultlib.Register_4 [register_4_default]
Compiling architecture behavioral of entity xil_defaultlib.Register_Bank_8 [register_bank_8_default]
Compiling architecture behavioral of entity xil_defaultlib.Processor [processor_default]
Compiling architecture behavioral of entity xil_defaultlib.tb_processor
Built simulation snapshot TB_Processor_behav
INFO: [USF-XSim-69] 'elaborate' step finished in '4' seconds
INFO: [USF-XSim-4] XSim::Simulate design
INFO: [USF-XSim-61] Executing 'SIMULATE' step in 'C:/Users/Yutharsan/Documents/GitHub/CODD-Nano-Processor/Nano Processor/Nano Processor.sim/sim_1/behav/xsim'
INFO: [USF-XSim-98] *** Running xsim
   with args "TB_Processor_behav -key {Behavioral:sim_1:Functional:TB_Processor} -tclbatch {TB_Processor.tcl} -log {simulate.log}"
INFO: [USF-XSim-8] Loading simulator feature
Vivado Simulator 2018.1
Time resolution is 1 ps
source TB_Processor.tcl
# set curr_wave [current_wave_config]
# if { [string length $curr_wave] == 0 } {
#   if { [llength [get_objects]] > 0} {
#     add_wave /
#     set_property needs_save false [current_wave_config]
#   } else {
#      send_msg_id Add_Wave-1 WARNING "No top level signals found. Simulator will start without a wave window. If you want to open a wave window go to 'File->New Waveform Configuration' or type 'create_wave_config' in the TCL console."
#   }
# }
# run 1000ns
INFO: [USF-XSim-96] XSim completed. Design snapshot 'TB_Processor_behav' loaded.
INFO: [USF-XSim-97] XSim simulation ran for 1000ns
launch_simulation: Time (s): cpu = 00:00:03 ; elapsed = 00:00:09 . Memory (MB): peak = 944.820 ; gain = 0.246
reset_run synth_1
WARNING: [Vivado 12-1017] Problems encountered:
1. Failed to delete one or more files in run directory C:/Users/Yutharsan/Documents/GitHub/CODD-Nano-Processor/Nano Processor/Nano Processor.runs/synth_1

launch_runs synth_1 -jobs 2
[Mon Apr 15 14:30:59 2024] Launched synth_1...
Run output will be captured here: C:/Users/Yutharsan/Documents/GitHub/CODD-Nano-Processor/Nano Processor/Nano Processor.runs/synth_1/runme.log
