Copyright 1986-2018 Xilinx, Inc. All Rights Reserved.
--------------------------------------------------------------------------------------------------------------------------------------------------------------------------------------------
| Tool Version : Vivado v.2018.1 (win64) Build 2188600 Wed Apr  4 18:40:38 MDT 2018
| Date         : Mon May  6 16:07:48 2024
| Host         : Yutharsan-Ideapad running 64-bit major release  (build 9200)
| Command      : report_timing_summary -max_paths 10 -file Display_timing_summary_routed.rpt -pb Display_timing_summary_routed.pb -rpx Display_timing_summary_routed.rpx -warn_on_violation
| Design       : Display
| Device       : 7a35t-cpg236
| Speed File   : -1  PRODUCTION 1.21 2018-02-08
--------------------------------------------------------------------------------------------------------------------------------------------------------------------------------------------

Timing Summary Report

------------------------------------------------------------------------------------------------
| Timer Settings
| --------------
------------------------------------------------------------------------------------------------

  Enable Multi Corner Analysis               :  Yes
  Enable Pessimism Removal                   :  Yes
  Pessimism Removal Resolution               :  Nearest Common Node
  Enable Input Delay Default Clock           :  No
  Enable Preset / Clear Arcs                 :  No
  Disable Flight Delays                      :  No
  Ignore I/O Paths                           :  No
  Timing Early Launch at Borrowing Latches   :  false

  Corner  Analyze    Analyze    
  Name    Max Paths  Min Paths  
  ------  ---------  ---------  
  Slow    Yes        Yes        
  Fast    Yes        Yes        



check_timing report

Table of Contents
-----------------
1. checking no_clock
2. checking constant_clock
3. checking pulse_width_clock
4. checking unconstrained_internal_endpoints
5. checking no_input_delay
6. checking no_output_delay
7. checking multiple_clock
8. checking generated_clocks
9. checking loops
10. checking partial_input_delay
11. checking partial_output_delay
12. checking latch_loops

1. checking no_clock
--------------------
 There are 15 register/latch pins with no clock driven by root clock pin: slow_clk_inst/Clk_out_reg/Q (HIGH)


2. checking constant_clock
--------------------------
 There are 0 register/latch pins with constant_clock.


3. checking pulse_width_clock
-----------------------------
 There are 0 register/latch pins which need pulse_width check


4. checking unconstrained_internal_endpoints
--------------------------------------------
 There are 39 pins that are not constrained for maximum delay. (HIGH)

 There are 0 pins that are not constrained for maximum delay due to constant clock.


5. checking no_input_delay
--------------------------
 There are 2 input ports with no input delay specified. (HIGH)

 There are 0 input ports with no input delay but user has a false path constraint.


6. checking no_output_delay
---------------------------
 There are 14 ports with no output delay specified. (HIGH)

 There are 0 ports with no output delay but user has a false path constraint

 There are 0 ports with no output delay but with a timing clock defined on it or propagating through it


7. checking multiple_clock
--------------------------
 There are 0 register/latch pins with multiple clocks.


8. checking generated_clocks
----------------------------
 There are 0 generated clocks that are not connected to a clock source.


9. checking loops
-----------------
 There are 0 combinational loops in the design.


10. checking partial_input_delay
--------------------------------
 There are 0 input ports with partial input delay specified.


11. checking partial_output_delay
---------------------------------
 There are 0 ports with partial output delay specified.


12. checking latch_loops
------------------------
 There are 0 combinational latch loops in the design through latch input



------------------------------------------------------------------------------------------------
| Design Timing Summary
| ---------------------
------------------------------------------------------------------------------------------------

    WNS(ns)      TNS(ns)  TNS Failing Endpoints  TNS Total Endpoints      WHS(ns)      THS(ns)  THS Failing Endpoints  THS Total Endpoints     WPWS(ns)     TPWS(ns)  TPWS Failing Endpoints  TPWS Total Endpoints  
    -------      -------  ---------------------  -------------------      -------      -------  ---------------------  -------------------     --------     --------  ----------------------  --------------------  
      5.233        0.000                      0                   65        0.265        0.000                      0                   65        4.500        0.000                       0                    35  


All user specified timing constraints are met.


------------------------------------------------------------------------------------------------
| Clock Summary
| -------------
------------------------------------------------------------------------------------------------

Clock        Waveform(ns)       Period(ns)      Frequency(MHz)
-----        ------------       ----------      --------------
sys_clk_pin  {0.000 5.000}      10.000          100.000         


------------------------------------------------------------------------------------------------
| Intra Clock Table
| -----------------
------------------------------------------------------------------------------------------------

Clock             WNS(ns)      TNS(ns)  TNS Failing Endpoints  TNS Total Endpoints      WHS(ns)      THS(ns)  THS Failing Endpoints  THS Total Endpoints     WPWS(ns)     TPWS(ns)  TPWS Failing Endpoints  TPWS Total Endpoints  
-----             -------      -------  ---------------------  -------------------      -------      -------  ---------------------  -------------------     --------     --------  ----------------------  --------------------  
sys_clk_pin         5.233        0.000                      0                   65        0.265        0.000                      0                   65        4.500        0.000                       0                    35  


------------------------------------------------------------------------------------------------
| Inter Clock Table
| -----------------
------------------------------------------------------------------------------------------------

From Clock    To Clock          WNS(ns)      TNS(ns)  TNS Failing Endpoints  TNS Total Endpoints      WHS(ns)      THS(ns)  THS Failing Endpoints  THS Total Endpoints  
----------    --------          -------      -------  ---------------------  -------------------      -------      -------  ---------------------  -------------------  


------------------------------------------------------------------------------------------------
| Other Path Groups Table
| -----------------------
------------------------------------------------------------------------------------------------

Path Group    From Clock    To Clock          WNS(ns)      TNS(ns)  TNS Failing Endpoints  TNS Total Endpoints      WHS(ns)      THS(ns)  THS Failing Endpoints  THS Total Endpoints  
----------    ----------    --------          -------      -------  ---------------------  -------------------      -------      -------  ---------------------  -------------------  


------------------------------------------------------------------------------------------------
| Timing Details
| --------------
------------------------------------------------------------------------------------------------


---------------------------------------------------------------------------------------------------
From Clock:  sys_clk_pin
  To Clock:  sys_clk_pin

Setup :            0  Failing Endpoints,  Worst Slack        5.233ns,  Total Violation        0.000ns
Hold  :            0  Failing Endpoints,  Worst Slack        0.265ns,  Total Violation        0.000ns
PW    :            0  Failing Endpoints,  Worst Slack        4.500ns,  Total Violation        0.000ns
---------------------------------------------------------------------------------------------------


Max Delay Paths
--------------------------------------------------------------------------------------
Slack (MET) :             5.233ns  (required time - arrival time)
  Source:                 slow_clk_inst/count_reg[4]/C
                            (rising edge-triggered cell FDRE clocked by sys_clk_pin  {rise@0.000ns fall@5.000ns period=10.000ns})
  Destination:            slow_clk_inst/count_reg[1]/R
                            (rising edge-triggered cell FDRE clocked by sys_clk_pin  {rise@0.000ns fall@5.000ns period=10.000ns})
  Path Group:             sys_clk_pin
  Path Type:              Setup (Max at Slow Process Corner)
  Requirement:            10.000ns  (sys_clk_pin rise@10.000ns - sys_clk_pin rise@0.000ns)
  Data Path Delay:        4.208ns  (logic 1.118ns (26.568%)  route 3.090ns (73.432%))
  Logic Levels:           3  (LUT4=2 LUT5=1)
  Clock Path Skew:        0.000ns (DCD - SCD + CPR)
    Destination Clock Delay (DCD):    4.779ns = ( 14.779 - 10.000 ) 
    Source Clock Delay      (SCD):    5.078ns
    Clock Pessimism Removal (CPR):    0.299ns
  Clock Uncertainty:      0.035ns  ((TSJ^2 + TIJ^2)^1/2 + DJ) / 2 + PE
    Total System Jitter     (TSJ):    0.071ns
    Total Input Jitter      (TIJ):    0.000ns
    Discrete Jitter          (DJ):    0.000ns
    Phase Error              (PE):    0.000ns

    Location             Delay type                Incr(ns)  Path(ns)    Netlist Resource(s)
  -------------------------------------------------------------------    -------------------
                         (clock sys_clk_pin rise edge)
                                                      0.000     0.000 r  
    W5                                                0.000     0.000 r  Clk (IN)
                         net (fo=0)                   0.000     0.000    Clk
    W5                   IBUF (Prop_ibuf_I_O)         1.458     1.458 r  Clk_IBUF_inst/O
                         net (fo=1, routed)           1.967     3.425    Clk_IBUF
    BUFGCTRL_X0Y0        BUFG (Prop_bufg_I_O)         0.096     3.521 r  Clk_IBUF_BUFG_inst/O
                         net (fo=34, routed)          1.557     5.078    slow_clk_inst/Clk_IBUF_BUFG
    SLICE_X30Y16         FDRE                                         r  slow_clk_inst/count_reg[4]/C
  -------------------------------------------------------------------    -------------------
    SLICE_X30Y16         FDRE (Prop_fdre_C_Q)         0.518     5.596 f  slow_clk_inst/count_reg[4]/Q
                         net (fo=2, routed)           0.808     6.405    slow_clk_inst/count[4]
    SLICE_X31Y17         LUT4 (Prop_lut4_I1_O)        0.124     6.529 f  slow_clk_inst/count[31]_i_7/O
                         net (fo=1, routed)           0.433     6.961    slow_clk_inst/count[31]_i_7_n_0
    SLICE_X31Y17         LUT5 (Prop_lut5_I4_O)        0.150     7.111 f  slow_clk_inst/count[31]_i_3/O
                         net (fo=3, routed)           0.870     7.982    slow_clk_inst/count[31]_i_3_n_0
    SLICE_X31Y22         LUT4 (Prop_lut4_I1_O)        0.326     8.308 r  slow_clk_inst/count[31]_i_1/O
                         net (fo=31, routed)          0.979     9.286    slow_clk_inst/count[31]_i_1_n_0
    SLICE_X30Y16         FDRE                                         r  slow_clk_inst/count_reg[1]/R
  -------------------------------------------------------------------    -------------------

                         (clock sys_clk_pin rise edge)
                                                     10.000    10.000 r  
    W5                                                0.000    10.000 r  Clk (IN)
                         net (fo=0)                   0.000    10.000    Clk
    W5                   IBUF (Prop_ibuf_I_O)         1.388    11.388 r  Clk_IBUF_inst/O
                         net (fo=1, routed)           1.862    13.250    Clk_IBUF
    BUFGCTRL_X0Y0        BUFG (Prop_bufg_I_O)         0.091    13.341 r  Clk_IBUF_BUFG_inst/O
                         net (fo=34, routed)          1.438    14.779    slow_clk_inst/Clk_IBUF_BUFG
    SLICE_X30Y16         FDRE                                         r  slow_clk_inst/count_reg[1]/C
                         clock pessimism              0.299    15.078    
                         clock uncertainty           -0.035    15.043    
    SLICE_X30Y16         FDRE (Setup_fdre_C_R)       -0.524    14.519    slow_clk_inst/count_reg[1]
  -------------------------------------------------------------------
                         required time                         14.519    
                         arrival time                          -9.286    
  -------------------------------------------------------------------
                         slack                                  5.233    

Slack (MET) :             5.233ns  (required time - arrival time)
  Source:                 slow_clk_inst/count_reg[4]/C
                            (rising edge-triggered cell FDRE clocked by sys_clk_pin  {rise@0.000ns fall@5.000ns period=10.000ns})
  Destination:            slow_clk_inst/count_reg[2]/R
                            (rising edge-triggered cell FDRE clocked by sys_clk_pin  {rise@0.000ns fall@5.000ns period=10.000ns})
  Path Group:             sys_clk_pin
  Path Type:              Setup (Max at Slow Process Corner)
  Requirement:            10.000ns  (sys_clk_pin rise@10.000ns - sys_clk_pin rise@0.000ns)
  Data Path Delay:        4.208ns  (logic 1.118ns (26.568%)  route 3.090ns (73.432%))
  Logic Levels:           3  (LUT4=2 LUT5=1)
  Clock Path Skew:        0.000ns (DCD - SCD + CPR)
    Destination Clock Delay (DCD):    4.779ns = ( 14.779 - 10.000 ) 
    Source Clock Delay      (SCD):    5.078ns
    Clock Pessimism Removal (CPR):    0.299ns
  Clock Uncertainty:      0.035ns  ((TSJ^2 + TIJ^2)^1/2 + DJ) / 2 + PE
    Total System Jitter     (TSJ):    0.071ns
    Total Input Jitter      (TIJ):    0.000ns
    Discrete Jitter          (DJ):    0.000ns
    Phase Error              (PE):    0.000ns

    Location             Delay type                Incr(ns)  Path(ns)    Netlist Resource(s)
  -------------------------------------------------------------------    -------------------
                         (clock sys_clk_pin rise edge)
                                                      0.000     0.000 r  
    W5                                                0.000     0.000 r  Clk (IN)
                         net (fo=0)                   0.000     0.000    Clk
    W5                   IBUF (Prop_ibuf_I_O)         1.458     1.458 r  Clk_IBUF_inst/O
                         net (fo=1, routed)           1.967     3.425    Clk_IBUF
    BUFGCTRL_X0Y0        BUFG (Prop_bufg_I_O)         0.096     3.521 r  Clk_IBUF_BUFG_inst/O
                         net (fo=34, routed)          1.557     5.078    slow_clk_inst/Clk_IBUF_BUFG
    SLICE_X30Y16         FDRE                                         r  slow_clk_inst/count_reg[4]/C
  -------------------------------------------------------------------    -------------------
    SLICE_X30Y16         FDRE (Prop_fdre_C_Q)         0.518     5.596 f  slow_clk_inst/count_reg[4]/Q
                         net (fo=2, routed)           0.808     6.405    slow_clk_inst/count[4]
    SLICE_X31Y17         LUT4 (Prop_lut4_I1_O)        0.124     6.529 f  slow_clk_inst/count[31]_i_7/O
                         net (fo=1, routed)           0.433     6.961    slow_clk_inst/count[31]_i_7_n_0
    SLICE_X31Y17         LUT5 (Prop_lut5_I4_O)        0.150     7.111 f  slow_clk_inst/count[31]_i_3/O
                         net (fo=3, routed)           0.870     7.982    slow_clk_inst/count[31]_i_3_n_0
    SLICE_X31Y22         LUT4 (Prop_lut4_I1_O)        0.326     8.308 r  slow_clk_inst/count[31]_i_1/O
                         net (fo=31, routed)          0.979     9.286    slow_clk_inst/count[31]_i_1_n_0
    SLICE_X30Y16         FDRE                                         r  slow_clk_inst/count_reg[2]/R
  -------------------------------------------------------------------    -------------------

                         (clock sys_clk_pin rise edge)
                                                     10.000    10.000 r  
    W5                                                0.000    10.000 r  Clk (IN)
                         net (fo=0)                   0.000    10.000    Clk
    W5                   IBUF (Prop_ibuf_I_O)         1.388    11.388 r  Clk_IBUF_inst/O
                         net (fo=1, routed)           1.862    13.250    Clk_IBUF
    BUFGCTRL_X0Y0        BUFG (Prop_bufg_I_O)         0.091    13.341 r  Clk_IBUF_BUFG_inst/O
                         net (fo=34, routed)          1.438    14.779    slow_clk_inst/Clk_IBUF_BUFG
    SLICE_X30Y16         FDRE                                         r  slow_clk_inst/count_reg[2]/C
                         clock pessimism              0.299    15.078    
                         clock uncertainty           -0.035    15.043    
    SLICE_X30Y16         FDRE (Setup_fdre_C_R)       -0.524    14.519    slow_clk_inst/count_reg[2]
  -------------------------------------------------------------------
                         required time                         14.519    
                         arrival time                          -9.286    
  -------------------------------------------------------------------
                         slack                                  5.233    

Slack (MET) :             5.233ns  (required time - arrival time)
  Source:                 slow_clk_inst/count_reg[4]/C
                            (rising edge-triggered cell FDRE clocked by sys_clk_pin  {rise@0.000ns fall@5.000ns period=10.000ns})
  Destination:            slow_clk_inst/count_reg[3]/R
                            (rising edge-triggered cell FDRE clocked by sys_clk_pin  {rise@0.000ns fall@5.000ns period=10.000ns})
  Path Group:             sys_clk_pin
  Path Type:              Setup (Max at Slow Process Corner)
  Requirement:            10.000ns  (sys_clk_pin rise@10.000ns - sys_clk_pin rise@0.000ns)
  Data Path Delay:        4.208ns  (logic 1.118ns (26.568%)  route 3.090ns (73.432%))
  Logic Levels:           3  (LUT4=2 LUT5=1)
  Clock Path Skew:        0.000ns (DCD - SCD + CPR)
    Destination Clock Delay (DCD):    4.779ns = ( 14.779 - 10.000 ) 
    Source Clock Delay      (SCD):    5.078ns
    Clock Pessimism Removal (CPR):    0.299ns
  Clock Uncertainty:      0.035ns  ((TSJ^2 + TIJ^2)^1/2 + DJ) / 2 + PE
    Total System Jitter     (TSJ):    0.071ns
    Total Input Jitter      (TIJ):    0.000ns
    Discrete Jitter          (DJ):    0.000ns
    Phase Error              (PE):    0.000ns

    Location             Delay type                Incr(ns)  Path(ns)    Netlist Resource(s)
  -------------------------------------------------------------------    -------------------
                         (clock sys_clk_pin rise edge)
                                                      0.000     0.000 r  
    W5                                                0.000     0.000 r  Clk (IN)
                         net (fo=0)                   0.000     0.000    Clk
    W5                   IBUF (Prop_ibuf_I_O)         1.458     1.458 r  Clk_IBUF_inst/O
                         net (fo=1, routed)           1.967     3.425    Clk_IBUF
    BUFGCTRL_X0Y0        BUFG (Prop_bufg_I_O)         0.096     3.521 r  Clk_IBUF_BUFG_inst/O
                         net (fo=34, routed)          1.557     5.078    slow_clk_inst/Clk_IBUF_BUFG
    SLICE_X30Y16         FDRE                                         r  slow_clk_inst/count_reg[4]/C
  -------------------------------------------------------------------    -------------------
    SLICE_X30Y16         FDRE (Prop_fdre_C_Q)         0.518     5.596 f  slow_clk_inst/count_reg[4]/Q
                         net (fo=2, routed)           0.808     6.405    slow_clk_inst/count[4]
    SLICE_X31Y17         LUT4 (Prop_lut4_I1_O)        0.124     6.529 f  slow_clk_inst/count[31]_i_7/O
                         net (fo=1, routed)           0.433     6.961    slow_clk_inst/count[31]_i_7_n_0
    SLICE_X31Y17         LUT5 (Prop_lut5_I4_O)        0.150     7.111 f  slow_clk_inst/count[31]_i_3/O
                         net (fo=3, routed)           0.870     7.982    slow_clk_inst/count[31]_i_3_n_0
    SLICE_X31Y22         LUT4 (Prop_lut4_I1_O)        0.326     8.308 r  slow_clk_inst/count[31]_i_1/O
                         net (fo=31, routed)          0.979     9.286    slow_clk_inst/count[31]_i_1_n_0
    SLICE_X30Y16         FDRE                                         r  slow_clk_inst/count_reg[3]/R
  -------------------------------------------------------------------    -------------------

                         (clock sys_clk_pin rise edge)
                                                     10.000    10.000 r  
    W5                                                0.000    10.000 r  Clk (IN)
                         net (fo=0)                   0.000    10.000    Clk
    W5                   IBUF (Prop_ibuf_I_O)         1.388    11.388 r  Clk_IBUF_inst/O
                         net (fo=1, routed)           1.862    13.250    Clk_IBUF
    BUFGCTRL_X0Y0        BUFG (Prop_bufg_I_O)         0.091    13.341 r  Clk_IBUF_BUFG_inst/O
                         net (fo=34, routed)          1.438    14.779    slow_clk_inst/Clk_IBUF_BUFG
    SLICE_X30Y16         FDRE                                         r  slow_clk_inst/count_reg[3]/C
                         clock pessimism              0.299    15.078    
                         clock uncertainty           -0.035    15.043    
    SLICE_X30Y16         FDRE (Setup_fdre_C_R)       -0.524    14.519    slow_clk_inst/count_reg[3]
  -------------------------------------------------------------------
                         required time                         14.519    
                         arrival time                          -9.286    
  -------------------------------------------------------------------
                         slack                                  5.233    

Slack (MET) :             5.233ns  (required time - arrival time)
  Source:                 slow_clk_inst/count_reg[4]/C
                            (rising edge-triggered cell FDRE clocked by sys_clk_pin  {rise@0.000ns fall@5.000ns period=10.000ns})
  Destination:            slow_clk_inst/count_reg[4]/R
                            (rising edge-triggered cell FDRE clocked by sys_clk_pin  {rise@0.000ns fall@5.000ns period=10.000ns})
  Path Group:             sys_clk_pin
  Path Type:              Setup (Max at Slow Process Corner)
  Requirement:            10.000ns  (sys_clk_pin rise@10.000ns - sys_clk_pin rise@0.000ns)
  Data Path Delay:        4.208ns  (logic 1.118ns (26.568%)  route 3.090ns (73.432%))
  Logic Levels:           3  (LUT4=2 LUT5=1)
  Clock Path Skew:        0.000ns (DCD - SCD + CPR)
    Destination Clock Delay (DCD):    4.779ns = ( 14.779 - 10.000 ) 
    Source Clock Delay      (SCD):    5.078ns
    Clock Pessimism Removal (CPR):    0.299ns
  Clock Uncertainty:      0.035ns  ((TSJ^2 + TIJ^2)^1/2 + DJ) / 2 + PE
    Total System Jitter     (TSJ):    0.071ns
    Total Input Jitter      (TIJ):    0.000ns
    Discrete Jitter          (DJ):    0.000ns
    Phase Error              (PE):    0.000ns

    Location             Delay type                Incr(ns)  Path(ns)    Netlist Resource(s)
  -------------------------------------------------------------------    -------------------
                         (clock sys_clk_pin rise edge)
                                                      0.000     0.000 r  
    W5                                                0.000     0.000 r  Clk (IN)
                         net (fo=0)                   0.000     0.000    Clk
    W5                   IBUF (Prop_ibuf_I_O)         1.458     1.458 r  Clk_IBUF_inst/O
                         net (fo=1, routed)           1.967     3.425    Clk_IBUF
    BUFGCTRL_X0Y0        BUFG (Prop_bufg_I_O)         0.096     3.521 r  Clk_IBUF_BUFG_inst/O
                         net (fo=34, routed)          1.557     5.078    slow_clk_inst/Clk_IBUF_BUFG
    SLICE_X30Y16         FDRE                                         r  slow_clk_inst/count_reg[4]/C
  -------------------------------------------------------------------    -------------------
    SLICE_X30Y16         FDRE (Prop_fdre_C_Q)         0.518     5.596 f  slow_clk_inst/count_reg[4]/Q
                         net (fo=2, routed)           0.808     6.405    slow_clk_inst/count[4]
    SLICE_X31Y17         LUT4 (Prop_lut4_I1_O)        0.124     6.529 f  slow_clk_inst/count[31]_i_7/O
                         net (fo=1, routed)           0.433     6.961    slow_clk_inst/count[31]_i_7_n_0
    SLICE_X31Y17         LUT5 (Prop_lut5_I4_O)        0.150     7.111 f  slow_clk_inst/count[31]_i_3/O
                         net (fo=3, routed)           0.870     7.982    slow_clk_inst/count[31]_i_3_n_0
    SLICE_X31Y22         LUT4 (Prop_lut4_I1_O)        0.326     8.308 r  slow_clk_inst/count[31]_i_1/O
                         net (fo=31, routed)          0.979     9.286    slow_clk_inst/count[31]_i_1_n_0
    SLICE_X30Y16         FDRE                                         r  slow_clk_inst/count_reg[4]/R
  -------------------------------------------------------------------    -------------------

                         (clock sys_clk_pin rise edge)
                                                     10.000    10.000 r  
    W5                                                0.000    10.000 r  Clk (IN)
                         net (fo=0)                   0.000    10.000    Clk
    W5                   IBUF (Prop_ibuf_I_O)         1.388    11.388 r  Clk_IBUF_inst/O
                         net (fo=1, routed)           1.862    13.250    Clk_IBUF
    BUFGCTRL_X0Y0        BUFG (Prop_bufg_I_O)         0.091    13.341 r  Clk_IBUF_BUFG_inst/O
                         net (fo=34, routed)          1.438    14.779    slow_clk_inst/Clk_IBUF_BUFG
    SLICE_X30Y16         FDRE                                         r  slow_clk_inst/count_reg[4]/C
                         clock pessimism              0.299    15.078    
                         clock uncertainty           -0.035    15.043    
    SLICE_X30Y16         FDRE (Setup_fdre_C_R)       -0.524    14.519    slow_clk_inst/count_reg[4]
  -------------------------------------------------------------------
                         required time                         14.519    
                         arrival time                          -9.286    
  -------------------------------------------------------------------
                         slack                                  5.233    

Slack (MET) :             5.348ns  (required time - arrival time)
  Source:                 slow_clk_inst/count_reg[4]/C
                            (rising edge-triggered cell FDRE clocked by sys_clk_pin  {rise@0.000ns fall@5.000ns period=10.000ns})
  Destination:            slow_clk_inst/count_reg[5]/R
                            (rising edge-triggered cell FDRE clocked by sys_clk_pin  {rise@0.000ns fall@5.000ns period=10.000ns})
  Path Group:             sys_clk_pin
  Path Type:              Setup (Max at Slow Process Corner)
  Requirement:            10.000ns  (sys_clk_pin rise@10.000ns - sys_clk_pin rise@0.000ns)
  Data Path Delay:        4.067ns  (logic 1.118ns (27.488%)  route 2.949ns (72.512%))
  Logic Levels:           3  (LUT4=2 LUT5=1)
  Clock Path Skew:        -0.025ns (DCD - SCD + CPR)
    Destination Clock Delay (DCD):    4.778ns = ( 14.778 - 10.000 ) 
    Source Clock Delay      (SCD):    5.078ns
    Clock Pessimism Removal (CPR):    0.275ns
  Clock Uncertainty:      0.035ns  ((TSJ^2 + TIJ^2)^1/2 + DJ) / 2 + PE
    Total System Jitter     (TSJ):    0.071ns
    Total Input Jitter      (TIJ):    0.000ns
    Discrete Jitter          (DJ):    0.000ns
    Phase Error              (PE):    0.000ns

    Location             Delay type                Incr(ns)  Path(ns)    Netlist Resource(s)
  -------------------------------------------------------------------    -------------------
                         (clock sys_clk_pin rise edge)
                                                      0.000     0.000 r  
    W5                                                0.000     0.000 r  Clk (IN)
                         net (fo=0)                   0.000     0.000    Clk
    W5                   IBUF (Prop_ibuf_I_O)         1.458     1.458 r  Clk_IBUF_inst/O
                         net (fo=1, routed)           1.967     3.425    Clk_IBUF
    BUFGCTRL_X0Y0        BUFG (Prop_bufg_I_O)         0.096     3.521 r  Clk_IBUF_BUFG_inst/O
                         net (fo=34, routed)          1.557     5.078    slow_clk_inst/Clk_IBUF_BUFG
    SLICE_X30Y16         FDRE                                         r  slow_clk_inst/count_reg[4]/C
  -------------------------------------------------------------------    -------------------
    SLICE_X30Y16         FDRE (Prop_fdre_C_Q)         0.518     5.596 f  slow_clk_inst/count_reg[4]/Q
                         net (fo=2, routed)           0.808     6.405    slow_clk_inst/count[4]
    SLICE_X31Y17         LUT4 (Prop_lut4_I1_O)        0.124     6.529 f  slow_clk_inst/count[31]_i_7/O
                         net (fo=1, routed)           0.433     6.961    slow_clk_inst/count[31]_i_7_n_0
    SLICE_X31Y17         LUT5 (Prop_lut5_I4_O)        0.150     7.111 f  slow_clk_inst/count[31]_i_3/O
                         net (fo=3, routed)           0.870     7.982    slow_clk_inst/count[31]_i_3_n_0
    SLICE_X31Y22         LUT4 (Prop_lut4_I1_O)        0.326     8.308 r  slow_clk_inst/count[31]_i_1/O
                         net (fo=31, routed)          0.838     9.146    slow_clk_inst/count[31]_i_1_n_0
    SLICE_X30Y17         FDRE                                         r  slow_clk_inst/count_reg[5]/R
  -------------------------------------------------------------------    -------------------

                         (clock sys_clk_pin rise edge)
                                                     10.000    10.000 r  
    W5                                                0.000    10.000 r  Clk (IN)
                         net (fo=0)                   0.000    10.000    Clk
    W5                   IBUF (Prop_ibuf_I_O)         1.388    11.388 r  Clk_IBUF_inst/O
                         net (fo=1, routed)           1.862    13.250    Clk_IBUF
    BUFGCTRL_X0Y0        BUFG (Prop_bufg_I_O)         0.091    13.341 r  Clk_IBUF_BUFG_inst/O
                         net (fo=34, routed)          1.437    14.778    slow_clk_inst/Clk_IBUF_BUFG
    SLICE_X30Y17         FDRE                                         r  slow_clk_inst/count_reg[5]/C
                         clock pessimism              0.275    15.053    
                         clock uncertainty           -0.035    15.018    
    SLICE_X30Y17         FDRE (Setup_fdre_C_R)       -0.524    14.494    slow_clk_inst/count_reg[5]
  -------------------------------------------------------------------
                         required time                         14.494    
                         arrival time                          -9.146    
  -------------------------------------------------------------------
                         slack                                  5.348    

Slack (MET) :             5.348ns  (required time - arrival time)
  Source:                 slow_clk_inst/count_reg[4]/C
                            (rising edge-triggered cell FDRE clocked by sys_clk_pin  {rise@0.000ns fall@5.000ns period=10.000ns})
  Destination:            slow_clk_inst/count_reg[6]/R
                            (rising edge-triggered cell FDRE clocked by sys_clk_pin  {rise@0.000ns fall@5.000ns period=10.000ns})
  Path Group:             sys_clk_pin
  Path Type:              Setup (Max at Slow Process Corner)
  Requirement:            10.000ns  (sys_clk_pin rise@10.000ns - sys_clk_pin rise@0.000ns)
  Data Path Delay:        4.067ns  (logic 1.118ns (27.488%)  route 2.949ns (72.512%))
  Logic Levels:           3  (LUT4=2 LUT5=1)
  Clock Path Skew:        -0.025ns (DCD - SCD + CPR)
    Destination Clock Delay (DCD):    4.778ns = ( 14.778 - 10.000 ) 
    Source Clock Delay      (SCD):    5.078ns
    Clock Pessimism Removal (CPR):    0.275ns
  Clock Uncertainty:      0.035ns  ((TSJ^2 + TIJ^2)^1/2 + DJ) / 2 + PE
    Total System Jitter     (TSJ):    0.071ns
    Total Input Jitter      (TIJ):    0.000ns
    Discrete Jitter          (DJ):    0.000ns
    Phase Error              (PE):    0.000ns

    Location             Delay type                Incr(ns)  Path(ns)    Netlist Resource(s)
  -------------------------------------------------------------------    -------------------
                         (clock sys_clk_pin rise edge)
                                                      0.000     0.000 r  
    W5                                                0.000     0.000 r  Clk (IN)
                         net (fo=0)                   0.000     0.000    Clk
    W5                   IBUF (Prop_ibuf_I_O)         1.458     1.458 r  Clk_IBUF_inst/O
                         net (fo=1, routed)           1.967     3.425    Clk_IBUF
    BUFGCTRL_X0Y0        BUFG (Prop_bufg_I_O)         0.096     3.521 r  Clk_IBUF_BUFG_inst/O
                         net (fo=34, routed)          1.557     5.078    slow_clk_inst/Clk_IBUF_BUFG
    SLICE_X30Y16         FDRE                                         r  slow_clk_inst/count_reg[4]/C
  -------------------------------------------------------------------    -------------------
    SLICE_X30Y16         FDRE (Prop_fdre_C_Q)         0.518     5.596 f  slow_clk_inst/count_reg[4]/Q
                         net (fo=2, routed)           0.808     6.405    slow_clk_inst/count[4]
    SLICE_X31Y17         LUT4 (Prop_lut4_I1_O)        0.124     6.529 f  slow_clk_inst/count[31]_i_7/O
                         net (fo=1, routed)           0.433     6.961    slow_clk_inst/count[31]_i_7_n_0
    SLICE_X31Y17         LUT5 (Prop_lut5_I4_O)        0.150     7.111 f  slow_clk_inst/count[31]_i_3/O
                         net (fo=3, routed)           0.870     7.982    slow_clk_inst/count[31]_i_3_n_0
    SLICE_X31Y22         LUT4 (Prop_lut4_I1_O)        0.326     8.308 r  slow_clk_inst/count[31]_i_1/O
                         net (fo=31, routed)          0.838     9.146    slow_clk_inst/count[31]_i_1_n_0
    SLICE_X30Y17         FDRE                                         r  slow_clk_inst/count_reg[6]/R
  -------------------------------------------------------------------    -------------------

                         (clock sys_clk_pin rise edge)
                                                     10.000    10.000 r  
    W5                                                0.000    10.000 r  Clk (IN)
                         net (fo=0)                   0.000    10.000    Clk
    W5                   IBUF (Prop_ibuf_I_O)         1.388    11.388 r  Clk_IBUF_inst/O
                         net (fo=1, routed)           1.862    13.250    Clk_IBUF
    BUFGCTRL_X0Y0        BUFG (Prop_bufg_I_O)         0.091    13.341 r  Clk_IBUF_BUFG_inst/O
                         net (fo=34, routed)          1.437    14.778    slow_clk_inst/Clk_IBUF_BUFG
    SLICE_X30Y17         FDRE                                         r  slow_clk_inst/count_reg[6]/C
                         clock pessimism              0.275    15.053    
                         clock uncertainty           -0.035    15.018    
    SLICE_X30Y17         FDRE (Setup_fdre_C_R)       -0.524    14.494    slow_clk_inst/count_reg[6]
  -------------------------------------------------------------------
                         required time                         14.494    
                         arrival time                          -9.146    
  -------------------------------------------------------------------
                         slack                                  5.348    

Slack (MET) :             5.348ns  (required time - arrival time)
  Source:                 slow_clk_inst/count_reg[4]/C
                            (rising edge-triggered cell FDRE clocked by sys_clk_pin  {rise@0.000ns fall@5.000ns period=10.000ns})
  Destination:            slow_clk_inst/count_reg[7]/R
                            (rising edge-triggered cell FDRE clocked by sys_clk_pin  {rise@0.000ns fall@5.000ns period=10.000ns})
  Path Group:             sys_clk_pin
  Path Type:              Setup (Max at Slow Process Corner)
  Requirement:            10.000ns  (sys_clk_pin rise@10.000ns - sys_clk_pin rise@0.000ns)
  Data Path Delay:        4.067ns  (logic 1.118ns (27.488%)  route 2.949ns (72.512%))
  Logic Levels:           3  (LUT4=2 LUT5=1)
  Clock Path Skew:        -0.025ns (DCD - SCD + CPR)
    Destination Clock Delay (DCD):    4.778ns = ( 14.778 - 10.000 ) 
    Source Clock Delay      (SCD):    5.078ns
    Clock Pessimism Removal (CPR):    0.275ns
  Clock Uncertainty:      0.035ns  ((TSJ^2 + TIJ^2)^1/2 + DJ) / 2 + PE
    Total System Jitter     (TSJ):    0.071ns
    Total Input Jitter      (TIJ):    0.000ns
    Discrete Jitter          (DJ):    0.000ns
    Phase Error              (PE):    0.000ns

    Location             Delay type                Incr(ns)  Path(ns)    Netlist Resource(s)
  -------------------------------------------------------------------    -------------------
                         (clock sys_clk_pin rise edge)
                                                      0.000     0.000 r  
    W5                                                0.000     0.000 r  Clk (IN)
                         net (fo=0)                   0.000     0.000    Clk
    W5                   IBUF (Prop_ibuf_I_O)         1.458     1.458 r  Clk_IBUF_inst/O
                         net (fo=1, routed)           1.967     3.425    Clk_IBUF
    BUFGCTRL_X0Y0        BUFG (Prop_bufg_I_O)         0.096     3.521 r  Clk_IBUF_BUFG_inst/O
                         net (fo=34, routed)          1.557     5.078    slow_clk_inst/Clk_IBUF_BUFG
    SLICE_X30Y16         FDRE                                         r  slow_clk_inst/count_reg[4]/C
  -------------------------------------------------------------------    -------------------
    SLICE_X30Y16         FDRE (Prop_fdre_C_Q)         0.518     5.596 f  slow_clk_inst/count_reg[4]/Q
                         net (fo=2, routed)           0.808     6.405    slow_clk_inst/count[4]
    SLICE_X31Y17         LUT4 (Prop_lut4_I1_O)        0.124     6.529 f  slow_clk_inst/count[31]_i_7/O
                         net (fo=1, routed)           0.433     6.961    slow_clk_inst/count[31]_i_7_n_0
    SLICE_X31Y17         LUT5 (Prop_lut5_I4_O)        0.150     7.111 f  slow_clk_inst/count[31]_i_3/O
                         net (fo=3, routed)           0.870     7.982    slow_clk_inst/count[31]_i_3_n_0
    SLICE_X31Y22         LUT4 (Prop_lut4_I1_O)        0.326     8.308 r  slow_clk_inst/count[31]_i_1/O
                         net (fo=31, routed)          0.838     9.146    slow_clk_inst/count[31]_i_1_n_0
    SLICE_X30Y17         FDRE                                         r  slow_clk_inst/count_reg[7]/R
  -------------------------------------------------------------------    -------------------

                         (clock sys_clk_pin rise edge)
                                                     10.000    10.000 r  
    W5                                                0.000    10.000 r  Clk (IN)
                         net (fo=0)                   0.000    10.000    Clk
    W5                   IBUF (Prop_ibuf_I_O)         1.388    11.388 r  Clk_IBUF_inst/O
                         net (fo=1, routed)           1.862    13.250    Clk_IBUF
    BUFGCTRL_X0Y0        BUFG (Prop_bufg_I_O)         0.091    13.341 r  Clk_IBUF_BUFG_inst/O
                         net (fo=34, routed)          1.437    14.778    slow_clk_inst/Clk_IBUF_BUFG
    SLICE_X30Y17         FDRE                                         r  slow_clk_inst/count_reg[7]/C
                         clock pessimism              0.275    15.053    
                         clock uncertainty           -0.035    15.018    
    SLICE_X30Y17         FDRE (Setup_fdre_C_R)       -0.524    14.494    slow_clk_inst/count_reg[7]
  -------------------------------------------------------------------
                         required time                         14.494    
                         arrival time                          -9.146    
  -------------------------------------------------------------------
                         slack                                  5.348    

Slack (MET) :             5.348ns  (required time - arrival time)
  Source:                 slow_clk_inst/count_reg[4]/C
                            (rising edge-triggered cell FDRE clocked by sys_clk_pin  {rise@0.000ns fall@5.000ns period=10.000ns})
  Destination:            slow_clk_inst/count_reg[8]/R
                            (rising edge-triggered cell FDRE clocked by sys_clk_pin  {rise@0.000ns fall@5.000ns period=10.000ns})
  Path Group:             sys_clk_pin
  Path Type:              Setup (Max at Slow Process Corner)
  Requirement:            10.000ns  (sys_clk_pin rise@10.000ns - sys_clk_pin rise@0.000ns)
  Data Path Delay:        4.067ns  (logic 1.118ns (27.488%)  route 2.949ns (72.512%))
  Logic Levels:           3  (LUT4=2 LUT5=1)
  Clock Path Skew:        -0.025ns (DCD - SCD + CPR)
    Destination Clock Delay (DCD):    4.778ns = ( 14.778 - 10.000 ) 
    Source Clock Delay      (SCD):    5.078ns
    Clock Pessimism Removal (CPR):    0.275ns
  Clock Uncertainty:      0.035ns  ((TSJ^2 + TIJ^2)^1/2 + DJ) / 2 + PE
    Total System Jitter     (TSJ):    0.071ns
    Total Input Jitter      (TIJ):    0.000ns
    Discrete Jitter          (DJ):    0.000ns
    Phase Error              (PE):    0.000ns

    Location             Delay type                Incr(ns)  Path(ns)    Netlist Resource(s)
  -------------------------------------------------------------------    -------------------
                         (clock sys_clk_pin rise edge)
                                                      0.000     0.000 r  
    W5                                                0.000     0.000 r  Clk (IN)
                         net (fo=0)                   0.000     0.000    Clk
    W5                   IBUF (Prop_ibuf_I_O)         1.458     1.458 r  Clk_IBUF_inst/O
                         net (fo=1, routed)           1.967     3.425    Clk_IBUF
    BUFGCTRL_X0Y0        BUFG (Prop_bufg_I_O)         0.096     3.521 r  Clk_IBUF_BUFG_inst/O
                         net (fo=34, routed)          1.557     5.078    slow_clk_inst/Clk_IBUF_BUFG
    SLICE_X30Y16         FDRE                                         r  slow_clk_inst/count_reg[4]/C
  -------------------------------------------------------------------    -------------------
    SLICE_X30Y16         FDRE (Prop_fdre_C_Q)         0.518     5.596 f  slow_clk_inst/count_reg[4]/Q
                         net (fo=2, routed)           0.808     6.405    slow_clk_inst/count[4]
    SLICE_X31Y17         LUT4 (Prop_lut4_I1_O)        0.124     6.529 f  slow_clk_inst/count[31]_i_7/O
                         net (fo=1, routed)           0.433     6.961    slow_clk_inst/count[31]_i_7_n_0
    SLICE_X31Y17         LUT5 (Prop_lut5_I4_O)        0.150     7.111 f  slow_clk_inst/count[31]_i_3/O
                         net (fo=3, routed)           0.870     7.982    slow_clk_inst/count[31]_i_3_n_0
    SLICE_X31Y22         LUT4 (Prop_lut4_I1_O)        0.326     8.308 r  slow_clk_inst/count[31]_i_1/O
                         net (fo=31, routed)          0.838     9.146    slow_clk_inst/count[31]_i_1_n_0
    SLICE_X30Y17         FDRE                                         r  slow_clk_inst/count_reg[8]/R
  -------------------------------------------------------------------    -------------------

                         (clock sys_clk_pin rise edge)
                                                     10.000    10.000 r  
    W5                                                0.000    10.000 r  Clk (IN)
                         net (fo=0)                   0.000    10.000    Clk
    W5                   IBUF (Prop_ibuf_I_O)         1.388    11.388 r  Clk_IBUF_inst/O
                         net (fo=1, routed)           1.862    13.250    Clk_IBUF
    BUFGCTRL_X0Y0        BUFG (Prop_bufg_I_O)         0.091    13.341 r  Clk_IBUF_BUFG_inst/O
                         net (fo=34, routed)          1.437    14.778    slow_clk_inst/Clk_IBUF_BUFG
    SLICE_X30Y17         FDRE                                         r  slow_clk_inst/count_reg[8]/C
                         clock pessimism              0.275    15.053    
                         clock uncertainty           -0.035    15.018    
    SLICE_X30Y17         FDRE (Setup_fdre_C_R)       -0.524    14.494    slow_clk_inst/count_reg[8]
  -------------------------------------------------------------------
                         required time                         14.494    
                         arrival time                          -9.146    
  -------------------------------------------------------------------
                         slack                                  5.348    

Slack (MET) :             5.500ns  (required time - arrival time)
  Source:                 slow_clk_inst/count_reg[4]/C
                            (rising edge-triggered cell FDRE clocked by sys_clk_pin  {rise@0.000ns fall@5.000ns period=10.000ns})
  Destination:            slow_clk_inst/count_reg[13]/R
                            (rising edge-triggered cell FDRE clocked by sys_clk_pin  {rise@0.000ns fall@5.000ns period=10.000ns})
  Path Group:             sys_clk_pin
  Path Type:              Setup (Max at Slow Process Corner)
  Requirement:            10.000ns  (sys_clk_pin rise@10.000ns - sys_clk_pin rise@0.000ns)
  Data Path Delay:        3.913ns  (logic 1.118ns (28.571%)  route 2.795ns (71.429%))
  Logic Levels:           3  (LUT4=2 LUT5=1)
  Clock Path Skew:        -0.028ns (DCD - SCD + CPR)
    Destination Clock Delay (DCD):    4.775ns = ( 14.775 - 10.000 ) 
    Source Clock Delay      (SCD):    5.078ns
    Clock Pessimism Removal (CPR):    0.275ns
  Clock Uncertainty:      0.035ns  ((TSJ^2 + TIJ^2)^1/2 + DJ) / 2 + PE
    Total System Jitter     (TSJ):    0.071ns
    Total Input Jitter      (TIJ):    0.000ns
    Discrete Jitter          (DJ):    0.000ns
    Phase Error              (PE):    0.000ns

    Location             Delay type                Incr(ns)  Path(ns)    Netlist Resource(s)
  -------------------------------------------------------------------    -------------------
                         (clock sys_clk_pin rise edge)
                                                      0.000     0.000 r  
    W5                                                0.000     0.000 r  Clk (IN)
                         net (fo=0)                   0.000     0.000    Clk
    W5                   IBUF (Prop_ibuf_I_O)         1.458     1.458 r  Clk_IBUF_inst/O
                         net (fo=1, routed)           1.967     3.425    Clk_IBUF
    BUFGCTRL_X0Y0        BUFG (Prop_bufg_I_O)         0.096     3.521 r  Clk_IBUF_BUFG_inst/O
                         net (fo=34, routed)          1.557     5.078    slow_clk_inst/Clk_IBUF_BUFG
    SLICE_X30Y16         FDRE                                         r  slow_clk_inst/count_reg[4]/C
  -------------------------------------------------------------------    -------------------
    SLICE_X30Y16         FDRE (Prop_fdre_C_Q)         0.518     5.596 f  slow_clk_inst/count_reg[4]/Q
                         net (fo=2, routed)           0.808     6.405    slow_clk_inst/count[4]
    SLICE_X31Y17         LUT4 (Prop_lut4_I1_O)        0.124     6.529 f  slow_clk_inst/count[31]_i_7/O
                         net (fo=1, routed)           0.433     6.961    slow_clk_inst/count[31]_i_7_n_0
    SLICE_X31Y17         LUT5 (Prop_lut5_I4_O)        0.150     7.111 f  slow_clk_inst/count[31]_i_3/O
                         net (fo=3, routed)           0.870     7.982    slow_clk_inst/count[31]_i_3_n_0
    SLICE_X31Y22         LUT4 (Prop_lut4_I1_O)        0.326     8.308 r  slow_clk_inst/count[31]_i_1/O
                         net (fo=31, routed)          0.684     8.991    slow_clk_inst/count[31]_i_1_n_0
    SLICE_X30Y19         FDRE                                         r  slow_clk_inst/count_reg[13]/R
  -------------------------------------------------------------------    -------------------

                         (clock sys_clk_pin rise edge)
                                                     10.000    10.000 r  
    W5                                                0.000    10.000 r  Clk (IN)
                         net (fo=0)                   0.000    10.000    Clk
    W5                   IBUF (Prop_ibuf_I_O)         1.388    11.388 r  Clk_IBUF_inst/O
                         net (fo=1, routed)           1.862    13.250    Clk_IBUF
    BUFGCTRL_X0Y0        BUFG (Prop_bufg_I_O)         0.091    13.341 r  Clk_IBUF_BUFG_inst/O
                         net (fo=34, routed)          1.434    14.775    slow_clk_inst/Clk_IBUF_BUFG
    SLICE_X30Y19         FDRE                                         r  slow_clk_inst/count_reg[13]/C
                         clock pessimism              0.275    15.050    
                         clock uncertainty           -0.035    15.015    
    SLICE_X30Y19         FDRE (Setup_fdre_C_R)       -0.524    14.491    slow_clk_inst/count_reg[13]
  -------------------------------------------------------------------
                         required time                         14.491    
                         arrival time                          -8.991    
  -------------------------------------------------------------------
                         slack                                  5.500    

Slack (MET) :             5.500ns  (required time - arrival time)
  Source:                 slow_clk_inst/count_reg[4]/C
                            (rising edge-triggered cell FDRE clocked by sys_clk_pin  {rise@0.000ns fall@5.000ns period=10.000ns})
  Destination:            slow_clk_inst/count_reg[14]/R
                            (rising edge-triggered cell FDRE clocked by sys_clk_pin  {rise@0.000ns fall@5.000ns period=10.000ns})
  Path Group:             sys_clk_pin
  Path Type:              Setup (Max at Slow Process Corner)
  Requirement:            10.000ns  (sys_clk_pin rise@10.000ns - sys_clk_pin rise@0.000ns)
  Data Path Delay:        3.913ns  (logic 1.118ns (28.571%)  route 2.795ns (71.429%))
  Logic Levels:           3  (LUT4=2 LUT5=1)
  Clock Path Skew:        -0.028ns (DCD - SCD + CPR)
    Destination Clock Delay (DCD):    4.775ns = ( 14.775 - 10.000 ) 
    Source Clock Delay      (SCD):    5.078ns
    Clock Pessimism Removal (CPR):    0.275ns
  Clock Uncertainty:      0.035ns  ((TSJ^2 + TIJ^2)^1/2 + DJ) / 2 + PE
    Total System Jitter     (TSJ):    0.071ns
    Total Input Jitter      (TIJ):    0.000ns
    Discrete Jitter          (DJ):    0.000ns
    Phase Error              (PE):    0.000ns

    Location             Delay type                Incr(ns)  Path(ns)    Netlist Resource(s)
  -------------------------------------------------------------------    -------------------
                         (clock sys_clk_pin rise edge)
                                                      0.000     0.000 r  
    W5                                                0.000     0.000 r  Clk (IN)
                         net (fo=0)                   0.000     0.000    Clk
    W5                   IBUF (Prop_ibuf_I_O)         1.458     1.458 r  Clk_IBUF_inst/O
                         net (fo=1, routed)           1.967     3.425    Clk_IBUF
    BUFGCTRL_X0Y0        BUFG (Prop_bufg_I_O)         0.096     3.521 r  Clk_IBUF_BUFG_inst/O
                         net (fo=34, routed)          1.557     5.078    slow_clk_inst/Clk_IBUF_BUFG
    SLICE_X30Y16         FDRE                                         r  slow_clk_inst/count_reg[4]/C
  -------------------------------------------------------------------    -------------------
    SLICE_X30Y16         FDRE (Prop_fdre_C_Q)         0.518     5.596 f  slow_clk_inst/count_reg[4]/Q
                         net (fo=2, routed)           0.808     6.405    slow_clk_inst/count[4]
    SLICE_X31Y17         LUT4 (Prop_lut4_I1_O)        0.124     6.529 f  slow_clk_inst/count[31]_i_7/O
                         net (fo=1, routed)           0.433     6.961    slow_clk_inst/count[31]_i_7_n_0
    SLICE_X31Y17         LUT5 (Prop_lut5_I4_O)        0.150     7.111 f  slow_clk_inst/count[31]_i_3/O
                         net (fo=3, routed)           0.870     7.982    slow_clk_inst/count[31]_i_3_n_0
    SLICE_X31Y22         LUT4 (Prop_lut4_I1_O)        0.326     8.308 r  slow_clk_inst/count[31]_i_1/O
                         net (fo=31, routed)          0.684     8.991    slow_clk_inst/count[31]_i_1_n_0
    SLICE_X30Y19         FDRE                                         r  slow_clk_inst/count_reg[14]/R
  -------------------------------------------------------------------    -------------------

                         (clock sys_clk_pin rise edge)
                                                     10.000    10.000 r  
    W5                                                0.000    10.000 r  Clk (IN)
                         net (fo=0)                   0.000    10.000    Clk
    W5                   IBUF (Prop_ibuf_I_O)         1.388    11.388 r  Clk_IBUF_inst/O
                         net (fo=1, routed)           1.862    13.250    Clk_IBUF
    BUFGCTRL_X0Y0        BUFG (Prop_bufg_I_O)         0.091    13.341 r  Clk_IBUF_BUFG_inst/O
                         net (fo=34, routed)          1.434    14.775    slow_clk_inst/Clk_IBUF_BUFG
    SLICE_X30Y19         FDRE                                         r  slow_clk_inst/count_reg[14]/C
                         clock pessimism              0.275    15.050    
                         clock uncertainty           -0.035    15.015    
    SLICE_X30Y19         FDRE (Setup_fdre_C_R)       -0.524    14.491    slow_clk_inst/count_reg[14]
  -------------------------------------------------------------------
                         required time                         14.491    
                         arrival time                          -8.991    
  -------------------------------------------------------------------
                         slack                                  5.500    





Min Delay Paths
--------------------------------------------------------------------------------------
Slack (MET) :             0.265ns  (arrival time - required time)
  Source:                 slow_clk_inst/count_reg[31]/C
                            (rising edge-triggered cell FDRE clocked by sys_clk_pin  {rise@0.000ns fall@5.000ns period=10.000ns})
  Destination:            slow_clk_inst/count_reg[31]/D
                            (rising edge-triggered cell FDRE clocked by sys_clk_pin  {rise@0.000ns fall@5.000ns period=10.000ns})
  Path Group:             sys_clk_pin
  Path Type:              Hold (Min at Fast Process Corner)
  Requirement:            0.000ns  (sys_clk_pin rise@0.000ns - sys_clk_pin rise@0.000ns)
  Data Path Delay:        0.399ns  (logic 0.274ns (68.589%)  route 0.125ns (31.411%))
  Logic Levels:           1  (CARRY4=1)
  Clock Path Skew:        0.000ns (DCD - SCD - CPR)
    Destination Clock Delay (DCD):    1.944ns
    Source Clock Delay      (SCD):    1.434ns
    Clock Pessimism Removal (CPR):    0.510ns

    Location             Delay type                Incr(ns)  Path(ns)    Netlist Resource(s)
  -------------------------------------------------------------------    -------------------
                         (clock sys_clk_pin rise edge)
                                                      0.000     0.000 r  
    W5                                                0.000     0.000 r  Clk (IN)
                         net (fo=0)                   0.000     0.000    Clk
    W5                   IBUF (Prop_ibuf_I_O)         0.226     0.226 r  Clk_IBUF_inst/O
                         net (fo=1, routed)           0.631     0.858    Clk_IBUF
    BUFGCTRL_X0Y0        BUFG (Prop_bufg_I_O)         0.026     0.884 r  Clk_IBUF_BUFG_inst/O
                         net (fo=34, routed)          0.551     1.434    slow_clk_inst/Clk_IBUF_BUFG
    SLICE_X30Y23         FDRE                                         r  slow_clk_inst/count_reg[31]/C
  -------------------------------------------------------------------    -------------------
    SLICE_X30Y23         FDRE (Prop_fdre_C_Q)         0.164     1.598 r  slow_clk_inst/count_reg[31]/Q
                         net (fo=2, routed)           0.125     1.724    slow_clk_inst/count[31]
    SLICE_X30Y23         CARRY4 (Prop_carry4_S[2]_O[2])
                                                      0.110     1.834 r  slow_clk_inst/count0_carry__6/O[2]
                         net (fo=1, routed)           0.000     1.834    slow_clk_inst/data0[31]
    SLICE_X30Y23         FDRE                                         r  slow_clk_inst/count_reg[31]/D
  -------------------------------------------------------------------    -------------------

                         (clock sys_clk_pin rise edge)
                                                      0.000     0.000 r  
    W5                                                0.000     0.000 r  Clk (IN)
                         net (fo=0)                   0.000     0.000    Clk
    W5                   IBUF (Prop_ibuf_I_O)         0.414     0.414 r  Clk_IBUF_inst/O
                         net (fo=1, routed)           0.685     1.099    Clk_IBUF
    BUFGCTRL_X0Y0        BUFG (Prop_bufg_I_O)         0.029     1.128 r  Clk_IBUF_BUFG_inst/O
                         net (fo=34, routed)          0.817     1.944    slow_clk_inst/Clk_IBUF_BUFG
    SLICE_X30Y23         FDRE                                         r  slow_clk_inst/count_reg[31]/C
                         clock pessimism             -0.510     1.434    
    SLICE_X30Y23         FDRE (Hold_fdre_C_D)         0.134     1.568    slow_clk_inst/count_reg[31]
  -------------------------------------------------------------------
                         required time                         -1.568    
                         arrival time                           1.834    
  -------------------------------------------------------------------
                         slack                                  0.265    

Slack (MET) :             0.265ns  (arrival time - required time)
  Source:                 slow_clk_inst/count_reg[7]/C
                            (rising edge-triggered cell FDRE clocked by sys_clk_pin  {rise@0.000ns fall@5.000ns period=10.000ns})
  Destination:            slow_clk_inst/count_reg[7]/D
                            (rising edge-triggered cell FDRE clocked by sys_clk_pin  {rise@0.000ns fall@5.000ns period=10.000ns})
  Path Group:             sys_clk_pin
  Path Type:              Hold (Min at Fast Process Corner)
  Requirement:            0.000ns  (sys_clk_pin rise@0.000ns - sys_clk_pin rise@0.000ns)
  Data Path Delay:        0.399ns  (logic 0.274ns (68.589%)  route 0.125ns (31.411%))
  Logic Levels:           1  (CARRY4=1)
  Clock Path Skew:        0.000ns (DCD - SCD - CPR)
    Destination Clock Delay (DCD):    1.951ns
    Source Clock Delay      (SCD):    1.440ns
    Clock Pessimism Removal (CPR):    0.511ns

    Location             Delay type                Incr(ns)  Path(ns)    Netlist Resource(s)
  -------------------------------------------------------------------    -------------------
                         (clock sys_clk_pin rise edge)
                                                      0.000     0.000 r  
    W5                                                0.000     0.000 r  Clk (IN)
                         net (fo=0)                   0.000     0.000    Clk
    W5                   IBUF (Prop_ibuf_I_O)         0.226     0.226 r  Clk_IBUF_inst/O
                         net (fo=1, routed)           0.631     0.858    Clk_IBUF
    BUFGCTRL_X0Y0        BUFG (Prop_bufg_I_O)         0.026     0.884 r  Clk_IBUF_BUFG_inst/O
                         net (fo=34, routed)          0.557     1.440    slow_clk_inst/Clk_IBUF_BUFG
    SLICE_X30Y17         FDRE                                         r  slow_clk_inst/count_reg[7]/C
  -------------------------------------------------------------------    -------------------
    SLICE_X30Y17         FDRE (Prop_fdre_C_Q)         0.164     1.604 r  slow_clk_inst/count_reg[7]/Q
                         net (fo=2, routed)           0.125     1.730    slow_clk_inst/count[7]
    SLICE_X30Y17         CARRY4 (Prop_carry4_S[2]_O[2])
                                                      0.110     1.840 r  slow_clk_inst/count0_carry__0/O[2]
                         net (fo=1, routed)           0.000     1.840    slow_clk_inst/data0[7]
    SLICE_X30Y17         FDRE                                         r  slow_clk_inst/count_reg[7]/D
  -------------------------------------------------------------------    -------------------

                         (clock sys_clk_pin rise edge)
                                                      0.000     0.000 r  
    W5                                                0.000     0.000 r  Clk (IN)
                         net (fo=0)                   0.000     0.000    Clk
    W5                   IBUF (Prop_ibuf_I_O)         0.414     0.414 r  Clk_IBUF_inst/O
                         net (fo=1, routed)           0.685     1.099    Clk_IBUF
    BUFGCTRL_X0Y0        BUFG (Prop_bufg_I_O)         0.029     1.128 r  Clk_IBUF_BUFG_inst/O
                         net (fo=34, routed)          0.824     1.951    slow_clk_inst/Clk_IBUF_BUFG
    SLICE_X30Y17         FDRE                                         r  slow_clk_inst/count_reg[7]/C
                         clock pessimism             -0.511     1.440    
    SLICE_X30Y17         FDRE (Hold_fdre_C_D)         0.134     1.574    slow_clk_inst/count_reg[7]
  -------------------------------------------------------------------
                         required time                         -1.574    
                         arrival time                           1.840    
  -------------------------------------------------------------------
                         slack                                  0.265    

Slack (MET) :             0.265ns  (arrival time - required time)
  Source:                 slow_clk_inst/count_reg[11]/C
                            (rising edge-triggered cell FDRE clocked by sys_clk_pin  {rise@0.000ns fall@5.000ns period=10.000ns})
  Destination:            slow_clk_inst/count_reg[11]/D
                            (rising edge-triggered cell FDRE clocked by sys_clk_pin  {rise@0.000ns fall@5.000ns period=10.000ns})
  Path Group:             sys_clk_pin
  Path Type:              Hold (Min at Fast Process Corner)
  Requirement:            0.000ns  (sys_clk_pin rise@0.000ns - sys_clk_pin rise@0.000ns)
  Data Path Delay:        0.399ns  (logic 0.274ns (68.589%)  route 0.125ns (31.411%))
  Logic Levels:           1  (CARRY4=1)
  Clock Path Skew:        0.000ns (DCD - SCD - CPR)
    Destination Clock Delay (DCD):    1.950ns
    Source Clock Delay      (SCD):    1.439ns
    Clock Pessimism Removal (CPR):    0.511ns

    Location             Delay type                Incr(ns)  Path(ns)    Netlist Resource(s)
  -------------------------------------------------------------------    -------------------
                         (clock sys_clk_pin rise edge)
                                                      0.000     0.000 r  
    W5                                                0.000     0.000 r  Clk (IN)
                         net (fo=0)                   0.000     0.000    Clk
    W5                   IBUF (Prop_ibuf_I_O)         0.226     0.226 r  Clk_IBUF_inst/O
                         net (fo=1, routed)           0.631     0.858    Clk_IBUF
    BUFGCTRL_X0Y0        BUFG (Prop_bufg_I_O)         0.026     0.884 r  Clk_IBUF_BUFG_inst/O
                         net (fo=34, routed)          0.556     1.439    slow_clk_inst/Clk_IBUF_BUFG
    SLICE_X30Y18         FDRE                                         r  slow_clk_inst/count_reg[11]/C
  -------------------------------------------------------------------    -------------------
    SLICE_X30Y18         FDRE (Prop_fdre_C_Q)         0.164     1.603 r  slow_clk_inst/count_reg[11]/Q
                         net (fo=2, routed)           0.125     1.729    slow_clk_inst/count[11]
    SLICE_X30Y18         CARRY4 (Prop_carry4_S[2]_O[2])
                                                      0.110     1.839 r  slow_clk_inst/count0_carry__1/O[2]
                         net (fo=1, routed)           0.000     1.839    slow_clk_inst/data0[11]
    SLICE_X30Y18         FDRE                                         r  slow_clk_inst/count_reg[11]/D
  -------------------------------------------------------------------    -------------------

                         (clock sys_clk_pin rise edge)
                                                      0.000     0.000 r  
    W5                                                0.000     0.000 r  Clk (IN)
                         net (fo=0)                   0.000     0.000    Clk
    W5                   IBUF (Prop_ibuf_I_O)         0.414     0.414 r  Clk_IBUF_inst/O
                         net (fo=1, routed)           0.685     1.099    Clk_IBUF
    BUFGCTRL_X0Y0        BUFG (Prop_bufg_I_O)         0.029     1.128 r  Clk_IBUF_BUFG_inst/O
                         net (fo=34, routed)          0.823     1.950    slow_clk_inst/Clk_IBUF_BUFG
    SLICE_X30Y18         FDRE                                         r  slow_clk_inst/count_reg[11]/C
                         clock pessimism             -0.511     1.439    
    SLICE_X30Y18         FDRE (Hold_fdre_C_D)         0.134     1.573    slow_clk_inst/count_reg[11]
  -------------------------------------------------------------------
                         required time                         -1.573    
                         arrival time                           1.839    
  -------------------------------------------------------------------
                         slack                                  0.265    

Slack (MET) :             0.266ns  (arrival time - required time)
  Source:                 slow_clk_inst/count_reg[27]/C
                            (rising edge-triggered cell FDRE clocked by sys_clk_pin  {rise@0.000ns fall@5.000ns period=10.000ns})
  Destination:            slow_clk_inst/count_reg[27]/D
                            (rising edge-triggered cell FDRE clocked by sys_clk_pin  {rise@0.000ns fall@5.000ns period=10.000ns})
  Path Group:             sys_clk_pin
  Path Type:              Hold (Min at Fast Process Corner)
  Requirement:            0.000ns  (sys_clk_pin rise@0.000ns - sys_clk_pin rise@0.000ns)
  Data Path Delay:        0.400ns  (logic 0.274ns (68.524%)  route 0.126ns (31.476%))
  Logic Levels:           1  (CARRY4=1)
  Clock Path Skew:        0.000ns (DCD - SCD - CPR)
    Destination Clock Delay (DCD):    1.946ns
    Source Clock Delay      (SCD):    1.436ns
    Clock Pessimism Removal (CPR):    0.510ns

    Location             Delay type                Incr(ns)  Path(ns)    Netlist Resource(s)
  -------------------------------------------------------------------    -------------------
                         (clock sys_clk_pin rise edge)
                                                      0.000     0.000 r  
    W5                                                0.000     0.000 r  Clk (IN)
                         net (fo=0)                   0.000     0.000    Clk
    W5                   IBUF (Prop_ibuf_I_O)         0.226     0.226 r  Clk_IBUF_inst/O
                         net (fo=1, routed)           0.631     0.858    Clk_IBUF
    BUFGCTRL_X0Y0        BUFG (Prop_bufg_I_O)         0.026     0.884 r  Clk_IBUF_BUFG_inst/O
                         net (fo=34, routed)          0.553     1.436    slow_clk_inst/Clk_IBUF_BUFG
    SLICE_X30Y22         FDRE                                         r  slow_clk_inst/count_reg[27]/C
  -------------------------------------------------------------------    -------------------
    SLICE_X30Y22         FDRE (Prop_fdre_C_Q)         0.164     1.600 r  slow_clk_inst/count_reg[27]/Q
                         net (fo=2, routed)           0.126     1.726    slow_clk_inst/count[27]
    SLICE_X30Y22         CARRY4 (Prop_carry4_S[2]_O[2])
                                                      0.110     1.836 r  slow_clk_inst/count0_carry__5/O[2]
                         net (fo=1, routed)           0.000     1.836    slow_clk_inst/data0[27]
    SLICE_X30Y22         FDRE                                         r  slow_clk_inst/count_reg[27]/D
  -------------------------------------------------------------------    -------------------

                         (clock sys_clk_pin rise edge)
                                                      0.000     0.000 r  
    W5                                                0.000     0.000 r  Clk (IN)
                         net (fo=0)                   0.000     0.000    Clk
    W5                   IBUF (Prop_ibuf_I_O)         0.414     0.414 r  Clk_IBUF_inst/O
                         net (fo=1, routed)           0.685     1.099    Clk_IBUF
    BUFGCTRL_X0Y0        BUFG (Prop_bufg_I_O)         0.029     1.128 r  Clk_IBUF_BUFG_inst/O
                         net (fo=34, routed)          0.819     1.946    slow_clk_inst/Clk_IBUF_BUFG
    SLICE_X30Y22         FDRE                                         r  slow_clk_inst/count_reg[27]/C
                         clock pessimism             -0.510     1.436    
    SLICE_X30Y22         FDRE (Hold_fdre_C_D)         0.134     1.570    slow_clk_inst/count_reg[27]
  -------------------------------------------------------------------
                         required time                         -1.570    
                         arrival time                           1.836    
  -------------------------------------------------------------------
                         slack                                  0.266    

Slack (MET) :             0.267ns  (arrival time - required time)
  Source:                 slow_clk_inst/count_reg[19]/C
                            (rising edge-triggered cell FDRE clocked by sys_clk_pin  {rise@0.000ns fall@5.000ns period=10.000ns})
  Destination:            slow_clk_inst/count_reg[19]/D
                            (rising edge-triggered cell FDRE clocked by sys_clk_pin  {rise@0.000ns fall@5.000ns period=10.000ns})
  Path Group:             sys_clk_pin
  Path Type:              Hold (Min at Fast Process Corner)
  Requirement:            0.000ns  (sys_clk_pin rise@0.000ns - sys_clk_pin rise@0.000ns)
  Data Path Delay:        0.401ns  (logic 0.274ns (68.412%)  route 0.127ns (31.588%))
  Logic Levels:           1  (CARRY4=1)
  Clock Path Skew:        0.000ns (DCD - SCD - CPR)
    Destination Clock Delay (DCD):    1.948ns
    Source Clock Delay      (SCD):    1.437ns
    Clock Pessimism Removal (CPR):    0.511ns

    Location             Delay type                Incr(ns)  Path(ns)    Netlist Resource(s)
  -------------------------------------------------------------------    -------------------
                         (clock sys_clk_pin rise edge)
                                                      0.000     0.000 r  
    W5                                                0.000     0.000 r  Clk (IN)
                         net (fo=0)                   0.000     0.000    Clk
    W5                   IBUF (Prop_ibuf_I_O)         0.226     0.226 r  Clk_IBUF_inst/O
                         net (fo=1, routed)           0.631     0.858    Clk_IBUF
    BUFGCTRL_X0Y0        BUFG (Prop_bufg_I_O)         0.026     0.884 r  Clk_IBUF_BUFG_inst/O
                         net (fo=34, routed)          0.554     1.437    slow_clk_inst/Clk_IBUF_BUFG
    SLICE_X30Y20         FDRE                                         r  slow_clk_inst/count_reg[19]/C
  -------------------------------------------------------------------    -------------------
    SLICE_X30Y20         FDRE (Prop_fdre_C_Q)         0.164     1.601 r  slow_clk_inst/count_reg[19]/Q
                         net (fo=2, routed)           0.127     1.728    slow_clk_inst/count[19]
    SLICE_X30Y20         CARRY4 (Prop_carry4_S[2]_O[2])
                                                      0.110     1.838 r  slow_clk_inst/count0_carry__3/O[2]
                         net (fo=1, routed)           0.000     1.838    slow_clk_inst/data0[19]
    SLICE_X30Y20         FDRE                                         r  slow_clk_inst/count_reg[19]/D
  -------------------------------------------------------------------    -------------------

                         (clock sys_clk_pin rise edge)
                                                      0.000     0.000 r  
    W5                                                0.000     0.000 r  Clk (IN)
                         net (fo=0)                   0.000     0.000    Clk
    W5                   IBUF (Prop_ibuf_I_O)         0.414     0.414 r  Clk_IBUF_inst/O
                         net (fo=1, routed)           0.685     1.099    Clk_IBUF
    BUFGCTRL_X0Y0        BUFG (Prop_bufg_I_O)         0.029     1.128 r  Clk_IBUF_BUFG_inst/O
                         net (fo=34, routed)          0.821     1.948    slow_clk_inst/Clk_IBUF_BUFG
    SLICE_X30Y20         FDRE                                         r  slow_clk_inst/count_reg[19]/C
                         clock pessimism             -0.511     1.437    
    SLICE_X30Y20         FDRE (Hold_fdre_C_D)         0.134     1.571    slow_clk_inst/count_reg[19]
  -------------------------------------------------------------------
                         required time                         -1.571    
                         arrival time                           1.838    
  -------------------------------------------------------------------
                         slack                                  0.267    

Slack (MET) :             0.267ns  (arrival time - required time)
  Source:                 slow_clk_inst/count_reg[3]/C
                            (rising edge-triggered cell FDRE clocked by sys_clk_pin  {rise@0.000ns fall@5.000ns period=10.000ns})
  Destination:            slow_clk_inst/count_reg[3]/D
                            (rising edge-triggered cell FDRE clocked by sys_clk_pin  {rise@0.000ns fall@5.000ns period=10.000ns})
  Path Group:             sys_clk_pin
  Path Type:              Hold (Min at Fast Process Corner)
  Requirement:            0.000ns  (sys_clk_pin rise@0.000ns - sys_clk_pin rise@0.000ns)
  Data Path Delay:        0.401ns  (logic 0.274ns (68.401%)  route 0.127ns (31.599%))
  Logic Levels:           1  (CARRY4=1)
  Clock Path Skew:        0.000ns (DCD - SCD - CPR)
    Destination Clock Delay (DCD):    1.952ns
    Source Clock Delay      (SCD):    1.441ns
    Clock Pessimism Removal (CPR):    0.511ns

    Location             Delay type                Incr(ns)  Path(ns)    Netlist Resource(s)
  -------------------------------------------------------------------    -------------------
                         (clock sys_clk_pin rise edge)
                                                      0.000     0.000 r  
    W5                                                0.000     0.000 r  Clk (IN)
                         net (fo=0)                   0.000     0.000    Clk
    W5                   IBUF (Prop_ibuf_I_O)         0.226     0.226 r  Clk_IBUF_inst/O
                         net (fo=1, routed)           0.631     0.858    Clk_IBUF
    BUFGCTRL_X0Y0        BUFG (Prop_bufg_I_O)         0.026     0.884 r  Clk_IBUF_BUFG_inst/O
                         net (fo=34, routed)          0.558     1.441    slow_clk_inst/Clk_IBUF_BUFG
    SLICE_X30Y16         FDRE                                         r  slow_clk_inst/count_reg[3]/C
  -------------------------------------------------------------------    -------------------
    SLICE_X30Y16         FDRE (Prop_fdre_C_Q)         0.164     1.605 r  slow_clk_inst/count_reg[3]/Q
                         net (fo=2, routed)           0.127     1.732    slow_clk_inst/count[3]
    SLICE_X30Y16         CARRY4 (Prop_carry4_S[2]_O[2])
                                                      0.110     1.842 r  slow_clk_inst/count0_carry/O[2]
                         net (fo=1, routed)           0.000     1.842    slow_clk_inst/data0[3]
    SLICE_X30Y16         FDRE                                         r  slow_clk_inst/count_reg[3]/D
  -------------------------------------------------------------------    -------------------

                         (clock sys_clk_pin rise edge)
                                                      0.000     0.000 r  
    W5                                                0.000     0.000 r  Clk (IN)
                         net (fo=0)                   0.000     0.000    Clk
    W5                   IBUF (Prop_ibuf_I_O)         0.414     0.414 r  Clk_IBUF_inst/O
                         net (fo=1, routed)           0.685     1.099    Clk_IBUF
    BUFGCTRL_X0Y0        BUFG (Prop_bufg_I_O)         0.029     1.128 r  Clk_IBUF_BUFG_inst/O
                         net (fo=34, routed)          0.825     1.952    slow_clk_inst/Clk_IBUF_BUFG
    SLICE_X30Y16         FDRE                                         r  slow_clk_inst/count_reg[3]/C
                         clock pessimism             -0.511     1.441    
    SLICE_X30Y16         FDRE (Hold_fdre_C_D)         0.134     1.575    slow_clk_inst/count_reg[3]
  -------------------------------------------------------------------
                         required time                         -1.575    
                         arrival time                           1.842    
  -------------------------------------------------------------------
                         slack                                  0.267    

Slack (MET) :             0.272ns  (arrival time - required time)
  Source:                 slow_clk_inst/count_reg[0]/C
                            (rising edge-triggered cell FDRE clocked by sys_clk_pin  {rise@0.000ns fall@5.000ns period=10.000ns})
  Destination:            slow_clk_inst/count_reg[1]/D
                            (rising edge-triggered cell FDRE clocked by sys_clk_pin  {rise@0.000ns fall@5.000ns period=10.000ns})
  Path Group:             sys_clk_pin
  Path Type:              Hold (Min at Fast Process Corner)
  Requirement:            0.000ns  (sys_clk_pin rise@0.000ns - sys_clk_pin rise@0.000ns)
  Data Path Delay:        0.421ns  (logic 0.299ns (70.998%)  route 0.122ns (29.002%))
  Logic Levels:           1  (CARRY4=1)
  Clock Path Skew:        0.015ns (DCD - SCD - CPR)
    Destination Clock Delay (DCD):    1.952ns
    Source Clock Delay      (SCD):    1.440ns
    Clock Pessimism Removal (CPR):    0.497ns

    Location             Delay type                Incr(ns)  Path(ns)    Netlist Resource(s)
  -------------------------------------------------------------------    -------------------
                         (clock sys_clk_pin rise edge)
                                                      0.000     0.000 r  
    W5                                                0.000     0.000 r  Clk (IN)
                         net (fo=0)                   0.000     0.000    Clk
    W5                   IBUF (Prop_ibuf_I_O)         0.226     0.226 r  Clk_IBUF_inst/O
                         net (fo=1, routed)           0.631     0.858    Clk_IBUF
    BUFGCTRL_X0Y0        BUFG (Prop_bufg_I_O)         0.026     0.884 r  Clk_IBUF_BUFG_inst/O
                         net (fo=34, routed)          0.557     1.440    slow_clk_inst/Clk_IBUF_BUFG
    SLICE_X31Y17         FDRE                                         r  slow_clk_inst/count_reg[0]/C
  -------------------------------------------------------------------    -------------------
    SLICE_X31Y17         FDRE (Prop_fdre_C_Q)         0.141     1.581 r  slow_clk_inst/count_reg[0]/Q
                         net (fo=3, routed)           0.122     1.703    slow_clk_inst/count[0]
    SLICE_X30Y16         CARRY4 (Prop_carry4_CYINIT_O[0])
                                                      0.158     1.861 r  slow_clk_inst/count0_carry/O[0]
                         net (fo=1, routed)           0.000     1.861    slow_clk_inst/data0[1]
    SLICE_X30Y16         FDRE                                         r  slow_clk_inst/count_reg[1]/D
  -------------------------------------------------------------------    -------------------

                         (clock sys_clk_pin rise edge)
                                                      0.000     0.000 r  
    W5                                                0.000     0.000 r  Clk (IN)
                         net (fo=0)                   0.000     0.000    Clk
    W5                   IBUF (Prop_ibuf_I_O)         0.414     0.414 r  Clk_IBUF_inst/O
                         net (fo=1, routed)           0.685     1.099    Clk_IBUF
    BUFGCTRL_X0Y0        BUFG (Prop_bufg_I_O)         0.029     1.128 r  Clk_IBUF_BUFG_inst/O
                         net (fo=34, routed)          0.825     1.952    slow_clk_inst/Clk_IBUF_BUFG
    SLICE_X30Y16         FDRE                                         r  slow_clk_inst/count_reg[1]/C
                         clock pessimism             -0.497     1.455    
    SLICE_X30Y16         FDRE (Hold_fdre_C_D)         0.134     1.589    slow_clk_inst/count_reg[1]
  -------------------------------------------------------------------
                         required time                         -1.589    
                         arrival time                           1.861    
  -------------------------------------------------------------------
                         slack                                  0.272    

Slack (MET) :             0.298ns  (arrival time - required time)
  Source:                 slow_clk_inst/count_reg[0]/C
                            (rising edge-triggered cell FDRE clocked by sys_clk_pin  {rise@0.000ns fall@5.000ns period=10.000ns})
  Destination:            slow_clk_inst/count_reg[2]/D
                            (rising edge-triggered cell FDRE clocked by sys_clk_pin  {rise@0.000ns fall@5.000ns period=10.000ns})
  Path Group:             sys_clk_pin
  Path Type:              Hold (Min at Fast Process Corner)
  Requirement:            0.000ns  (sys_clk_pin rise@0.000ns - sys_clk_pin rise@0.000ns)
  Data Path Delay:        0.447ns  (logic 0.325ns (72.684%)  route 0.122ns (27.316%))
  Logic Levels:           1  (CARRY4=1)
  Clock Path Skew:        0.015ns (DCD - SCD - CPR)
    Destination Clock Delay (DCD):    1.952ns
    Source Clock Delay      (SCD):    1.440ns
    Clock Pessimism Removal (CPR):    0.497ns

    Location             Delay type                Incr(ns)  Path(ns)    Netlist Resource(s)
  -------------------------------------------------------------------    -------------------
                         (clock sys_clk_pin rise edge)
                                                      0.000     0.000 r  
    W5                                                0.000     0.000 r  Clk (IN)
                         net (fo=0)                   0.000     0.000    Clk
    W5                   IBUF (Prop_ibuf_I_O)         0.226     0.226 r  Clk_IBUF_inst/O
                         net (fo=1, routed)           0.631     0.858    Clk_IBUF
    BUFGCTRL_X0Y0        BUFG (Prop_bufg_I_O)         0.026     0.884 r  Clk_IBUF_BUFG_inst/O
                         net (fo=34, routed)          0.557     1.440    slow_clk_inst/Clk_IBUF_BUFG
    SLICE_X31Y17         FDRE                                         r  slow_clk_inst/count_reg[0]/C
  -------------------------------------------------------------------    -------------------
    SLICE_X31Y17         FDRE (Prop_fdre_C_Q)         0.141     1.581 r  slow_clk_inst/count_reg[0]/Q
                         net (fo=3, routed)           0.122     1.703    slow_clk_inst/count[0]
    SLICE_X30Y16         CARRY4 (Prop_carry4_CYINIT_O[1])
                                                      0.184     1.887 r  slow_clk_inst/count0_carry/O[1]
                         net (fo=1, routed)           0.000     1.887    slow_clk_inst/data0[2]
    SLICE_X30Y16         FDRE                                         r  slow_clk_inst/count_reg[2]/D
  -------------------------------------------------------------------    -------------------

                         (clock sys_clk_pin rise edge)
                                                      0.000     0.000 r  
    W5                                                0.000     0.000 r  Clk (IN)
                         net (fo=0)                   0.000     0.000    Clk
    W5                   IBUF (Prop_ibuf_I_O)         0.414     0.414 r  Clk_IBUF_inst/O
                         net (fo=1, routed)           0.685     1.099    Clk_IBUF
    BUFGCTRL_X0Y0        BUFG (Prop_bufg_I_O)         0.029     1.128 r  Clk_IBUF_BUFG_inst/O
                         net (fo=34, routed)          0.825     1.952    slow_clk_inst/Clk_IBUF_BUFG
    SLICE_X30Y16         FDRE                                         r  slow_clk_inst/count_reg[2]/C
                         clock pessimism             -0.497     1.455    
    SLICE_X30Y16         FDRE (Hold_fdre_C_D)         0.134     1.589    slow_clk_inst/count_reg[2]
  -------------------------------------------------------------------
                         required time                         -1.589    
                         arrival time                           1.887    
  -------------------------------------------------------------------
                         slack                                  0.298    

Slack (MET) :             0.301ns  (arrival time - required time)
  Source:                 slow_clk_inst/count_reg[7]/C
                            (rising edge-triggered cell FDRE clocked by sys_clk_pin  {rise@0.000ns fall@5.000ns period=10.000ns})
  Destination:            slow_clk_inst/count_reg[8]/D
                            (rising edge-triggered cell FDRE clocked by sys_clk_pin  {rise@0.000ns fall@5.000ns period=10.000ns})
  Path Group:             sys_clk_pin
  Path Type:              Hold (Min at Fast Process Corner)
  Requirement:            0.000ns  (sys_clk_pin rise@0.000ns - sys_clk_pin rise@0.000ns)
  Data Path Delay:        0.435ns  (logic 0.310ns (71.185%)  route 0.125ns (28.815%))
  Logic Levels:           1  (CARRY4=1)
  Clock Path Skew:        0.000ns (DCD - SCD - CPR)
    Destination Clock Delay (DCD):    1.951ns
    Source Clock Delay      (SCD):    1.440ns
    Clock Pessimism Removal (CPR):    0.511ns

    Location             Delay type                Incr(ns)  Path(ns)    Netlist Resource(s)
  -------------------------------------------------------------------    -------------------
                         (clock sys_clk_pin rise edge)
                                                      0.000     0.000 r  
    W5                                                0.000     0.000 r  Clk (IN)
                         net (fo=0)                   0.000     0.000    Clk
    W5                   IBUF (Prop_ibuf_I_O)         0.226     0.226 r  Clk_IBUF_inst/O
                         net (fo=1, routed)           0.631     0.858    Clk_IBUF
    BUFGCTRL_X0Y0        BUFG (Prop_bufg_I_O)         0.026     0.884 r  Clk_IBUF_BUFG_inst/O
                         net (fo=34, routed)          0.557     1.440    slow_clk_inst/Clk_IBUF_BUFG
    SLICE_X30Y17         FDRE                                         r  slow_clk_inst/count_reg[7]/C
  -------------------------------------------------------------------    -------------------
    SLICE_X30Y17         FDRE (Prop_fdre_C_Q)         0.164     1.604 r  slow_clk_inst/count_reg[7]/Q
                         net (fo=2, routed)           0.125     1.730    slow_clk_inst/count[7]
    SLICE_X30Y17         CARRY4 (Prop_carry4_S[2]_O[3])
                                                      0.146     1.876 r  slow_clk_inst/count0_carry__0/O[3]
                         net (fo=1, routed)           0.000     1.876    slow_clk_inst/data0[8]
    SLICE_X30Y17         FDRE                                         r  slow_clk_inst/count_reg[8]/D
  -------------------------------------------------------------------    -------------------

                         (clock sys_clk_pin rise edge)
                                                      0.000     0.000 r  
    W5                                                0.000     0.000 r  Clk (IN)
                         net (fo=0)                   0.000     0.000    Clk
    W5                   IBUF (Prop_ibuf_I_O)         0.414     0.414 r  Clk_IBUF_inst/O
                         net (fo=1, routed)           0.685     1.099    Clk_IBUF
    BUFGCTRL_X0Y0        BUFG (Prop_bufg_I_O)         0.029     1.128 r  Clk_IBUF_BUFG_inst/O
                         net (fo=34, routed)          0.824     1.951    slow_clk_inst/Clk_IBUF_BUFG
    SLICE_X30Y17         FDRE                                         r  slow_clk_inst/count_reg[8]/C
                         clock pessimism             -0.511     1.440    
    SLICE_X30Y17         FDRE (Hold_fdre_C_D)         0.134     1.574    slow_clk_inst/count_reg[8]
  -------------------------------------------------------------------
                         required time                         -1.574    
                         arrival time                           1.876    
  -------------------------------------------------------------------
                         slack                                  0.301    

Slack (MET) :             0.301ns  (arrival time - required time)
  Source:                 slow_clk_inst/count_reg[11]/C
                            (rising edge-triggered cell FDRE clocked by sys_clk_pin  {rise@0.000ns fall@5.000ns period=10.000ns})
  Destination:            slow_clk_inst/count_reg[12]/D
                            (rising edge-triggered cell FDRE clocked by sys_clk_pin  {rise@0.000ns fall@5.000ns period=10.000ns})
  Path Group:             sys_clk_pin
  Path Type:              Hold (Min at Fast Process Corner)
  Requirement:            0.000ns  (sys_clk_pin rise@0.000ns - sys_clk_pin rise@0.000ns)
  Data Path Delay:        0.435ns  (logic 0.310ns (71.185%)  route 0.125ns (28.815%))
  Logic Levels:           1  (CARRY4=1)
  Clock Path Skew:        0.000ns (DCD - SCD - CPR)
    Destination Clock Delay (DCD):    1.950ns
    Source Clock Delay      (SCD):    1.439ns
    Clock Pessimism Removal (CPR):    0.511ns

    Location             Delay type                Incr(ns)  Path(ns)    Netlist Resource(s)
  -------------------------------------------------------------------    -------------------
                         (clock sys_clk_pin rise edge)
                                                      0.000     0.000 r  
    W5                                                0.000     0.000 r  Clk (IN)
                         net (fo=0)                   0.000     0.000    Clk
    W5                   IBUF (Prop_ibuf_I_O)         0.226     0.226 r  Clk_IBUF_inst/O
                         net (fo=1, routed)           0.631     0.858    Clk_IBUF
    BUFGCTRL_X0Y0        BUFG (Prop_bufg_I_O)         0.026     0.884 r  Clk_IBUF_BUFG_inst/O
                         net (fo=34, routed)          0.556     1.439    slow_clk_inst/Clk_IBUF_BUFG
    SLICE_X30Y18         FDRE                                         r  slow_clk_inst/count_reg[11]/C
  -------------------------------------------------------------------    -------------------
    SLICE_X30Y18         FDRE (Prop_fdre_C_Q)         0.164     1.603 r  slow_clk_inst/count_reg[11]/Q
                         net (fo=2, routed)           0.125     1.729    slow_clk_inst/count[11]
    SLICE_X30Y18         CARRY4 (Prop_carry4_S[2]_O[3])
                                                      0.146     1.875 r  slow_clk_inst/count0_carry__1/O[3]
                         net (fo=1, routed)           0.000     1.875    slow_clk_inst/data0[12]
    SLICE_X30Y18         FDRE                                         r  slow_clk_inst/count_reg[12]/D
  -------------------------------------------------------------------    -------------------

                         (clock sys_clk_pin rise edge)
                                                      0.000     0.000 r  
    W5                                                0.000     0.000 r  Clk (IN)
                         net (fo=0)                   0.000     0.000    Clk
    W5                   IBUF (Prop_ibuf_I_O)         0.414     0.414 r  Clk_IBUF_inst/O
                         net (fo=1, routed)           0.685     1.099    Clk_IBUF
    BUFGCTRL_X0Y0        BUFG (Prop_bufg_I_O)         0.029     1.128 r  Clk_IBUF_BUFG_inst/O
                         net (fo=34, routed)          0.823     1.950    slow_clk_inst/Clk_IBUF_BUFG
    SLICE_X30Y18         FDRE                                         r  slow_clk_inst/count_reg[12]/C
                         clock pessimism             -0.511     1.439    
    SLICE_X30Y18         FDRE (Hold_fdre_C_D)         0.134     1.573    slow_clk_inst/count_reg[12]
  -------------------------------------------------------------------
                         required time                         -1.573    
                         arrival time                           1.875    
  -------------------------------------------------------------------
                         slack                                  0.301    





Pulse Width Checks
--------------------------------------------------------------------------------------
Clock Name:         sys_clk_pin
Waveform(ns):       { 0.000 5.000 }
Period(ns):         10.000
Sources:            { Clk }

Check Type        Corner  Lib Pin  Reference Pin  Required(ns)  Actual(ns)  Slack(ns)  Location       Pin
Min Period        n/a     BUFG/I   n/a            2.155         10.000      7.845      BUFGCTRL_X0Y0  Clk_IBUF_BUFG_inst/I
Min Period        n/a     FDRE/C   n/a            1.000         10.000      9.000      SLICE_X31Y21   slow_clk_inst/Clk_out_reg/C
Min Period        n/a     FDRE/C   n/a            1.000         10.000      9.000      SLICE_X31Y21   slow_clk_inst/clk_status_reg/C
Min Period        n/a     FDRE/C   n/a            1.000         10.000      9.000      SLICE_X31Y17   slow_clk_inst/count_reg[0]/C
Min Period        n/a     FDRE/C   n/a            1.000         10.000      9.000      SLICE_X30Y18   slow_clk_inst/count_reg[10]/C
Min Period        n/a     FDRE/C   n/a            1.000         10.000      9.000      SLICE_X30Y18   slow_clk_inst/count_reg[11]/C
Min Period        n/a     FDRE/C   n/a            1.000         10.000      9.000      SLICE_X30Y18   slow_clk_inst/count_reg[12]/C
Min Period        n/a     FDRE/C   n/a            1.000         10.000      9.000      SLICE_X30Y19   slow_clk_inst/count_reg[13]/C
Min Period        n/a     FDRE/C   n/a            1.000         10.000      9.000      SLICE_X30Y19   slow_clk_inst/count_reg[14]/C
Min Period        n/a     FDRE/C   n/a            1.000         10.000      9.000      SLICE_X30Y19   slow_clk_inst/count_reg[15]/C
Low Pulse Width   Fast    FDRE/C   n/a            0.500         5.000       4.500      SLICE_X31Y21   slow_clk_inst/Clk_out_reg/C
Low Pulse Width   Fast    FDRE/C   n/a            0.500         5.000       4.500      SLICE_X31Y21   slow_clk_inst/clk_status_reg/C
Low Pulse Width   Fast    FDRE/C   n/a            0.500         5.000       4.500      SLICE_X30Y21   slow_clk_inst/count_reg[21]/C
Low Pulse Width   Fast    FDRE/C   n/a            0.500         5.000       4.500      SLICE_X30Y21   slow_clk_inst/count_reg[22]/C
Low Pulse Width   Fast    FDRE/C   n/a            0.500         5.000       4.500      SLICE_X30Y21   slow_clk_inst/count_reg[23]/C
Low Pulse Width   Fast    FDRE/C   n/a            0.500         5.000       4.500      SLICE_X30Y21   slow_clk_inst/count_reg[24]/C
Low Pulse Width   Slow    FDRE/C   n/a            0.500         5.000       4.500      SLICE_X30Y22   slow_clk_inst/count_reg[25]/C
Low Pulse Width   Slow    FDRE/C   n/a            0.500         5.000       4.500      SLICE_X30Y22   slow_clk_inst/count_reg[26]/C
Low Pulse Width   Slow    FDRE/C   n/a            0.500         5.000       4.500      SLICE_X30Y22   slow_clk_inst/count_reg[27]/C
Low Pulse Width   Slow    FDRE/C   n/a            0.500         5.000       4.500      SLICE_X30Y22   slow_clk_inst/count_reg[28]/C
High Pulse Width  Fast    FDRE/C   n/a            0.500         5.000       4.500      SLICE_X31Y17   slow_clk_inst/count_reg[0]/C
High Pulse Width  Slow    FDRE/C   n/a            0.500         5.000       4.500      SLICE_X30Y16   slow_clk_inst/count_reg[1]/C
High Pulse Width  Fast    FDRE/C   n/a            0.500         5.000       4.500      SLICE_X30Y22   slow_clk_inst/count_reg[25]/C
High Pulse Width  Fast    FDRE/C   n/a            0.500         5.000       4.500      SLICE_X30Y22   slow_clk_inst/count_reg[26]/C
High Pulse Width  Fast    FDRE/C   n/a            0.500         5.000       4.500      SLICE_X30Y22   slow_clk_inst/count_reg[27]/C
High Pulse Width  Fast    FDRE/C   n/a            0.500         5.000       4.500      SLICE_X30Y22   slow_clk_inst/count_reg[28]/C
High Pulse Width  Slow    FDRE/C   n/a            0.500         5.000       4.500      SLICE_X30Y16   slow_clk_inst/count_reg[2]/C
High Pulse Width  Slow    FDRE/C   n/a            0.500         5.000       4.500      SLICE_X30Y16   slow_clk_inst/count_reg[3]/C
High Pulse Width  Slow    FDRE/C   n/a            0.500         5.000       4.500      SLICE_X30Y16   slow_clk_inst/count_reg[4]/C
High Pulse Width  Fast    FDRE/C   n/a            0.500         5.000       4.500      SLICE_X30Y17   slow_clk_inst/count_reg[5]/C



