Vivado Simulator 2018.1
Copyright 1986-1999, 2001-2017 Xilinx, Inc. All Rights Reserved.
Running: C:/Xilinx/Vivado/2018.1/bin/unwrapped/win64.o/xelab.exe -wto 340faac6f1a548dc9ed860dfa13d4483 --incr --debug typical --relax --mt 2 -L xil_defaultlib -L secureip --snapshot TB_Program_Counter_behav xil_defaultlib.TB_Program_Counter -log elaborate.log 
Using 2 slave threads.
Starting static elaboration
Completed static elaboration
Starting simulation data flow analysis
Completed simulation data flow analysis
Time Resolution for simulation is 1ps
Compiling package std.standard
Compiling package std.textio
Compiling package ieee.std_logic_1164
Compiling package ieee.numeric_std
Compiling architecture behavioral of entity xil_defaultlib.Mux_2_way_1 [mux_2_way_1_default]
Compiling architecture behavioral of entity xil_defaultlib.D_FF [d_ff_default]
Compiling architecture behavioral of entity xil_defaultlib.Register_1 [register_1_default]
Compiling architecture behavioral of entity xil_defaultlib.Register_3 [register_3_default]
Compiling architecture behavioral of entity xil_defaultlib.Program_Counter_3 [program_counter_3_default]
Compiling architecture behavioral of entity xil_defaultlib.tb_program_counter
Built simulation snapshot TB_Program_Counter_behav
