#-----------------------------------------------------------
# Vivado v2018.1 (64-bit)
# SW Build 2188600 on Wed Apr  4 18:40:38 MDT 2018
# IP Build 2185939 on Wed Apr  4 20:55:05 MDT 2018
# Start of session at: Sun Apr 14 11:14:18 2024
# Process ID: 12812
# Current directory: C:/Users/Yutharsan/Documents/GitHub/CODD-Nano-Processor/Nano Processor
# Command line: vivado.exe -gui_launcher_event rodinguilauncherevent18784 C:\Users\Yutharsan\Documents\GitHub\CODD-Nano-Processor\Nano Processor\Nano Processor.xpr
# Log file: C:/Users/Yutharsan/Documents/GitHub/CODD-Nano-Processor/Nano Processor/vivado.log
# Journal file: C:/Users/Yutharsan/Documents/GitHub/CODD-Nano-Processor/Nano Processor\vivado.jou
#-----------------------------------------------------------
start_gui
open_project {C:/Users/Yutharsan/Documents/GitHub/CODD-Nano-Processor/Nano Processor/Nano Processor.xpr}
Scanning sources...
Finished scanning sources
INFO: [IP_Flow 19-234] Refreshing IP repositories
INFO: [IP_Flow 19-1704] No user IP repositories specified
INFO: [IP_Flow 19-2313] Loaded Vivado IP repository 'C:/Xilinx/Vivado/2018.1/data/ip'.
open_project: Time (s): cpu = 00:00:12 ; elapsed = 00:00:10 . Memory (MB): peak = 849.508 ; gain = 73.445
update_compile_order -fileset sources_1
synth_design -rtl -name rtl_1
Command: synth_design -rtl -name rtl_1
Starting synth_design
Using part: xc7a35tcpg236-1
Top: Processor
---------------------------------------------------------------------------------
Starting RTL Elaboration : Time (s): cpu = 00:00:15 ; elapsed = 00:00:10 . Memory (MB): peak = 978.809 ; gain = 117.207
---------------------------------------------------------------------------------
INFO: [Synth 8-638] synthesizing module 'Processor' [C:/Users/Yutharsan/Documents/GitHub/CODD-Nano-Processor/Nano Processor/Nano Processor.srcs/sources_1/new/Processor.vhd:23]
INFO: [Synth 8-3491] module 'Program_Counter_3' declared at 'C:/Users/Yutharsan/Documents/GitHub/CODD-Nano-Processor/Nano Processor/Nano Processor.srcs/sources_1/new/Components/Program_Counter_3.vhd:4' bound to instance 'PC' of component 'Program_Counter_3' [C:/Users/Yutharsan/Documents/GitHub/CODD-Nano-Processor/Nano Processor/Nano Processor.srcs/sources_1/new/Processor.vhd:155]
INFO: [Synth 8-638] synthesizing module 'Program_Counter_3' [C:/Users/Yutharsan/Documents/GitHub/CODD-Nano-Processor/Nano Processor/Nano Processor.srcs/sources_1/new/Components/Program_Counter_3.vhd:14]
INFO: [Synth 8-3491] module 'Register_3' declared at 'C:/Users/Yutharsan/Documents/GitHub/CODD-Nano-Processor/Nano Processor/Nano Processor.srcs/sources_1/new/Components/Registers/Register_3.vhd:4' bound to instance 'Reg0' of component 'Register_3' [C:/Users/Yutharsan/Documents/GitHub/CODD-Nano-Processor/Nano Processor/Nano Processor.srcs/sources_1/new/Components/Program_Counter_3.vhd:29]
INFO: [Synth 8-638] synthesizing module 'Register_3' [C:/Users/Yutharsan/Documents/GitHub/CODD-Nano-Processor/Nano Processor/Nano Processor.srcs/sources_1/new/Components/Registers/Register_3.vhd:15]
INFO: [Synth 8-3491] module 'Register_1' declared at 'C:/Users/Yutharsan/Documents/GitHub/CODD-Nano-Processor/Nano Processor/Nano Processor.srcs/sources_1/new/Components/Registers/Register_1.vhd:4' bound to instance 'Reg_0' of component 'Register_1' [C:/Users/Yutharsan/Documents/GitHub/CODD-Nano-Processor/Nano Processor/Nano Processor.srcs/sources_1/new/Components/Registers/Register_3.vhd:32]
INFO: [Synth 8-638] synthesizing module 'Register_1' [C:/Users/Yutharsan/Documents/GitHub/CODD-Nano-Processor/Nano Processor/Nano Processor.srcs/sources_1/new/Components/Registers/Register_1.vhd:15]
INFO: [Synth 8-3491] module 'Mux_2_way_1' declared at 'C:/Users/Yutharsan/Documents/GitHub/CODD-Nano-Processor/Nano Processor/Nano Processor.srcs/sources_1/new/Components/Mux/Mux_2_to_1.vhd:4' bound to instance 'Mux_0' of component 'Mux_2_way_1' [C:/Users/Yutharsan/Documents/GitHub/CODD-Nano-Processor/Nano Processor/Nano Processor.srcs/sources_1/new/Components/Registers/Register_1.vhd:44]
INFO: [Synth 8-638] synthesizing module 'Mux_2_way_1' [C:/Users/Yutharsan/Documents/GitHub/CODD-Nano-Processor/Nano Processor/Nano Processor.srcs/sources_1/new/Components/Mux/Mux_2_to_1.vhd:14]
INFO: [Synth 8-256] done synthesizing module 'Mux_2_way_1' (1#1) [C:/Users/Yutharsan/Documents/GitHub/CODD-Nano-Processor/Nano Processor/Nano Processor.srcs/sources_1/new/Components/Mux/Mux_2_to_1.vhd:14]
INFO: [Synth 8-3491] module 'D_FF' declared at 'C:/Users/Yutharsan/Documents/GitHub/CODD-Nano-Processor/Nano Processor/Nano Processor.srcs/sources_1/new/Components/Registers/D_FF.vhd:4' bound to instance 'DFF_0' of component 'D_FF' [C:/Users/Yutharsan/Documents/GitHub/CODD-Nano-Processor/Nano Processor/Nano Processor.srcs/sources_1/new/Components/Registers/Register_1.vhd:53]
INFO: [Synth 8-638] synthesizing module 'D_FF' [C:/Users/Yutharsan/Documents/GitHub/CODD-Nano-Processor/Nano Processor/Nano Processor.srcs/sources_1/new/Components/Registers/D_FF.vhd:14]
INFO: [Synth 8-256] done synthesizing module 'D_FF' (2#1) [C:/Users/Yutharsan/Documents/GitHub/CODD-Nano-Processor/Nano Processor/Nano Processor.srcs/sources_1/new/Components/Registers/D_FF.vhd:14]
INFO: [Synth 8-256] done synthesizing module 'Register_1' (3#1) [C:/Users/Yutharsan/Documents/GitHub/CODD-Nano-Processor/Nano Processor/Nano Processor.srcs/sources_1/new/Components/Registers/Register_1.vhd:15]
INFO: [Synth 8-3491] module 'Register_1' declared at 'C:/Users/Yutharsan/Documents/GitHub/CODD-Nano-Processor/Nano Processor/Nano Processor.srcs/sources_1/new/Components/Registers/Register_1.vhd:4' bound to instance 'Reg_1' of component 'Register_1' [C:/Users/Yutharsan/Documents/GitHub/CODD-Nano-Processor/Nano Processor/Nano Processor.srcs/sources_1/new/Components/Registers/Register_3.vhd:42]
INFO: [Synth 8-3491] module 'Register_1' declared at 'C:/Users/Yutharsan/Documents/GitHub/CODD-Nano-Processor/Nano Processor/Nano Processor.srcs/sources_1/new/Components/Registers/Register_1.vhd:4' bound to instance 'Reg_2' of component 'Register_1' [C:/Users/Yutharsan/Documents/GitHub/CODD-Nano-Processor/Nano Processor/Nano Processor.srcs/sources_1/new/Components/Registers/Register_3.vhd:52]
INFO: [Synth 8-256] done synthesizing module 'Register_3' (4#1) [C:/Users/Yutharsan/Documents/GitHub/CODD-Nano-Processor/Nano Processor/Nano Processor.srcs/sources_1/new/Components/Registers/Register_3.vhd:15]
INFO: [Synth 8-256] done synthesizing module 'Program_Counter_3' (5#1) [C:/Users/Yutharsan/Documents/GitHub/CODD-Nano-Processor/Nano Processor/Nano Processor.srcs/sources_1/new/Components/Program_Counter_3.vhd:14]
INFO: [Synth 8-3491] module 'Mux_2_way_3' declared at 'C:/Users/Yutharsan/Documents/GitHub/CODD-Nano-Processor/Nano Processor/Nano Processor.srcs/sources_1/new/Components/Mux/Mux_2_way_3.vhd:4' bound to instance 'Mux23' of component 'Mux_2_way_3' [C:/Users/Yutharsan/Documents/GitHub/CODD-Nano-Processor/Nano Processor/Nano Processor.srcs/sources_1/new/Processor.vhd:164]
INFO: [Synth 8-638] synthesizing module 'Mux_2_way_3' [C:/Users/Yutharsan/Documents/GitHub/CODD-Nano-Processor/Nano Processor/Nano Processor.srcs/sources_1/new/Components/Mux/Mux_2_way_3.vhd:14]
INFO: [Synth 8-3491] module 'Mux_2_way_1' declared at 'C:/Users/Yutharsan/Documents/GitHub/CODD-Nano-Processor/Nano Processor/Nano Processor.srcs/sources_1/new/Components/Mux/Mux_2_to_1.vhd:4' bound to instance 'Mux0' of component 'Mux_2_way_1' [C:/Users/Yutharsan/Documents/GitHub/CODD-Nano-Processor/Nano Processor/Nano Processor.srcs/sources_1/new/Components/Mux/Mux_2_way_3.vhd:28]
INFO: [Synth 8-3491] module 'Mux_2_way_1' declared at 'C:/Users/Yutharsan/Documents/GitHub/CODD-Nano-Processor/Nano Processor/Nano Processor.srcs/sources_1/new/Components/Mux/Mux_2_to_1.vhd:4' bound to instance 'Mux1' of component 'Mux_2_way_1' [C:/Users/Yutharsan/Documents/GitHub/CODD-Nano-Processor/Nano Processor/Nano Processor.srcs/sources_1/new/Components/Mux/Mux_2_way_3.vhd:37]
INFO: [Synth 8-3491] module 'Mux_2_way_1' declared at 'C:/Users/Yutharsan/Documents/GitHub/CODD-Nano-Processor/Nano Processor/Nano Processor.srcs/sources_1/new/Components/Mux/Mux_2_to_1.vhd:4' bound to instance 'Mux2' of component 'Mux_2_way_1' [C:/Users/Yutharsan/Documents/GitHub/CODD-Nano-Processor/Nano Processor/Nano Processor.srcs/sources_1/new/Components/Mux/Mux_2_way_3.vhd:46]
INFO: [Synth 8-256] done synthesizing module 'Mux_2_way_3' (6#1) [C:/Users/Yutharsan/Documents/GitHub/CODD-Nano-Processor/Nano Processor/Nano Processor.srcs/sources_1/new/Components/Mux/Mux_2_way_3.vhd:14]
INFO: [Synth 8-3491] module 'ADD_3' declared at 'C:/Users/Yutharsan/Documents/GitHub/CODD-Nano-Processor/Nano Processor/Nano Processor.srcs/sources_1/new/Components/ALU/ADD_3.vhd:4' bound to instance 'Add3' of component 'ADD_3' [C:/Users/Yutharsan/Documents/GitHub/CODD-Nano-Processor/Nano Processor/Nano Processor.srcs/sources_1/new/Processor.vhd:173]
INFO: [Synth 8-638] synthesizing module 'ADD_3' [C:/Users/Yutharsan/Documents/GitHub/CODD-Nano-Processor/Nano Processor/Nano Processor.srcs/sources_1/new/Components/ALU/ADD_3.vhd:12]
INFO: [Synth 8-3491] module 'FA' declared at 'C:/Users/Yutharsan/Documents/GitHub/CODD-Nano-Processor/Nano Processor/Nano Processor.srcs/sources_1/new/Components/ALU/FA.vhd:25' bound to instance 'FA_0' of component 'FA' [C:/Users/Yutharsan/Documents/GitHub/CODD-Nano-Processor/Nano Processor/Nano Processor.srcs/sources_1/new/Components/ALU/ADD_3.vhd:27]
INFO: [Synth 8-638] synthesizing module 'FA' [C:/Users/Yutharsan/Documents/GitHub/CODD-Nano-Processor/Nano Processor/Nano Processor.srcs/sources_1/new/Components/ALU/FA.vhd:33]
INFO: [Synth 8-3491] module 'HA' declared at 'C:/Users/Yutharsan/Documents/GitHub/CODD-Nano-Processor/Nano Processor/Nano Processor.srcs/sources_1/new/Components/ALU/HA.vhd:25' bound to instance 'HA_0' of component 'HA' [C:/Users/Yutharsan/Documents/GitHub/CODD-Nano-Processor/Nano Processor/Nano Processor.srcs/sources_1/new/Components/ALU/FA.vhd:46]
INFO: [Synth 8-638] synthesizing module 'HA' [C:/Users/Yutharsan/Documents/GitHub/CODD-Nano-Processor/Nano Processor/Nano Processor.srcs/sources_1/new/Components/ALU/HA.vhd:32]
INFO: [Synth 8-256] done synthesizing module 'HA' (7#1) [C:/Users/Yutharsan/Documents/GitHub/CODD-Nano-Processor/Nano Processor/Nano Processor.srcs/sources_1/new/Components/ALU/HA.vhd:32]
INFO: [Synth 8-3491] module 'HA' declared at 'C:/Users/Yutharsan/Documents/GitHub/CODD-Nano-Processor/Nano Processor/Nano Processor.srcs/sources_1/new/Components/ALU/HA.vhd:25' bound to instance 'HA_1' of component 'HA' [C:/Users/Yutharsan/Documents/GitHub/CODD-Nano-Processor/Nano Processor/Nano Processor.srcs/sources_1/new/Components/ALU/FA.vhd:53]
INFO: [Synth 8-256] done synthesizing module 'FA' (8#1) [C:/Users/Yutharsan/Documents/GitHub/CODD-Nano-Processor/Nano Processor/Nano Processor.srcs/sources_1/new/Components/ALU/FA.vhd:33]
INFO: [Synth 8-3491] module 'FA' declared at 'C:/Users/Yutharsan/Documents/GitHub/CODD-Nano-Processor/Nano Processor/Nano Processor.srcs/sources_1/new/Components/ALU/FA.vhd:25' bound to instance 'FA_1' of component 'FA' [C:/Users/Yutharsan/Documents/GitHub/CODD-Nano-Processor/Nano Processor/Nano Processor.srcs/sources_1/new/Components/ALU/ADD_3.vhd:35]
INFO: [Synth 8-3491] module 'FA' declared at 'C:/Users/Yutharsan/Documents/GitHub/CODD-Nano-Processor/Nano Processor/Nano Processor.srcs/sources_1/new/Components/ALU/FA.vhd:25' bound to instance 'FA_2' of component 'FA' [C:/Users/Yutharsan/Documents/GitHub/CODD-Nano-Processor/Nano Processor/Nano Processor.srcs/sources_1/new/Components/ALU/ADD_3.vhd:43]
INFO: [Synth 8-256] done synthesizing module 'ADD_3' (9#1) [C:/Users/Yutharsan/Documents/GitHub/CODD-Nano-Processor/Nano Processor/Nano Processor.srcs/sources_1/new/Components/ALU/ADD_3.vhd:12]
INFO: [Synth 8-3491] module 'Instruction_Decoder_12' declared at 'C:/Users/Yutharsan/Documents/GitHub/CODD-Nano-Processor/Nano Processor/Nano Processor.srcs/sources_1/new/Components/Instruction_Decoder_12.vhd:4' bound to instance 'Ins_Dec' of component 'Instruction_Decoder_12' [C:/Users/Yutharsan/Documents/GitHub/CODD-Nano-Processor/Nano Processor/Nano Processor.srcs/sources_1/new/Processor.vhd:184]
INFO: [Synth 8-638] synthesizing module 'Instruction_Decoder_12' [C:/Users/Yutharsan/Documents/GitHub/CODD-Nano-Processor/Nano Processor/Nano Processor.srcs/sources_1/new/Components/Instruction_Decoder_12.vhd:21]
INFO: [Synth 8-256] done synthesizing module 'Instruction_Decoder_12' (10#1) [C:/Users/Yutharsan/Documents/GitHub/CODD-Nano-Processor/Nano Processor/Nano Processor.srcs/sources_1/new/Components/Instruction_Decoder_12.vhd:21]
INFO: [Synth 8-3491] module 'Program_ROM_8' declared at 'C:/Users/Yutharsan/Documents/GitHub/CODD-Nano-Processor/Nano Processor/Nano Processor.srcs/sources_1/new/Components/Program_ROM_8.vhd:5' bound to instance 'PR' of component 'Program_Rom_8' [C:/Users/Yutharsan/Documents/GitHub/CODD-Nano-Processor/Nano Processor/Nano Processor.srcs/sources_1/new/Processor.vhd:201]
INFO: [Synth 8-638] synthesizing module 'Program_ROM_8' [C:/Users/Yutharsan/Documents/GitHub/CODD-Nano-Processor/Nano Processor/Nano Processor.srcs/sources_1/new/Components/Program_ROM_8.vhd:13]
INFO: [Synth 8-256] done synthesizing module 'Program_ROM_8' (11#1) [C:/Users/Yutharsan/Documents/GitHub/CODD-Nano-Processor/Nano Processor/Nano Processor.srcs/sources_1/new/Components/Program_ROM_8.vhd:13]
INFO: [Synth 8-3491] module 'ADD_SUB' declared at 'C:/Users/Yutharsan/Documents/GitHub/CODD-Nano-Processor/Nano Processor/Nano Processor.srcs/sources_1/new/Components/ALU/ADD_SUB.vhd:4' bound to instance 'AU' of component 'ADD_SUB' [C:/Users/Yutharsan/Documents/GitHub/CODD-Nano-Processor/Nano Processor/Nano Processor.srcs/sources_1/new/Processor.vhd:209]
INFO: [Synth 8-638] synthesizing module 'ADD_SUB' [C:/Users/Yutharsan/Documents/GitHub/CODD-Nano-Processor/Nano Processor/Nano Processor.srcs/sources_1/new/Components/ALU/ADD_SUB.vhd:14]
INFO: [Synth 8-3491] module 'FA' declared at 'C:/Users/Yutharsan/Documents/GitHub/CODD-Nano-Processor/Nano Processor/Nano Processor.srcs/sources_1/new/Components/ALU/FA.vhd:25' bound to instance 'FA_0' of component 'FA' [C:/Users/Yutharsan/Documents/GitHub/CODD-Nano-Processor/Nano Processor/Nano Processor.srcs/sources_1/new/Components/ALU/ADD_SUB.vhd:35]
INFO: [Synth 8-3491] module 'FA' declared at 'C:/Users/Yutharsan/Documents/GitHub/CODD-Nano-Processor/Nano Processor/Nano Processor.srcs/sources_1/new/Components/ALU/FA.vhd:25' bound to instance 'FA_1' of component 'FA' [C:/Users/Yutharsan/Documents/GitHub/CODD-Nano-Processor/Nano Processor/Nano Processor.srcs/sources_1/new/Components/ALU/ADD_SUB.vhd:43]
INFO: [Synth 8-3491] module 'FA' declared at 'C:/Users/Yutharsan/Documents/GitHub/CODD-Nano-Processor/Nano Processor/Nano Processor.srcs/sources_1/new/Components/ALU/FA.vhd:25' bound to instance 'FA_2' of component 'FA' [C:/Users/Yutharsan/Documents/GitHub/CODD-Nano-Processor/Nano Processor/Nano Processor.srcs/sources_1/new/Components/ALU/ADD_SUB.vhd:51]
INFO: [Synth 8-3491] module 'FA' declared at 'C:/Users/Yutharsan/Documents/GitHub/CODD-Nano-Processor/Nano Processor/Nano Processor.srcs/sources_1/new/Components/ALU/FA.vhd:25' bound to instance 'FA_3' of component 'FA' [C:/Users/Yutharsan/Documents/GitHub/CODD-Nano-Processor/Nano Processor/Nano Processor.srcs/sources_1/new/Components/ALU/ADD_SUB.vhd:59]
INFO: [Synth 8-256] done synthesizing module 'ADD_SUB' (12#1) [C:/Users/Yutharsan/Documents/GitHub/CODD-Nano-Processor/Nano Processor/Nano Processor.srcs/sources_1/new/Components/ALU/ADD_SUB.vhd:14]
INFO: [Synth 8-3491] module 'Mux_8_way_4' declared at 'C:/Users/Yutharsan/Documents/GitHub/CODD-Nano-Processor/Nano Processor/Nano Processor.srcs/sources_1/new/Components/Mux/Mux_8_way_4.vhd:4' bound to instance 'Mux84_0' of component 'Mux_8_way_4' [C:/Users/Yutharsan/Documents/GitHub/CODD-Nano-Processor/Nano Processor/Nano Processor.srcs/sources_1/new/Processor.vhd:222]
INFO: [Synth 8-638] synthesizing module 'Mux_8_way_4' [C:/Users/Yutharsan/Documents/GitHub/CODD-Nano-Processor/Nano Processor/Nano Processor.srcs/sources_1/new/Components/Mux/Mux_8_way_4.vhd:21]
INFO: [Synth 8-3491] module 'Mux_8_way_1' declared at 'C:/Users/Yutharsan/Documents/GitHub/CODD-Nano-Processor/Nano Processor/Nano Processor.srcs/sources_1/new/Components/Mux/Mux_8_to_1.vhd:4' bound to instance 'MUX_0' of component 'Mux_8_way_1' [C:/Users/Yutharsan/Documents/GitHub/CODD-Nano-Processor/Nano Processor/Nano Processor.srcs/sources_1/new/Components/Mux/Mux_8_way_4.vhd:34]
INFO: [Synth 8-638] synthesizing module 'Mux_8_way_1' [C:/Users/Yutharsan/Documents/GitHub/CODD-Nano-Processor/Nano Processor/Nano Processor.srcs/sources_1/new/Components/Mux/Mux_8_to_1.vhd:11]
INFO: [Synth 8-3491] module 'Decoder_3_to_8' declared at 'C:/Users/Yutharsan/Documents/GitHub/CODD-Nano-Processor/Nano Processor/Nano Processor.srcs/sources_1/new/Components/Decoders/Decoder_3_to_8.vhd:5' bound to instance 'DC1' of component 'Decoder_3_to_8' [C:/Users/Yutharsan/Documents/GitHub/CODD-Nano-Processor/Nano Processor/Nano Processor.srcs/sources_1/new/Components/Mux/Mux_8_to_1.vhd:23]
INFO: [Synth 8-638] synthesizing module 'Decoder_3_to_8' [C:/Users/Yutharsan/Documents/GitHub/CODD-Nano-Processor/Nano Processor/Nano Processor.srcs/sources_1/new/Components/Decoders/Decoder_3_to_8.vhd:11]
INFO: [Synth 8-3491] module 'Decoder_2_to_4' declared at 'C:/Users/Yutharsan/Documents/GitHub/CODD-Nano-Processor/Nano Processor/Nano Processor.srcs/sources_1/new/Components/Decoders/Decoder_2_to_4.vhd:5' bound to instance 'Decoder_2_to_4_0' of component 'Decoder_2_to_4' [C:/Users/Yutharsan/Documents/GitHub/CODD-Nano-Processor/Nano Processor/Nano Processor.srcs/sources_1/new/Components/Decoders/Decoder_3_to_8.vhd:27]
INFO: [Synth 8-638] synthesizing module 'Decoder_2_to_4' [C:/Users/Yutharsan/Documents/GitHub/CODD-Nano-Processor/Nano Processor/Nano Processor.srcs/sources_1/new/Components/Decoders/Decoder_2_to_4.vhd:11]
INFO: [Synth 8-256] done synthesizing module 'Decoder_2_to_4' (13#1) [C:/Users/Yutharsan/Documents/GitHub/CODD-Nano-Processor/Nano Processor/Nano Processor.srcs/sources_1/new/Components/Decoders/Decoder_2_to_4.vhd:11]
INFO: [Synth 8-3491] module 'Decoder_2_to_4' declared at 'C:/Users/Yutharsan/Documents/GitHub/CODD-Nano-Processor/Nano Processor/Nano Processor.srcs/sources_1/new/Components/Decoders/Decoder_2_to_4.vhd:5' bound to instance 'Decoder_2_to_4_1' of component 'Decoder_2_to_4' [C:/Users/Yutharsan/Documents/GitHub/CODD-Nano-Processor/Nano Processor/Nano Processor.srcs/sources_1/new/Components/Decoders/Decoder_3_to_8.vhd:34]
INFO: [Synth 8-256] done synthesizing module 'Decoder_3_to_8' (14#1) [C:/Users/Yutharsan/Documents/GitHub/CODD-Nano-Processor/Nano Processor/Nano Processor.srcs/sources_1/new/Components/Decoders/Decoder_3_to_8.vhd:11]
INFO: [Synth 8-256] done synthesizing module 'Mux_8_way_1' (15#1) [C:/Users/Yutharsan/Documents/GitHub/CODD-Nano-Processor/Nano Processor/Nano Processor.srcs/sources_1/new/Components/Mux/Mux_8_to_1.vhd:11]
INFO: [Synth 8-3491] module 'Mux_8_way_1' declared at 'C:/Users/Yutharsan/Documents/GitHub/CODD-Nano-Processor/Nano Processor/Nano Processor.srcs/sources_1/new/Components/Mux/Mux_8_to_1.vhd:4' bound to instance 'MUX_1' of component 'Mux_8_way_1' [C:/Users/Yutharsan/Documents/GitHub/CODD-Nano-Processor/Nano Processor/Nano Processor.srcs/sources_1/new/Components/Mux/Mux_8_way_4.vhd:49]
INFO: [Synth 8-3491] module 'Mux_8_way_1' declared at 'C:/Users/Yutharsan/Documents/GitHub/CODD-Nano-Processor/Nano Processor/Nano Processor.srcs/sources_1/new/Components/Mux/Mux_8_to_1.vhd:4' bound to instance 'MUX_2' of component 'Mux_8_way_1' [C:/Users/Yutharsan/Documents/GitHub/CODD-Nano-Processor/Nano Processor/Nano Processor.srcs/sources_1/new/Components/Mux/Mux_8_way_4.vhd:65]
INFO: [Synth 8-3491] module 'Mux_8_way_1' declared at 'C:/Users/Yutharsan/Documents/GitHub/CODD-Nano-Processor/Nano Processor/Nano Processor.srcs/sources_1/new/Components/Mux/Mux_8_to_1.vhd:4' bound to instance 'MUX_3' of component 'Mux_8_way_1' [C:/Users/Yutharsan/Documents/GitHub/CODD-Nano-Processor/Nano Processor/Nano Processor.srcs/sources_1/new/Components/Mux/Mux_8_way_4.vhd:81]
INFO: [Synth 8-256] done synthesizing module 'Mux_8_way_4' (16#1) [C:/Users/Yutharsan/Documents/GitHub/CODD-Nano-Processor/Nano Processor/Nano Processor.srcs/sources_1/new/Components/Mux/Mux_8_way_4.vhd:21]
INFO: [Synth 8-3491] module 'Mux_8_way_4' declared at 'C:/Users/Yutharsan/Documents/GitHub/CODD-Nano-Processor/Nano Processor/Nano Processor.srcs/sources_1/new/Components/Mux/Mux_8_way_4.vhd:4' bound to instance 'Mux84_1' of component 'Mux_8_way_4' [C:/Users/Yutharsan/Documents/GitHub/CODD-Nano-Processor/Nano Processor/Nano Processor.srcs/sources_1/new/Processor.vhd:239]
INFO: [Synth 8-3491] module 'Mux_2_way_4' declared at 'C:/Users/Yutharsan/Documents/GitHub/CODD-Nano-Processor/Nano Processor/Nano Processor.srcs/sources_1/new/Components/Mux/Mux_2_way_4.vhd:4' bound to instance 'Mux24' of component 'Mux_2_way_4' [C:/Users/Yutharsan/Documents/GitHub/CODD-Nano-Processor/Nano Processor/Nano Processor.srcs/sources_1/new/Processor.vhd:256]
INFO: [Synth 8-638] synthesizing module 'Mux_2_way_4' [C:/Users/Yutharsan/Documents/GitHub/CODD-Nano-Processor/Nano Processor/Nano Processor.srcs/sources_1/new/Components/Mux/Mux_2_way_4.vhd:14]
INFO: [Synth 8-3491] module 'Mux_2_way_1' declared at 'C:/Users/Yutharsan/Documents/GitHub/CODD-Nano-Processor/Nano Processor/Nano Processor.srcs/sources_1/new/Components/Mux/Mux_2_to_1.vhd:4' bound to instance 'MUX_0' of component 'Mux_2_way_1' [C:/Users/Yutharsan/Documents/GitHub/CODD-Nano-Processor/Nano Processor/Nano Processor.srcs/sources_1/new/Components/Mux/Mux_2_way_4.vhd:27]
INFO: [Synth 8-3491] module 'Mux_2_way_1' declared at 'C:/Users/Yutharsan/Documents/GitHub/CODD-Nano-Processor/Nano Processor/Nano Processor.srcs/sources_1/new/Components/Mux/Mux_2_to_1.vhd:4' bound to instance 'MUX_1' of component 'Mux_2_way_1' [C:/Users/Yutharsan/Documents/GitHub/CODD-Nano-Processor/Nano Processor/Nano Processor.srcs/sources_1/new/Components/Mux/Mux_2_way_4.vhd:36]
INFO: [Synth 8-3491] module 'Mux_2_way_1' declared at 'C:/Users/Yutharsan/Documents/GitHub/CODD-Nano-Processor/Nano Processor/Nano Processor.srcs/sources_1/new/Components/Mux/Mux_2_to_1.vhd:4' bound to instance 'MUX_2' of component 'Mux_2_way_1' [C:/Users/Yutharsan/Documents/GitHub/CODD-Nano-Processor/Nano Processor/Nano Processor.srcs/sources_1/new/Components/Mux/Mux_2_way_4.vhd:45]
INFO: [Synth 8-3491] module 'Mux_2_way_1' declared at 'C:/Users/Yutharsan/Documents/GitHub/CODD-Nano-Processor/Nano Processor/Nano Processor.srcs/sources_1/new/Components/Mux/Mux_2_to_1.vhd:4' bound to instance 'MUX_3' of component 'Mux_2_way_1' [C:/Users/Yutharsan/Documents/GitHub/CODD-Nano-Processor/Nano Processor/Nano Processor.srcs/sources_1/new/Components/Mux/Mux_2_way_4.vhd:54]
INFO: [Synth 8-256] done synthesizing module 'Mux_2_way_4' (17#1) [C:/Users/Yutharsan/Documents/GitHub/CODD-Nano-Processor/Nano Processor/Nano Processor.srcs/sources_1/new/Components/Mux/Mux_2_way_4.vhd:14]
INFO: [Synth 8-3491] module 'Register_Bank_8' declared at 'C:/Users/Yutharsan/Documents/GitHub/CODD-Nano-Processor/Nano Processor/Nano Processor.srcs/sources_1/new/Components/Registers/Register_Bank_8.vhd:4' bound to instance 'RB' of component 'Register_Bank_8' [C:/Users/Yutharsan/Documents/GitHub/CODD-Nano-Processor/Nano Processor/Nano Processor.srcs/sources_1/new/Processor.vhd:266]
INFO: [Synth 8-638] synthesizing module 'Register_Bank_8' [C:/Users/Yutharsan/Documents/GitHub/CODD-Nano-Processor/Nano Processor/Nano Processor.srcs/sources_1/new/Components/Registers/Register_Bank_8.vhd:23]
INFO: [Synth 8-3491] module 'Decoder_3_to_8' declared at 'C:/Users/Yutharsan/Documents/GitHub/CODD-Nano-Processor/Nano Processor/Nano Processor.srcs/sources_1/new/Components/Decoders/Decoder_3_to_8.vhd:5' bound to instance 'Decoder_0' of component 'Decoder_3_to_8' [C:/Users/Yutharsan/Documents/GitHub/CODD-Nano-Processor/Nano Processor/Nano Processor.srcs/sources_1/new/Components/Registers/Register_Bank_8.vhd:47]
INFO: [Synth 8-3491] module 'Register_4' declared at 'C:/Users/Yutharsan/Documents/GitHub/CODD-Nano-Processor/Nano Processor/Nano Processor.srcs/sources_1/new/Components/Registers/Register_4.vhd:4' bound to instance 'Register0' of component 'Register_4' [C:/Users/Yutharsan/Documents/GitHub/CODD-Nano-Processor/Nano Processor/Nano Processor.srcs/sources_1/new/Components/Registers/Register_Bank_8.vhd:54]
INFO: [Synth 8-638] synthesizing module 'Register_4' [C:/Users/Yutharsan/Documents/GitHub/CODD-Nano-Processor/Nano Processor/Nano Processor.srcs/sources_1/new/Components/Registers/Register_4.vhd:15]
INFO: [Synth 8-3491] module 'Register_1' declared at 'C:/Users/Yutharsan/Documents/GitHub/CODD-Nano-Processor/Nano Processor/Nano Processor.srcs/sources_1/new/Components/Registers/Register_1.vhd:4' bound to instance 'Reg_0' of component 'Register_1' [C:/Users/Yutharsan/Documents/GitHub/CODD-Nano-Processor/Nano Processor/Nano Processor.srcs/sources_1/new/Components/Registers/Register_4.vhd:32]
INFO: [Synth 8-3491] module 'Register_1' declared at 'C:/Users/Yutharsan/Documents/GitHub/CODD-Nano-Processor/Nano Processor/Nano Processor.srcs/sources_1/new/Components/Registers/Register_1.vhd:4' bound to instance 'Reg_1' of component 'Register_1' [C:/Users/Yutharsan/Documents/GitHub/CODD-Nano-Processor/Nano Processor/Nano Processor.srcs/sources_1/new/Components/Registers/Register_4.vhd:42]
INFO: [Synth 8-3491] module 'Register_1' declared at 'C:/Users/Yutharsan/Documents/GitHub/CODD-Nano-Processor/Nano Processor/Nano Processor.srcs/sources_1/new/Components/Registers/Register_1.vhd:4' bound to instance 'Reg_2' of component 'Register_1' [C:/Users/Yutharsan/Documents/GitHub/CODD-Nano-Processor/Nano Processor/Nano Processor.srcs/sources_1/new/Components/Registers/Register_4.vhd:52]
INFO: [Synth 8-3491] module 'Register_1' declared at 'C:/Users/Yutharsan/Documents/GitHub/CODD-Nano-Processor/Nano Processor/Nano Processor.srcs/sources_1/new/Components/Registers/Register_1.vhd:4' bound to instance 'Reg_3' of component 'Register_1' [C:/Users/Yutharsan/Documents/GitHub/CODD-Nano-Processor/Nano Processor/Nano Processor.srcs/sources_1/new/Components/Registers/Register_4.vhd:62]
INFO: [Synth 8-256] done synthesizing module 'Register_4' (18#1) [C:/Users/Yutharsan/Documents/GitHub/CODD-Nano-Processor/Nano Processor/Nano Processor.srcs/sources_1/new/Components/Registers/Register_4.vhd:15]
INFO: [Synth 8-3491] module 'Register_4' declared at 'C:/Users/Yutharsan/Documents/GitHub/CODD-Nano-Processor/Nano Processor/Nano Processor.srcs/sources_1/new/Components/Registers/Register_4.vhd:4' bound to instance 'Register1' of component 'Register_4' [C:/Users/Yutharsan/Documents/GitHub/CODD-Nano-Processor/Nano Processor/Nano Processor.srcs/sources_1/new/Components/Registers/Register_Bank_8.vhd:64]
INFO: [Synth 8-3491] module 'Register_4' declared at 'C:/Users/Yutharsan/Documents/GitHub/CODD-Nano-Processor/Nano Processor/Nano Processor.srcs/sources_1/new/Components/Registers/Register_4.vhd:4' bound to instance 'Register2' of component 'Register_4' [C:/Users/Yutharsan/Documents/GitHub/CODD-Nano-Processor/Nano Processor/Nano Processor.srcs/sources_1/new/Components/Registers/Register_Bank_8.vhd:74]
INFO: [Synth 8-3491] module 'Register_4' declared at 'C:/Users/Yutharsan/Documents/GitHub/CODD-Nano-Processor/Nano Processor/Nano Processor.srcs/sources_1/new/Components/Registers/Register_4.vhd:4' bound to instance 'Register3' of component 'Register_4' [C:/Users/Yutharsan/Documents/GitHub/CODD-Nano-Processor/Nano Processor/Nano Processor.srcs/sources_1/new/Components/Registers/Register_Bank_8.vhd:84]
INFO: [Synth 8-3491] module 'Register_4' declared at 'C:/Users/Yutharsan/Documents/GitHub/CODD-Nano-Processor/Nano Processor/Nano Processor.srcs/sources_1/new/Components/Registers/Register_4.vhd:4' bound to instance 'Register4' of component 'Register_4' [C:/Users/Yutharsan/Documents/GitHub/CODD-Nano-Processor/Nano Processor/Nano Processor.srcs/sources_1/new/Components/Registers/Register_Bank_8.vhd:94]
INFO: [Synth 8-3491] module 'Register_4' declared at 'C:/Users/Yutharsan/Documents/GitHub/CODD-Nano-Processor/Nano Processor/Nano Processor.srcs/sources_1/new/Components/Registers/Register_4.vhd:4' bound to instance 'Register5' of component 'Register_4' [C:/Users/Yutharsan/Documents/GitHub/CODD-Nano-Processor/Nano Processor/Nano Processor.srcs/sources_1/new/Components/Registers/Register_Bank_8.vhd:104]
INFO: [Synth 8-3491] module 'Register_4' declared at 'C:/Users/Yutharsan/Documents/GitHub/CODD-Nano-Processor/Nano Processor/Nano Processor.srcs/sources_1/new/Components/Registers/Register_4.vhd:4' bound to instance 'Register6' of component 'Register_4' [C:/Users/Yutharsan/Documents/GitHub/CODD-Nano-Processor/Nano Processor/Nano Processor.srcs/sources_1/new/Components/Registers/Register_Bank_8.vhd:114]
INFO: [Synth 8-3491] module 'Register_4' declared at 'C:/Users/Yutharsan/Documents/GitHub/CODD-Nano-Processor/Nano Processor/Nano Processor.srcs/sources_1/new/Components/Registers/Register_4.vhd:4' bound to instance 'Register7' of component 'Register_4' [C:/Users/Yutharsan/Documents/GitHub/CODD-Nano-Processor/Nano Processor/Nano Processor.srcs/sources_1/new/Components/Registers/Register_Bank_8.vhd:124]
INFO: [Synth 8-256] done synthesizing module 'Register_Bank_8' (19#1) [C:/Users/Yutharsan/Documents/GitHub/CODD-Nano-Processor/Nano Processor/Nano Processor.srcs/sources_1/new/Components/Registers/Register_Bank_8.vhd:23]
INFO: [Synth 8-256] done synthesizing module 'Processor' (20#1) [C:/Users/Yutharsan/Documents/GitHub/CODD-Nano-Processor/Nano Processor/Nano Processor.srcs/sources_1/new/Processor.vhd:23]
WARNING: [Synth 8-3331] design ADD_3 has unconnected port C_in
---------------------------------------------------------------------------------
Finished RTL Elaboration : Time (s): cpu = 00:00:16 ; elapsed = 00:00:12 . Memory (MB): peak = 1023.715 ; gain = 162.113
---------------------------------------------------------------------------------

Report Check Netlist: 
+------+------------------+-------+---------+-------+------------------+
|      |Item              |Errors |Warnings |Status |Description       |
+------+------------------+-------+---------+-------+------------------+
|1     |multi_driven_nets |      0|        0|Passed |Multi driven nets |
+------+------------------+-------+---------+-------+------------------+
---------------------------------------------------------------------------------
Start Handling Custom Attributes
---------------------------------------------------------------------------------
---------------------------------------------------------------------------------
Finished Handling Custom Attributes : Time (s): cpu = 00:00:16 ; elapsed = 00:00:12 . Memory (MB): peak = 1023.715 ; gain = 162.113
---------------------------------------------------------------------------------
---------------------------------------------------------------------------------
Finished RTL Optimization Phase 1 : Time (s): cpu = 00:00:16 ; elapsed = 00:00:12 . Memory (MB): peak = 1023.715 ; gain = 162.113
---------------------------------------------------------------------------------
INFO: [Device 21-403] Loading part xc7a35tcpg236-1
INFO: [Project 1-570] Preparing netlist for logic optimization

Processing XDC Constraints
Initializing timing engine
Completed Processing XDC Constraints

INFO: [Opt 31-138] Pushed 0 inverter(s) to 0 load pin(s).
INFO: [Project 1-111] Unisim Transformation Summary:
No Unisim elements were transformed.

RTL Elaboration Complete:  : Time (s): cpu = 00:00:38 ; elapsed = 00:00:31 . Memory (MB): peak = 1366.875 ; gain = 505.273
96 Infos, 1 Warnings, 0 Critical Warnings and 0 Errors encountered.
synth_design completed successfully
synth_design: Time (s): cpu = 00:00:38 ; elapsed = 00:00:31 . Memory (MB): peak = 1366.875 ; gain = 505.387
reset_run synth_1
launch_runs impl_1 -to_step write_bitstream -jobs 8
[Sun Apr 14 11:37:44 2024] Launched synth_1...
Run output will be captured here: C:/Users/Yutharsan/Documents/GitHub/CODD-Nano-Processor/Nano Processor/Nano Processor.runs/synth_1/runme.log
[Sun Apr 14 11:37:44 2024] Launched impl_1...
Run output will be captured here: C:/Users/Yutharsan/Documents/GitHub/CODD-Nano-Processor/Nano Processor/Nano Processor.runs/impl_1/runme.log
open_run synth_1 -name synth_1
Design is defaulting to impl run constrset: constrs_1
Design is defaulting to synth run part: xc7a35tcpg236-1
INFO: [Netlist 29-17] Analyzing 3 Unisim elements for replacement
INFO: [Netlist 29-28] Unisim Transformation completed in 0 CPU seconds
INFO: [Project 1-479] Netlist was created with Vivado 2018.1
INFO: [Project 1-570] Preparing netlist for logic optimization
INFO: [Opt 31-138] Pushed 0 inverter(s) to 0 load pin(s).
INFO: [Project 1-111] Unisim Transformation Summary:
No Unisim elements were transformed.

open_run: Time (s): cpu = 00:00:07 ; elapsed = 00:00:05 . Memory (MB): peak = 1499.492 ; gain = 132.617
current_design rtl_1
set_property top Register_4 [current_fileset]
update_compile_order -fileset sources_1
refresh_design
---------------------------------------------------------------------------------
Starting RTL Elaboration : Time (s): cpu = 00:00:08 ; elapsed = 00:00:11 . Memory (MB): peak = 1992.445 ; gain = 34.352
---------------------------------------------------------------------------------
INFO: [Synth 8-638] synthesizing module 'Register_4' [C:/Users/Yutharsan/Documents/GitHub/CODD-Nano-Processor/Nano Processor/Nano Processor.srcs/sources_1/new/Components/Registers/Register_4.vhd:15]
INFO: [Synth 8-3491] module 'Register_1' declared at 'C:/Users/Yutharsan/Documents/GitHub/CODD-Nano-Processor/Nano Processor/Nano Processor.srcs/sources_1/new/Components/Registers/Register_1.vhd:4' bound to instance 'Reg_0' of component 'Register_1' [C:/Users/Yutharsan/Documents/GitHub/CODD-Nano-Processor/Nano Processor/Nano Processor.srcs/sources_1/new/Components/Registers/Register_4.vhd:32]
INFO: [Synth 8-638] synthesizing module 'Register_1' [C:/Users/Yutharsan/Documents/GitHub/CODD-Nano-Processor/Nano Processor/Nano Processor.srcs/sources_1/new/Components/Registers/Register_1.vhd:15]
INFO: [Synth 8-3491] module 'Mux_2_way_1' declared at 'C:/Users/Yutharsan/Documents/GitHub/CODD-Nano-Processor/Nano Processor/Nano Processor.srcs/sources_1/new/Components/Mux/Mux_2_to_1.vhd:4' bound to instance 'Mux_0' of component 'Mux_2_way_1' [C:/Users/Yutharsan/Documents/GitHub/CODD-Nano-Processor/Nano Processor/Nano Processor.srcs/sources_1/new/Components/Registers/Register_1.vhd:44]
INFO: [Synth 8-638] synthesizing module 'Mux_2_way_1' [C:/Users/Yutharsan/Documents/GitHub/CODD-Nano-Processor/Nano Processor/Nano Processor.srcs/sources_1/new/Components/Mux/Mux_2_to_1.vhd:14]
INFO: [Synth 8-256] done synthesizing module 'Mux_2_way_1' (1#1) [C:/Users/Yutharsan/Documents/GitHub/CODD-Nano-Processor/Nano Processor/Nano Processor.srcs/sources_1/new/Components/Mux/Mux_2_to_1.vhd:14]
INFO: [Synth 8-3491] module 'D_FF' declared at 'C:/Users/Yutharsan/Documents/GitHub/CODD-Nano-Processor/Nano Processor/Nano Processor.srcs/sources_1/new/Components/Registers/D_FF.vhd:4' bound to instance 'DFF_0' of component 'D_FF' [C:/Users/Yutharsan/Documents/GitHub/CODD-Nano-Processor/Nano Processor/Nano Processor.srcs/sources_1/new/Components/Registers/Register_1.vhd:53]
INFO: [Synth 8-638] synthesizing module 'D_FF' [C:/Users/Yutharsan/Documents/GitHub/CODD-Nano-Processor/Nano Processor/Nano Processor.srcs/sources_1/new/Components/Registers/D_FF.vhd:14]
INFO: [Synth 8-256] done synthesizing module 'D_FF' (2#1) [C:/Users/Yutharsan/Documents/GitHub/CODD-Nano-Processor/Nano Processor/Nano Processor.srcs/sources_1/new/Components/Registers/D_FF.vhd:14]
INFO: [Synth 8-256] done synthesizing module 'Register_1' (3#1) [C:/Users/Yutharsan/Documents/GitHub/CODD-Nano-Processor/Nano Processor/Nano Processor.srcs/sources_1/new/Components/Registers/Register_1.vhd:15]
INFO: [Synth 8-3491] module 'Register_1' declared at 'C:/Users/Yutharsan/Documents/GitHub/CODD-Nano-Processor/Nano Processor/Nano Processor.srcs/sources_1/new/Components/Registers/Register_1.vhd:4' bound to instance 'Reg_1' of component 'Register_1' [C:/Users/Yutharsan/Documents/GitHub/CODD-Nano-Processor/Nano Processor/Nano Processor.srcs/sources_1/new/Components/Registers/Register_4.vhd:42]
INFO: [Synth 8-3491] module 'Register_1' declared at 'C:/Users/Yutharsan/Documents/GitHub/CODD-Nano-Processor/Nano Processor/Nano Processor.srcs/sources_1/new/Components/Registers/Register_1.vhd:4' bound to instance 'Reg_2' of component 'Register_1' [C:/Users/Yutharsan/Documents/GitHub/CODD-Nano-Processor/Nano Processor/Nano Processor.srcs/sources_1/new/Components/Registers/Register_4.vhd:52]
INFO: [Synth 8-3491] module 'Register_1' declared at 'C:/Users/Yutharsan/Documents/GitHub/CODD-Nano-Processor/Nano Processor/Nano Processor.srcs/sources_1/new/Components/Registers/Register_1.vhd:4' bound to instance 'Reg_3' of component 'Register_1' [C:/Users/Yutharsan/Documents/GitHub/CODD-Nano-Processor/Nano Processor/Nano Processor.srcs/sources_1/new/Components/Registers/Register_4.vhd:62]
INFO: [Synth 8-256] done synthesizing module 'Register_4' (4#1) [C:/Users/Yutharsan/Documents/GitHub/CODD-Nano-Processor/Nano Processor/Nano Processor.srcs/sources_1/new/Components/Registers/Register_4.vhd:15]
---------------------------------------------------------------------------------
Finished RTL Elaboration : Time (s): cpu = 00:00:09 ; elapsed = 00:00:12 . Memory (MB): peak = 2033.043 ; gain = 74.949
---------------------------------------------------------------------------------

Report Check Netlist: 
+------+------------------+-------+---------+-------+------------------+
|      |Item              |Errors |Warnings |Status |Description       |
+------+------------------+-------+---------+-------+------------------+
|1     |multi_driven_nets |      0|        0|Passed |Multi driven nets |
+------+------------------+-------+---------+-------+------------------+
---------------------------------------------------------------------------------
Start Handling Custom Attributes
---------------------------------------------------------------------------------
---------------------------------------------------------------------------------
Finished Handling Custom Attributes : Time (s): cpu = 00:00:09 ; elapsed = 00:00:12 . Memory (MB): peak = 2033.043 ; gain = 74.949
---------------------------------------------------------------------------------
---------------------------------------------------------------------------------
Finished RTL Optimization Phase 1 : Time (s): cpu = 00:00:09 ; elapsed = 00:00:12 . Memory (MB): peak = 2033.043 ; gain = 74.949
---------------------------------------------------------------------------------
INFO: [Project 1-570] Preparing netlist for logic optimization

Processing XDC Constraints
Initializing timing engine
Completed Processing XDC Constraints

INFO: [Opt 31-138] Pushed 0 inverter(s) to 0 load pin(s).
refresh_design: Time (s): cpu = 00:00:15 ; elapsed = 00:00:20 . Memory (MB): peak = 2045.492 ; gain = 87.398
close_design
open_run impl_1
INFO: [Netlist 29-17] Analyzing 3 Unisim elements for replacement
INFO: [Netlist 29-28] Unisim Transformation completed in 0 CPU seconds
INFO: [Project 1-479] Netlist was created with Vivado 2018.1
INFO: [Project 1-570] Preparing netlist for logic optimization
INFO: [Timing 38-478] Restoring timing data from binary archive.
INFO: [Timing 38-479] Binary timing data restore complete.
INFO: [Project 1-856] Restoring constraints from binary archive.
INFO: [Project 1-853] Binary constraint restore complete.
Reading XDEF placement.
Reading placer database...
Reading XDEF routing.
Read XDEF File: Time (s): cpu = 00:00:00 ; elapsed = 00:00:00.075 . Memory (MB): peak = 2045.492 ; gain = 0.000
Restored from archive | CPU: 0.000000 secs | Memory: 0.000000 MB |
Finished XDEF File Restore: Time (s): cpu = 00:00:00 ; elapsed = 00:00:00.076 . Memory (MB): peak = 2045.492 ; gain = 0.000
INFO: [Project 1-111] Unisim Transformation Summary:
No Unisim elements were transformed.

WARNING: [Timing 38-313] There are no user specified timing constraints. Timing constraints are needed for proper timing analysis.
reset_run synth_1
launch_runs synth_1 -jobs 8
[Sun Apr 14 12:44:47 2024] Launched synth_1...
Run output will be captured here: C:/Users/Yutharsan/Documents/GitHub/CODD-Nano-Processor/Nano Processor/Nano Processor.runs/synth_1/runme.log
launch_runs impl_1 -jobs 8
WARNING: [Project 1-478] Design 'synth_1' is stale and will not be used when launching 'impl_1'
[Sun Apr 14 12:46:39 2024] Launched impl_1...
Run output will be captured here: C:/Users/Yutharsan/Documents/GitHub/CODD-Nano-Processor/Nano Processor/Nano Processor.runs/impl_1/runme.log
current_design synth_1
current_design impl_1
set_property top Processor [current_fileset]
update_compile_order -fileset sources_1
synth_design -rtl -name rtl_1
Command: synth_design -rtl -name rtl_1
Starting synth_design
Using part: xc7a35tcpg236-1
Top: Processor
---------------------------------------------------------------------------------
Starting RTL Elaboration : Time (s): cpu = 00:00:06 ; elapsed = 00:00:10 . Memory (MB): peak = 2091.812 ; gain = 27.387
---------------------------------------------------------------------------------
INFO: [Synth 8-638] synthesizing module 'Processor' [C:/Users/Yutharsan/Documents/GitHub/CODD-Nano-Processor/Nano Processor/Nano Processor.srcs/sources_1/new/Processor.vhd:23]
INFO: [Synth 8-3491] module 'Program_Counter_3' declared at 'C:/Users/Yutharsan/Documents/GitHub/CODD-Nano-Processor/Nano Processor/Nano Processor.srcs/sources_1/new/Components/Program_Counter_3.vhd:4' bound to instance 'PC' of component 'Program_Counter_3' [C:/Users/Yutharsan/Documents/GitHub/CODD-Nano-Processor/Nano Processor/Nano Processor.srcs/sources_1/new/Processor.vhd:155]
INFO: [Synth 8-638] synthesizing module 'Program_Counter_3' [C:/Users/Yutharsan/Documents/GitHub/CODD-Nano-Processor/Nano Processor/Nano Processor.srcs/sources_1/new/Components/Program_Counter_3.vhd:14]
INFO: [Synth 8-3491] module 'Register_3' declared at 'C:/Users/Yutharsan/Documents/GitHub/CODD-Nano-Processor/Nano Processor/Nano Processor.srcs/sources_1/new/Components/Registers/Register_3.vhd:4' bound to instance 'Reg0' of component 'Register_3' [C:/Users/Yutharsan/Documents/GitHub/CODD-Nano-Processor/Nano Processor/Nano Processor.srcs/sources_1/new/Components/Program_Counter_3.vhd:29]
INFO: [Synth 8-638] synthesizing module 'Register_3' [C:/Users/Yutharsan/Documents/GitHub/CODD-Nano-Processor/Nano Processor/Nano Processor.srcs/sources_1/new/Components/Registers/Register_3.vhd:15]
INFO: [Synth 8-3491] module 'Register_1' declared at 'C:/Users/Yutharsan/Documents/GitHub/CODD-Nano-Processor/Nano Processor/Nano Processor.srcs/sources_1/new/Components/Registers/Register_1.vhd:4' bound to instance 'Reg_0' of component 'Register_1' [C:/Users/Yutharsan/Documents/GitHub/CODD-Nano-Processor/Nano Processor/Nano Processor.srcs/sources_1/new/Components/Registers/Register_3.vhd:32]
INFO: [Synth 8-638] synthesizing module 'Register_1' [C:/Users/Yutharsan/Documents/GitHub/CODD-Nano-Processor/Nano Processor/Nano Processor.srcs/sources_1/new/Components/Registers/Register_1.vhd:15]
INFO: [Synth 8-3491] module 'Mux_2_way_1' declared at 'C:/Users/Yutharsan/Documents/GitHub/CODD-Nano-Processor/Nano Processor/Nano Processor.srcs/sources_1/new/Components/Mux/Mux_2_to_1.vhd:4' bound to instance 'Mux_0' of component 'Mux_2_way_1' [C:/Users/Yutharsan/Documents/GitHub/CODD-Nano-Processor/Nano Processor/Nano Processor.srcs/sources_1/new/Components/Registers/Register_1.vhd:44]
INFO: [Synth 8-638] synthesizing module 'Mux_2_way_1' [C:/Users/Yutharsan/Documents/GitHub/CODD-Nano-Processor/Nano Processor/Nano Processor.srcs/sources_1/new/Components/Mux/Mux_2_to_1.vhd:14]
INFO: [Synth 8-256] done synthesizing module 'Mux_2_way_1' (1#1) [C:/Users/Yutharsan/Documents/GitHub/CODD-Nano-Processor/Nano Processor/Nano Processor.srcs/sources_1/new/Components/Mux/Mux_2_to_1.vhd:14]
INFO: [Synth 8-3491] module 'D_FF' declared at 'C:/Users/Yutharsan/Documents/GitHub/CODD-Nano-Processor/Nano Processor/Nano Processor.srcs/sources_1/new/Components/Registers/D_FF.vhd:4' bound to instance 'DFF_0' of component 'D_FF' [C:/Users/Yutharsan/Documents/GitHub/CODD-Nano-Processor/Nano Processor/Nano Processor.srcs/sources_1/new/Components/Registers/Register_1.vhd:53]
INFO: [Synth 8-638] synthesizing module 'D_FF' [C:/Users/Yutharsan/Documents/GitHub/CODD-Nano-Processor/Nano Processor/Nano Processor.srcs/sources_1/new/Components/Registers/D_FF.vhd:14]
INFO: [Synth 8-256] done synthesizing module 'D_FF' (2#1) [C:/Users/Yutharsan/Documents/GitHub/CODD-Nano-Processor/Nano Processor/Nano Processor.srcs/sources_1/new/Components/Registers/D_FF.vhd:14]
INFO: [Synth 8-256] done synthesizing module 'Register_1' (3#1) [C:/Users/Yutharsan/Documents/GitHub/CODD-Nano-Processor/Nano Processor/Nano Processor.srcs/sources_1/new/Components/Registers/Register_1.vhd:15]
INFO: [Synth 8-3491] module 'Register_1' declared at 'C:/Users/Yutharsan/Documents/GitHub/CODD-Nano-Processor/Nano Processor/Nano Processor.srcs/sources_1/new/Components/Registers/Register_1.vhd:4' bound to instance 'Reg_1' of component 'Register_1' [C:/Users/Yutharsan/Documents/GitHub/CODD-Nano-Processor/Nano Processor/Nano Processor.srcs/sources_1/new/Components/Registers/Register_3.vhd:42]
INFO: [Synth 8-3491] module 'Register_1' declared at 'C:/Users/Yutharsan/Documents/GitHub/CODD-Nano-Processor/Nano Processor/Nano Processor.srcs/sources_1/new/Components/Registers/Register_1.vhd:4' bound to instance 'Reg_2' of component 'Register_1' [C:/Users/Yutharsan/Documents/GitHub/CODD-Nano-Processor/Nano Processor/Nano Processor.srcs/sources_1/new/Components/Registers/Register_3.vhd:52]
INFO: [Synth 8-256] done synthesizing module 'Register_3' (4#1) [C:/Users/Yutharsan/Documents/GitHub/CODD-Nano-Processor/Nano Processor/Nano Processor.srcs/sources_1/new/Components/Registers/Register_3.vhd:15]
INFO: [Synth 8-256] done synthesizing module 'Program_Counter_3' (5#1) [C:/Users/Yutharsan/Documents/GitHub/CODD-Nano-Processor/Nano Processor/Nano Processor.srcs/sources_1/new/Components/Program_Counter_3.vhd:14]
INFO: [Synth 8-3491] module 'Mux_2_way_3' declared at 'C:/Users/Yutharsan/Documents/GitHub/CODD-Nano-Processor/Nano Processor/Nano Processor.srcs/sources_1/new/Components/Mux/Mux_2_way_3.vhd:4' bound to instance 'Mux23' of component 'Mux_2_way_3' [C:/Users/Yutharsan/Documents/GitHub/CODD-Nano-Processor/Nano Processor/Nano Processor.srcs/sources_1/new/Processor.vhd:164]
INFO: [Synth 8-638] synthesizing module 'Mux_2_way_3' [C:/Users/Yutharsan/Documents/GitHub/CODD-Nano-Processor/Nano Processor/Nano Processor.srcs/sources_1/new/Components/Mux/Mux_2_way_3.vhd:14]
INFO: [Synth 8-3491] module 'Mux_2_way_1' declared at 'C:/Users/Yutharsan/Documents/GitHub/CODD-Nano-Processor/Nano Processor/Nano Processor.srcs/sources_1/new/Components/Mux/Mux_2_to_1.vhd:4' bound to instance 'Mux0' of component 'Mux_2_way_1' [C:/Users/Yutharsan/Documents/GitHub/CODD-Nano-Processor/Nano Processor/Nano Processor.srcs/sources_1/new/Components/Mux/Mux_2_way_3.vhd:28]
INFO: [Synth 8-3491] module 'Mux_2_way_1' declared at 'C:/Users/Yutharsan/Documents/GitHub/CODD-Nano-Processor/Nano Processor/Nano Processor.srcs/sources_1/new/Components/Mux/Mux_2_to_1.vhd:4' bound to instance 'Mux1' of component 'Mux_2_way_1' [C:/Users/Yutharsan/Documents/GitHub/CODD-Nano-Processor/Nano Processor/Nano Processor.srcs/sources_1/new/Components/Mux/Mux_2_way_3.vhd:37]
INFO: [Synth 8-3491] module 'Mux_2_way_1' declared at 'C:/Users/Yutharsan/Documents/GitHub/CODD-Nano-Processor/Nano Processor/Nano Processor.srcs/sources_1/new/Components/Mux/Mux_2_to_1.vhd:4' bound to instance 'Mux2' of component 'Mux_2_way_1' [C:/Users/Yutharsan/Documents/GitHub/CODD-Nano-Processor/Nano Processor/Nano Processor.srcs/sources_1/new/Components/Mux/Mux_2_way_3.vhd:46]
INFO: [Synth 8-256] done synthesizing module 'Mux_2_way_3' (6#1) [C:/Users/Yutharsan/Documents/GitHub/CODD-Nano-Processor/Nano Processor/Nano Processor.srcs/sources_1/new/Components/Mux/Mux_2_way_3.vhd:14]
INFO: [Synth 8-3491] module 'ADD_3' declared at 'C:/Users/Yutharsan/Documents/GitHub/CODD-Nano-Processor/Nano Processor/Nano Processor.srcs/sources_1/new/Components/ALU/ADD_3.vhd:4' bound to instance 'Add3' of component 'ADD_3' [C:/Users/Yutharsan/Documents/GitHub/CODD-Nano-Processor/Nano Processor/Nano Processor.srcs/sources_1/new/Processor.vhd:173]
INFO: [Synth 8-638] synthesizing module 'ADD_3' [C:/Users/Yutharsan/Documents/GitHub/CODD-Nano-Processor/Nano Processor/Nano Processor.srcs/sources_1/new/Components/ALU/ADD_3.vhd:12]
INFO: [Synth 8-3491] module 'FA' declared at 'C:/Users/Yutharsan/Documents/GitHub/CODD-Nano-Processor/Nano Processor/Nano Processor.srcs/sources_1/new/Components/ALU/FA.vhd:25' bound to instance 'FA_0' of component 'FA' [C:/Users/Yutharsan/Documents/GitHub/CODD-Nano-Processor/Nano Processor/Nano Processor.srcs/sources_1/new/Components/ALU/ADD_3.vhd:27]
INFO: [Synth 8-638] synthesizing module 'FA' [C:/Users/Yutharsan/Documents/GitHub/CODD-Nano-Processor/Nano Processor/Nano Processor.srcs/sources_1/new/Components/ALU/FA.vhd:33]
INFO: [Synth 8-3491] module 'HA' declared at 'C:/Users/Yutharsan/Documents/GitHub/CODD-Nano-Processor/Nano Processor/Nano Processor.srcs/sources_1/new/Components/ALU/HA.vhd:25' bound to instance 'HA_0' of component 'HA' [C:/Users/Yutharsan/Documents/GitHub/CODD-Nano-Processor/Nano Processor/Nano Processor.srcs/sources_1/new/Components/ALU/FA.vhd:46]
INFO: [Synth 8-638] synthesizing module 'HA' [C:/Users/Yutharsan/Documents/GitHub/CODD-Nano-Processor/Nano Processor/Nano Processor.srcs/sources_1/new/Components/ALU/HA.vhd:32]
INFO: [Synth 8-256] done synthesizing module 'HA' (7#1) [C:/Users/Yutharsan/Documents/GitHub/CODD-Nano-Processor/Nano Processor/Nano Processor.srcs/sources_1/new/Components/ALU/HA.vhd:32]
INFO: [Synth 8-3491] module 'HA' declared at 'C:/Users/Yutharsan/Documents/GitHub/CODD-Nano-Processor/Nano Processor/Nano Processor.srcs/sources_1/new/Components/ALU/HA.vhd:25' bound to instance 'HA_1' of component 'HA' [C:/Users/Yutharsan/Documents/GitHub/CODD-Nano-Processor/Nano Processor/Nano Processor.srcs/sources_1/new/Components/ALU/FA.vhd:53]
INFO: [Synth 8-256] done synthesizing module 'FA' (8#1) [C:/Users/Yutharsan/Documents/GitHub/CODD-Nano-Processor/Nano Processor/Nano Processor.srcs/sources_1/new/Components/ALU/FA.vhd:33]
INFO: [Synth 8-3491] module 'FA' declared at 'C:/Users/Yutharsan/Documents/GitHub/CODD-Nano-Processor/Nano Processor/Nano Processor.srcs/sources_1/new/Components/ALU/FA.vhd:25' bound to instance 'FA_1' of component 'FA' [C:/Users/Yutharsan/Documents/GitHub/CODD-Nano-Processor/Nano Processor/Nano Processor.srcs/sources_1/new/Components/ALU/ADD_3.vhd:35]
INFO: [Synth 8-3491] module 'FA' declared at 'C:/Users/Yutharsan/Documents/GitHub/CODD-Nano-Processor/Nano Processor/Nano Processor.srcs/sources_1/new/Components/ALU/FA.vhd:25' bound to instance 'FA_2' of component 'FA' [C:/Users/Yutharsan/Documents/GitHub/CODD-Nano-Processor/Nano Processor/Nano Processor.srcs/sources_1/new/Components/ALU/ADD_3.vhd:43]
INFO: [Synth 8-256] done synthesizing module 'ADD_3' (9#1) [C:/Users/Yutharsan/Documents/GitHub/CODD-Nano-Processor/Nano Processor/Nano Processor.srcs/sources_1/new/Components/ALU/ADD_3.vhd:12]
INFO: [Synth 8-3491] module 'Instruction_Decoder_12' declared at 'C:/Users/Yutharsan/Documents/GitHub/CODD-Nano-Processor/Nano Processor/Nano Processor.srcs/sources_1/new/Components/Instruction_Decoder_12.vhd:4' bound to instance 'Ins_Dec' of component 'Instruction_Decoder_12' [C:/Users/Yutharsan/Documents/GitHub/CODD-Nano-Processor/Nano Processor/Nano Processor.srcs/sources_1/new/Processor.vhd:184]
INFO: [Synth 8-638] synthesizing module 'Instruction_Decoder_12' [C:/Users/Yutharsan/Documents/GitHub/CODD-Nano-Processor/Nano Processor/Nano Processor.srcs/sources_1/new/Components/Instruction_Decoder_12.vhd:21]
INFO: [Synth 8-256] done synthesizing module 'Instruction_Decoder_12' (10#1) [C:/Users/Yutharsan/Documents/GitHub/CODD-Nano-Processor/Nano Processor/Nano Processor.srcs/sources_1/new/Components/Instruction_Decoder_12.vhd:21]
INFO: [Synth 8-3491] module 'Program_ROM_8' declared at 'C:/Users/Yutharsan/Documents/GitHub/CODD-Nano-Processor/Nano Processor/Nano Processor.srcs/sources_1/new/Components/Program_ROM_8.vhd:5' bound to instance 'PR' of component 'Program_Rom_8' [C:/Users/Yutharsan/Documents/GitHub/CODD-Nano-Processor/Nano Processor/Nano Processor.srcs/sources_1/new/Processor.vhd:201]
INFO: [Synth 8-638] synthesizing module 'Program_ROM_8' [C:/Users/Yutharsan/Documents/GitHub/CODD-Nano-Processor/Nano Processor/Nano Processor.srcs/sources_1/new/Components/Program_ROM_8.vhd:13]
INFO: [Synth 8-256] done synthesizing module 'Program_ROM_8' (11#1) [C:/Users/Yutharsan/Documents/GitHub/CODD-Nano-Processor/Nano Processor/Nano Processor.srcs/sources_1/new/Components/Program_ROM_8.vhd:13]
INFO: [Synth 8-3491] module 'ADD_SUB' declared at 'C:/Users/Yutharsan/Documents/GitHub/CODD-Nano-Processor/Nano Processor/Nano Processor.srcs/sources_1/new/Components/ALU/ADD_SUB.vhd:4' bound to instance 'AU' of component 'ADD_SUB' [C:/Users/Yutharsan/Documents/GitHub/CODD-Nano-Processor/Nano Processor/Nano Processor.srcs/sources_1/new/Processor.vhd:209]
INFO: [Synth 8-638] synthesizing module 'ADD_SUB' [C:/Users/Yutharsan/Documents/GitHub/CODD-Nano-Processor/Nano Processor/Nano Processor.srcs/sources_1/new/Components/ALU/ADD_SUB.vhd:14]
INFO: [Synth 8-3491] module 'FA' declared at 'C:/Users/Yutharsan/Documents/GitHub/CODD-Nano-Processor/Nano Processor/Nano Processor.srcs/sources_1/new/Components/ALU/FA.vhd:25' bound to instance 'FA_0' of component 'FA' [C:/Users/Yutharsan/Documents/GitHub/CODD-Nano-Processor/Nano Processor/Nano Processor.srcs/sources_1/new/Components/ALU/ADD_SUB.vhd:35]
INFO: [Synth 8-3491] module 'FA' declared at 'C:/Users/Yutharsan/Documents/GitHub/CODD-Nano-Processor/Nano Processor/Nano Processor.srcs/sources_1/new/Components/ALU/FA.vhd:25' bound to instance 'FA_1' of component 'FA' [C:/Users/Yutharsan/Documents/GitHub/CODD-Nano-Processor/Nano Processor/Nano Processor.srcs/sources_1/new/Components/ALU/ADD_SUB.vhd:43]
INFO: [Synth 8-3491] module 'FA' declared at 'C:/Users/Yutharsan/Documents/GitHub/CODD-Nano-Processor/Nano Processor/Nano Processor.srcs/sources_1/new/Components/ALU/FA.vhd:25' bound to instance 'FA_2' of component 'FA' [C:/Users/Yutharsan/Documents/GitHub/CODD-Nano-Processor/Nano Processor/Nano Processor.srcs/sources_1/new/Components/ALU/ADD_SUB.vhd:51]
INFO: [Synth 8-3491] module 'FA' declared at 'C:/Users/Yutharsan/Documents/GitHub/CODD-Nano-Processor/Nano Processor/Nano Processor.srcs/sources_1/new/Components/ALU/FA.vhd:25' bound to instance 'FA_3' of component 'FA' [C:/Users/Yutharsan/Documents/GitHub/CODD-Nano-Processor/Nano Processor/Nano Processor.srcs/sources_1/new/Components/ALU/ADD_SUB.vhd:59]
INFO: [Synth 8-256] done synthesizing module 'ADD_SUB' (12#1) [C:/Users/Yutharsan/Documents/GitHub/CODD-Nano-Processor/Nano Processor/Nano Processor.srcs/sources_1/new/Components/ALU/ADD_SUB.vhd:14]
INFO: [Synth 8-3491] module 'Mux_8_way_4' declared at 'C:/Users/Yutharsan/Documents/GitHub/CODD-Nano-Processor/Nano Processor/Nano Processor.srcs/sources_1/new/Components/Mux/Mux_8_way_4.vhd:4' bound to instance 'Mux84_0' of component 'Mux_8_way_4' [C:/Users/Yutharsan/Documents/GitHub/CODD-Nano-Processor/Nano Processor/Nano Processor.srcs/sources_1/new/Processor.vhd:222]
INFO: [Synth 8-638] synthesizing module 'Mux_8_way_4' [C:/Users/Yutharsan/Documents/GitHub/CODD-Nano-Processor/Nano Processor/Nano Processor.srcs/sources_1/new/Components/Mux/Mux_8_way_4.vhd:21]
INFO: [Synth 8-3491] module 'Mux_8_way_1' declared at 'C:/Users/Yutharsan/Documents/GitHub/CODD-Nano-Processor/Nano Processor/Nano Processor.srcs/sources_1/new/Components/Mux/Mux_8_to_1.vhd:4' bound to instance 'MUX_0' of component 'Mux_8_way_1' [C:/Users/Yutharsan/Documents/GitHub/CODD-Nano-Processor/Nano Processor/Nano Processor.srcs/sources_1/new/Components/Mux/Mux_8_way_4.vhd:34]
INFO: [Synth 8-638] synthesizing module 'Mux_8_way_1' [C:/Users/Yutharsan/Documents/GitHub/CODD-Nano-Processor/Nano Processor/Nano Processor.srcs/sources_1/new/Components/Mux/Mux_8_to_1.vhd:11]
INFO: [Synth 8-3491] module 'Decoder_3_to_8' declared at 'C:/Users/Yutharsan/Documents/GitHub/CODD-Nano-Processor/Nano Processor/Nano Processor.srcs/sources_1/new/Components/Decoders/Decoder_3_to_8.vhd:5' bound to instance 'DC1' of component 'Decoder_3_to_8' [C:/Users/Yutharsan/Documents/GitHub/CODD-Nano-Processor/Nano Processor/Nano Processor.srcs/sources_1/new/Components/Mux/Mux_8_to_1.vhd:23]
INFO: [Synth 8-638] synthesizing module 'Decoder_3_to_8' [C:/Users/Yutharsan/Documents/GitHub/CODD-Nano-Processor/Nano Processor/Nano Processor.srcs/sources_1/new/Components/Decoders/Decoder_3_to_8.vhd:11]
INFO: [Synth 8-3491] module 'Decoder_2_to_4' declared at 'C:/Users/Yutharsan/Documents/GitHub/CODD-Nano-Processor/Nano Processor/Nano Processor.srcs/sources_1/new/Components/Decoders/Decoder_2_to_4.vhd:5' bound to instance 'Decoder_2_to_4_0' of component 'Decoder_2_to_4' [C:/Users/Yutharsan/Documents/GitHub/CODD-Nano-Processor/Nano Processor/Nano Processor.srcs/sources_1/new/Components/Decoders/Decoder_3_to_8.vhd:27]
INFO: [Synth 8-638] synthesizing module 'Decoder_2_to_4' [C:/Users/Yutharsan/Documents/GitHub/CODD-Nano-Processor/Nano Processor/Nano Processor.srcs/sources_1/new/Components/Decoders/Decoder_2_to_4.vhd:11]
INFO: [Synth 8-256] done synthesizing module 'Decoder_2_to_4' (13#1) [C:/Users/Yutharsan/Documents/GitHub/CODD-Nano-Processor/Nano Processor/Nano Processor.srcs/sources_1/new/Components/Decoders/Decoder_2_to_4.vhd:11]
INFO: [Synth 8-3491] module 'Decoder_2_to_4' declared at 'C:/Users/Yutharsan/Documents/GitHub/CODD-Nano-Processor/Nano Processor/Nano Processor.srcs/sources_1/new/Components/Decoders/Decoder_2_to_4.vhd:5' bound to instance 'Decoder_2_to_4_1' of component 'Decoder_2_to_4' [C:/Users/Yutharsan/Documents/GitHub/CODD-Nano-Processor/Nano Processor/Nano Processor.srcs/sources_1/new/Components/Decoders/Decoder_3_to_8.vhd:34]
INFO: [Synth 8-256] done synthesizing module 'Decoder_3_to_8' (14#1) [C:/Users/Yutharsan/Documents/GitHub/CODD-Nano-Processor/Nano Processor/Nano Processor.srcs/sources_1/new/Components/Decoders/Decoder_3_to_8.vhd:11]
INFO: [Synth 8-256] done synthesizing module 'Mux_8_way_1' (15#1) [C:/Users/Yutharsan/Documents/GitHub/CODD-Nano-Processor/Nano Processor/Nano Processor.srcs/sources_1/new/Components/Mux/Mux_8_to_1.vhd:11]
INFO: [Synth 8-3491] module 'Mux_8_way_1' declared at 'C:/Users/Yutharsan/Documents/GitHub/CODD-Nano-Processor/Nano Processor/Nano Processor.srcs/sources_1/new/Components/Mux/Mux_8_to_1.vhd:4' bound to instance 'MUX_1' of component 'Mux_8_way_1' [C:/Users/Yutharsan/Documents/GitHub/CODD-Nano-Processor/Nano Processor/Nano Processor.srcs/sources_1/new/Components/Mux/Mux_8_way_4.vhd:49]
INFO: [Synth 8-3491] module 'Mux_8_way_1' declared at 'C:/Users/Yutharsan/Documents/GitHub/CODD-Nano-Processor/Nano Processor/Nano Processor.srcs/sources_1/new/Components/Mux/Mux_8_to_1.vhd:4' bound to instance 'MUX_2' of component 'Mux_8_way_1' [C:/Users/Yutharsan/Documents/GitHub/CODD-Nano-Processor/Nano Processor/Nano Processor.srcs/sources_1/new/Components/Mux/Mux_8_way_4.vhd:65]
INFO: [Synth 8-3491] module 'Mux_8_way_1' declared at 'C:/Users/Yutharsan/Documents/GitHub/CODD-Nano-Processor/Nano Processor/Nano Processor.srcs/sources_1/new/Components/Mux/Mux_8_to_1.vhd:4' bound to instance 'MUX_3' of component 'Mux_8_way_1' [C:/Users/Yutharsan/Documents/GitHub/CODD-Nano-Processor/Nano Processor/Nano Processor.srcs/sources_1/new/Components/Mux/Mux_8_way_4.vhd:81]
INFO: [Synth 8-256] done synthesizing module 'Mux_8_way_4' (16#1) [C:/Users/Yutharsan/Documents/GitHub/CODD-Nano-Processor/Nano Processor/Nano Processor.srcs/sources_1/new/Components/Mux/Mux_8_way_4.vhd:21]
INFO: [Synth 8-3491] module 'Mux_8_way_4' declared at 'C:/Users/Yutharsan/Documents/GitHub/CODD-Nano-Processor/Nano Processor/Nano Processor.srcs/sources_1/new/Components/Mux/Mux_8_way_4.vhd:4' bound to instance 'Mux84_1' of component 'Mux_8_way_4' [C:/Users/Yutharsan/Documents/GitHub/CODD-Nano-Processor/Nano Processor/Nano Processor.srcs/sources_1/new/Processor.vhd:239]
INFO: [Synth 8-3491] module 'Mux_2_way_4' declared at 'C:/Users/Yutharsan/Documents/GitHub/CODD-Nano-Processor/Nano Processor/Nano Processor.srcs/sources_1/new/Components/Mux/Mux_2_way_4.vhd:4' bound to instance 'Mux24' of component 'Mux_2_way_4' [C:/Users/Yutharsan/Documents/GitHub/CODD-Nano-Processor/Nano Processor/Nano Processor.srcs/sources_1/new/Processor.vhd:256]
INFO: [Synth 8-638] synthesizing module 'Mux_2_way_4' [C:/Users/Yutharsan/Documents/GitHub/CODD-Nano-Processor/Nano Processor/Nano Processor.srcs/sources_1/new/Components/Mux/Mux_2_way_4.vhd:14]
INFO: [Synth 8-3491] module 'Mux_2_way_1' declared at 'C:/Users/Yutharsan/Documents/GitHub/CODD-Nano-Processor/Nano Processor/Nano Processor.srcs/sources_1/new/Components/Mux/Mux_2_to_1.vhd:4' bound to instance 'MUX_0' of component 'Mux_2_way_1' [C:/Users/Yutharsan/Documents/GitHub/CODD-Nano-Processor/Nano Processor/Nano Processor.srcs/sources_1/new/Components/Mux/Mux_2_way_4.vhd:27]
INFO: [Synth 8-3491] module 'Mux_2_way_1' declared at 'C:/Users/Yutharsan/Documents/GitHub/CODD-Nano-Processor/Nano Processor/Nano Processor.srcs/sources_1/new/Components/Mux/Mux_2_to_1.vhd:4' bound to instance 'MUX_1' of component 'Mux_2_way_1' [C:/Users/Yutharsan/Documents/GitHub/CODD-Nano-Processor/Nano Processor/Nano Processor.srcs/sources_1/new/Components/Mux/Mux_2_way_4.vhd:36]
INFO: [Synth 8-3491] module 'Mux_2_way_1' declared at 'C:/Users/Yutharsan/Documents/GitHub/CODD-Nano-Processor/Nano Processor/Nano Processor.srcs/sources_1/new/Components/Mux/Mux_2_to_1.vhd:4' bound to instance 'MUX_2' of component 'Mux_2_way_1' [C:/Users/Yutharsan/Documents/GitHub/CODD-Nano-Processor/Nano Processor/Nano Processor.srcs/sources_1/new/Components/Mux/Mux_2_way_4.vhd:45]
INFO: [Synth 8-3491] module 'Mux_2_way_1' declared at 'C:/Users/Yutharsan/Documents/GitHub/CODD-Nano-Processor/Nano Processor/Nano Processor.srcs/sources_1/new/Components/Mux/Mux_2_to_1.vhd:4' bound to instance 'MUX_3' of component 'Mux_2_way_1' [C:/Users/Yutharsan/Documents/GitHub/CODD-Nano-Processor/Nano Processor/Nano Processor.srcs/sources_1/new/Components/Mux/Mux_2_way_4.vhd:54]
INFO: [Synth 8-256] done synthesizing module 'Mux_2_way_4' (17#1) [C:/Users/Yutharsan/Documents/GitHub/CODD-Nano-Processor/Nano Processor/Nano Processor.srcs/sources_1/new/Components/Mux/Mux_2_way_4.vhd:14]
INFO: [Synth 8-3491] module 'Register_Bank_8' declared at 'C:/Users/Yutharsan/Documents/GitHub/CODD-Nano-Processor/Nano Processor/Nano Processor.srcs/sources_1/new/Components/Registers/Register_Bank_8.vhd:4' bound to instance 'RB' of component 'Register_Bank_8' [C:/Users/Yutharsan/Documents/GitHub/CODD-Nano-Processor/Nano Processor/Nano Processor.srcs/sources_1/new/Processor.vhd:266]
INFO: [Synth 8-638] synthesizing module 'Register_Bank_8' [C:/Users/Yutharsan/Documents/GitHub/CODD-Nano-Processor/Nano Processor/Nano Processor.srcs/sources_1/new/Components/Registers/Register_Bank_8.vhd:23]
INFO: [Synth 8-3491] module 'Decoder_3_to_8' declared at 'C:/Users/Yutharsan/Documents/GitHub/CODD-Nano-Processor/Nano Processor/Nano Processor.srcs/sources_1/new/Components/Decoders/Decoder_3_to_8.vhd:5' bound to instance 'Decoder_0' of component 'Decoder_3_to_8' [C:/Users/Yutharsan/Documents/GitHub/CODD-Nano-Processor/Nano Processor/Nano Processor.srcs/sources_1/new/Components/Registers/Register_Bank_8.vhd:47]
INFO: [Synth 8-3491] module 'Register_4' declared at 'C:/Users/Yutharsan/Documents/GitHub/CODD-Nano-Processor/Nano Processor/Nano Processor.srcs/sources_1/new/Components/Registers/Register_4.vhd:4' bound to instance 'Register0' of component 'Register_4' [C:/Users/Yutharsan/Documents/GitHub/CODD-Nano-Processor/Nano Processor/Nano Processor.srcs/sources_1/new/Components/Registers/Register_Bank_8.vhd:54]
INFO: [Synth 8-638] synthesizing module 'Register_4' [C:/Users/Yutharsan/Documents/GitHub/CODD-Nano-Processor/Nano Processor/Nano Processor.srcs/sources_1/new/Components/Registers/Register_4.vhd:15]
INFO: [Synth 8-3491] module 'Register_1' declared at 'C:/Users/Yutharsan/Documents/GitHub/CODD-Nano-Processor/Nano Processor/Nano Processor.srcs/sources_1/new/Components/Registers/Register_1.vhd:4' bound to instance 'Reg_0' of component 'Register_1' [C:/Users/Yutharsan/Documents/GitHub/CODD-Nano-Processor/Nano Processor/Nano Processor.srcs/sources_1/new/Components/Registers/Register_4.vhd:32]
INFO: [Synth 8-3491] module 'Register_1' declared at 'C:/Users/Yutharsan/Documents/GitHub/CODD-Nano-Processor/Nano Processor/Nano Processor.srcs/sources_1/new/Components/Registers/Register_1.vhd:4' bound to instance 'Reg_1' of component 'Register_1' [C:/Users/Yutharsan/Documents/GitHub/CODD-Nano-Processor/Nano Processor/Nano Processor.srcs/sources_1/new/Components/Registers/Register_4.vhd:42]
INFO: [Synth 8-3491] module 'Register_1' declared at 'C:/Users/Yutharsan/Documents/GitHub/CODD-Nano-Processor/Nano Processor/Nano Processor.srcs/sources_1/new/Components/Registers/Register_1.vhd:4' bound to instance 'Reg_2' of component 'Register_1' [C:/Users/Yutharsan/Documents/GitHub/CODD-Nano-Processor/Nano Processor/Nano Processor.srcs/sources_1/new/Components/Registers/Register_4.vhd:52]
INFO: [Synth 8-3491] module 'Register_1' declared at 'C:/Users/Yutharsan/Documents/GitHub/CODD-Nano-Processor/Nano Processor/Nano Processor.srcs/sources_1/new/Components/Registers/Register_1.vhd:4' bound to instance 'Reg_3' of component 'Register_1' [C:/Users/Yutharsan/Documents/GitHub/CODD-Nano-Processor/Nano Processor/Nano Processor.srcs/sources_1/new/Components/Registers/Register_4.vhd:62]
INFO: [Synth 8-256] done synthesizing module 'Register_4' (18#1) [C:/Users/Yutharsan/Documents/GitHub/CODD-Nano-Processor/Nano Processor/Nano Processor.srcs/sources_1/new/Components/Registers/Register_4.vhd:15]
INFO: [Synth 8-3491] module 'Register_4' declared at 'C:/Users/Yutharsan/Documents/GitHub/CODD-Nano-Processor/Nano Processor/Nano Processor.srcs/sources_1/new/Components/Registers/Register_4.vhd:4' bound to instance 'Register1' of component 'Register_4' [C:/Users/Yutharsan/Documents/GitHub/CODD-Nano-Processor/Nano Processor/Nano Processor.srcs/sources_1/new/Components/Registers/Register_Bank_8.vhd:64]
INFO: [Synth 8-3491] module 'Register_4' declared at 'C:/Users/Yutharsan/Documents/GitHub/CODD-Nano-Processor/Nano Processor/Nano Processor.srcs/sources_1/new/Components/Registers/Register_4.vhd:4' bound to instance 'Register2' of component 'Register_4' [C:/Users/Yutharsan/Documents/GitHub/CODD-Nano-Processor/Nano Processor/Nano Processor.srcs/sources_1/new/Components/Registers/Register_Bank_8.vhd:74]
INFO: [Synth 8-3491] module 'Register_4' declared at 'C:/Users/Yutharsan/Documents/GitHub/CODD-Nano-Processor/Nano Processor/Nano Processor.srcs/sources_1/new/Components/Registers/Register_4.vhd:4' bound to instance 'Register3' of component 'Register_4' [C:/Users/Yutharsan/Documents/GitHub/CODD-Nano-Processor/Nano Processor/Nano Processor.srcs/sources_1/new/Components/Registers/Register_Bank_8.vhd:84]
INFO: [Synth 8-3491] module 'Register_4' declared at 'C:/Users/Yutharsan/Documents/GitHub/CODD-Nano-Processor/Nano Processor/Nano Processor.srcs/sources_1/new/Components/Registers/Register_4.vhd:4' bound to instance 'Register4' of component 'Register_4' [C:/Users/Yutharsan/Documents/GitHub/CODD-Nano-Processor/Nano Processor/Nano Processor.srcs/sources_1/new/Components/Registers/Register_Bank_8.vhd:94]
INFO: [Synth 8-3491] module 'Register_4' declared at 'C:/Users/Yutharsan/Documents/GitHub/CODD-Nano-Processor/Nano Processor/Nano Processor.srcs/sources_1/new/Components/Registers/Register_4.vhd:4' bound to instance 'Register5' of component 'Register_4' [C:/Users/Yutharsan/Documents/GitHub/CODD-Nano-Processor/Nano Processor/Nano Processor.srcs/sources_1/new/Components/Registers/Register_Bank_8.vhd:104]
INFO: [Synth 8-3491] module 'Register_4' declared at 'C:/Users/Yutharsan/Documents/GitHub/CODD-Nano-Processor/Nano Processor/Nano Processor.srcs/sources_1/new/Components/Registers/Register_4.vhd:4' bound to instance 'Register6' of component 'Register_4' [C:/Users/Yutharsan/Documents/GitHub/CODD-Nano-Processor/Nano Processor/Nano Processor.srcs/sources_1/new/Components/Registers/Register_Bank_8.vhd:114]
INFO: [Synth 8-3491] module 'Register_4' declared at 'C:/Users/Yutharsan/Documents/GitHub/CODD-Nano-Processor/Nano Processor/Nano Processor.srcs/sources_1/new/Components/Registers/Register_4.vhd:4' bound to instance 'Register7' of component 'Register_4' [C:/Users/Yutharsan/Documents/GitHub/CODD-Nano-Processor/Nano Processor/Nano Processor.srcs/sources_1/new/Components/Registers/Register_Bank_8.vhd:124]
INFO: [Synth 8-256] done synthesizing module 'Register_Bank_8' (19#1) [C:/Users/Yutharsan/Documents/GitHub/CODD-Nano-Processor/Nano Processor/Nano Processor.srcs/sources_1/new/Components/Registers/Register_Bank_8.vhd:23]
INFO: [Synth 8-256] done synthesizing module 'Processor' (20#1) [C:/Users/Yutharsan/Documents/GitHub/CODD-Nano-Processor/Nano Processor/Nano Processor.srcs/sources_1/new/Processor.vhd:23]
WARNING: [Synth 8-3331] design ADD_3 has unconnected port C_in
---------------------------------------------------------------------------------
Finished RTL Elaboration : Time (s): cpu = 00:00:06 ; elapsed = 00:00:12 . Memory (MB): peak = 2130.594 ; gain = 66.168
---------------------------------------------------------------------------------

Report Check Netlist: 
+------+------------------+-------+---------+-------+------------------+
|      |Item              |Errors |Warnings |Status |Description       |
+------+------------------+-------+---------+-------+------------------+
|1     |multi_driven_nets |      0|        0|Passed |Multi driven nets |
+------+------------------+-------+---------+-------+------------------+
---------------------------------------------------------------------------------
Start Handling Custom Attributes
---------------------------------------------------------------------------------
---------------------------------------------------------------------------------
Finished Handling Custom Attributes : Time (s): cpu = 00:00:06 ; elapsed = 00:00:12 . Memory (MB): peak = 2130.594 ; gain = 66.168
---------------------------------------------------------------------------------
---------------------------------------------------------------------------------
Finished RTL Optimization Phase 1 : Time (s): cpu = 00:00:06 ; elapsed = 00:00:12 . Memory (MB): peak = 2130.594 ; gain = 66.168
---------------------------------------------------------------------------------
INFO: [Project 1-570] Preparing netlist for logic optimization

Processing XDC Constraints
Initializing timing engine
Completed Processing XDC Constraints

INFO: [Opt 31-138] Pushed 0 inverter(s) to 0 load pin(s).
INFO: [Project 1-111] Unisim Transformation Summary:
No Unisim elements were transformed.

RTL Elaboration Complete:  : Time (s): cpu = 00:00:12 ; elapsed = 00:00:15 . Memory (MB): peak = 2260.730 ; gain = 196.305
95 Infos, 1 Warnings, 0 Critical Warnings and 0 Errors encountered.
synth_design completed successfully
synth_design: Time (s): cpu = 00:00:12 ; elapsed = 00:00:16 . Memory (MB): peak = 2260.730 ; gain = 196.305
