Vivado Simulator 2018.1
Copyright 1986-1999, 2001-2017 Xilinx, Inc. All Rights Reserved.
Running: C:/Xilinx/Vivado/2018.1/bin/unwrapped/win64.o/xelab.exe -wto ce97d1bc394846ebaa5467569a02aca2 --incr --debug typical --relax --mt 2 -L xil_defaultlib -L secureip --snapshot TB_Processor_behav xil_defaultlib.TB_Processor -log elaborate.log 
Using 2 slave threads.
Starting static elaboration
WARNING: [VRFC 10-516] comparison between unequal length arrays always returns FALSE [C:/Users/Yutharsan/Documents/GitHub/CODD-Nano-Processor/project_AdvancedNano/project_AdvancedNano.srcs/sim_1/new/TB_Display.vhd:85]
WARNING: [VRFC 10-516] comparison between unequal length arrays always returns FALSE [C:/Users/Yutharsan/Documents/GitHub/CODD-Nano-Processor/project_AdvancedNano/project_AdvancedNano.srcs/sim_1/new/TB_Display.vhd:88]
WARNING: [VRFC 10-516] comparison between unequal length arrays always returns FALSE [C:/Users/Yutharsan/Documents/GitHub/CODD-Nano-Processor/project_AdvancedNano/project_AdvancedNano.srcs/sim_1/new/TB_Display.vhd:91]
WARNING: [VRFC 10-516] comparison between unequal length arrays always returns FALSE [C:/Users/Yutharsan/Documents/GitHub/CODD-Nano-Processor/project_AdvancedNano/project_AdvancedNano.srcs/sim_1/new/TB_Display.vhd:94]
WARNING: [VRFC 10-516] comparison between unequal length arrays always returns FALSE [C:/Users/Yutharsan/Documents/GitHub/CODD-Nano-Processor/project_AdvancedNano/project_AdvancedNano.srcs/sim_1/new/TB_Display.vhd:99]
WARNING: [VRFC 10-516] comparison between unequal length arrays always returns FALSE [C:/Users/Yutharsan/Documents/GitHub/CODD-Nano-Processor/project_AdvancedNano/project_AdvancedNano.srcs/sim_1/new/TB_Display.vhd:104]
Completed static elaboration
Starting simulation data flow analysis
Completed simulation data flow analysis
Time Resolution for simulation is 1ps
Compiling package std.standard
Compiling package std.textio
Compiling package ieee.std_logic_1164
Compiling package ieee.numeric_std
Compiling architecture behavioral of entity xil_defaultlib.Mux_2_way_1 [mux_2_way_1_default]
Compiling architecture behavioral of entity xil_defaultlib.Mux_4_to_1 [mux_4_to_1_default]
Compiling architecture behavioral of entity xil_defaultlib.Mux_2_way_3 [mux_2_way_3_default]
Compiling architecture behavioral of entity xil_defaultlib.Instruction_Decoder_15 [instruction_decoder_15_default]
Compiling architecture behavioral of entity xil_defaultlib.Program_ROM_15 [program_rom_15_default]
Compiling architecture behavioral of entity xil_defaultlib.Decoder_2_to_4 [decoder_2_to_4_default]
Compiling architecture behavioral of entity xil_defaultlib.Decoder_3_to_8 [decoder_3_to_8_default]
Compiling architecture behavioral of entity xil_defaultlib.D_FF [d_ff_default]
Compiling architecture behavioral of entity xil_defaultlib.Register_1 [register_1_default]
Compiling architecture behavioral of entity xil_defaultlib.Register_5 [register_5_default]
Compiling architecture behavioral of entity xil_defaultlib.Register_Bank_8 [register_bank_8_default]
Compiling architecture behavioral of entity xil_defaultlib.Mux_2_way_5 [mux_2_way_5_default]
Compiling architecture behavioral of entity xil_defaultlib.Mux_8_way_1 [mux_8_way_1_default]
Compiling architecture behavioral of entity xil_defaultlib.Mux_8_way_5 [mux_8_way_5_default]
Compiling architecture behavioral of entity xil_defaultlib.HA [ha_default]
Compiling architecture behavioral of entity xil_defaultlib.FA [fa_default]
Compiling architecture behavioral of entity xil_defaultlib.ADD_SUB [add_sub_default]
Compiling architecture behavioral of entity xil_defaultlib.Multiplier_5 [multiplier_5_default]
Compiling architecture behavioral of entity xil_defaultlib.Comp_1 [comp_1_default]
Compiling architecture behavioral of entity xil_defaultlib.Comp_5 [comp_5_default]
Compiling architecture behavioral of entity xil_defaultlib.AND_5 [and_5_default]
Compiling architecture behavioral of entity xil_defaultlib.OR_5 [or_5_default]
Compiling architecture behavioral of entity xil_defaultlib.NOT_5 [not_5_default]
Compiling architecture behavioral of entity xil_defaultlib.ALU [alu_default]
Compiling architecture behavioral of entity xil_defaultlib.PC_ADD_5 [pc_add_5_default]
Compiling architecture behavioral of entity xil_defaultlib.Processor [processor_default]
Compiling architecture behavioral of entity xil_defaultlib.tb_processor
Built simulation snapshot TB_Processor_behav
