#-----------------------------------------------------------
# Vivado v2018.1 (64-bit)
# SW Build 2188600 on Wed Apr  4 18:40:38 MDT 2018
# IP Build 2185939 on Wed Apr  4 20:55:05 MDT 2018
# Start of session at: Thu Apr 25 13:47:20 2024
# Process ID: 4840
# Current directory: C:/Users/Yutharsan/Documents/GitHub/CODD-Nano-Processor/project_AdvancedNano
# Command line: vivado.exe -gui_launcher_event rodinguilauncherevent19972 C:\Users\Yutharsan\Documents\GitHub\CODD-Nano-Processor\project_AdvancedNano\project_AdvancedNano.xpr
# Log file: C:/Users/Yutharsan/Documents/GitHub/CODD-Nano-Processor/project_AdvancedNano/vivado.log
# Journal file: C:/Users/Yutharsan/Documents/GitHub/CODD-Nano-Processor/project_AdvancedNano\vivado.jou
#-----------------------------------------------------------
start_gui
open_project C:/Users/Yutharsan/Documents/GitHub/CODD-Nano-Processor/project_AdvancedNano/project_AdvancedNano.xpr
INFO: [Project 1-313] Project file moved from 'E:/Advanced Nano Processor_final/project_AdvancedNano' since last save.
Scanning sources...
Finished scanning sources
INFO: [IP_Flow 19-234] Refreshing IP repositories
INFO: [IP_Flow 19-1704] No user IP repositories specified
INFO: [IP_Flow 19-2313] Loaded Vivado IP repository 'C:/Xilinx/Vivado/2018.1/data/ip'.
reset_run synth_1
WARNING: [Vivado 12-1017] Problems encountered:
1. Process appears to be on host 'RANDEEPA-PC' and cannot be killed from host 'Yutharsan-Ideapad'

launch_runs synth_1 -jobs 8
[Thu Apr 25 13:54:38 2024] Launched synth_1...
Run output will be captured here: C:/Users/Yutharsan/Documents/GitHub/CODD-Nano-Processor/project_AdvancedNano/project_AdvancedNano.runs/synth_1/runme.log
reset_run synth_1
WARNING: [Vivado 12-1017] Problems encountered:
1. Process appears to be on host 'YUTHARSAN-IDEAP' and cannot be killed from host 'Yutharsan-Ideapad'

exit
INFO: [Common 17-206] Exiting Vivado at Thu Apr 25 13:55:03 2024...
