#-----------------------------------------------------------
# Vivado v2018.1 (64-bit)
# SW Build 2188600 on Wed Apr  4 18:40:38 MDT 2018
# IP Build 2185939 on Wed Apr  4 20:55:05 MDT 2018
# Start of session at: Mon May  6 14:51:06 2024
# Process ID: 6824
# Current directory: C:/Users/Yutharsan/Documents/GitHub/CODD-Nano-Processor/project_AdvancedNano
# Command line: vivado.exe -gui_launcher_event rodinguilauncherevent6080 C:\Users\Yutharsan\Documents\GitHub\CODD-Nano-Processor\project_AdvancedNano\project_AdvancedNano.xpr
# Log file: C:/Users/Yutharsan/Documents/GitHub/CODD-Nano-Processor/project_AdvancedNano/vivado.log
# Journal file: C:/Users/Yutharsan/Documents/GitHub/CODD-Nano-Processor/project_AdvancedNano\vivado.jou
#-----------------------------------------------------------
start_gui
open_project C:/Users/Yutharsan/Documents/GitHub/CODD-Nano-Processor/project_AdvancedNano/project_AdvancedNano.xpr
Scanning sources...
Finished scanning sources
INFO: [IP_Flow 19-234] Refreshing IP repositories
INFO: [IP_Flow 19-1704] No user IP repositories specified
INFO: [IP_Flow 19-2313] Loaded Vivado IP repository 'C:/Xilinx/Vivado/2018.1/data/ip'.
reset_run impl_2
reset_run synth_2
launch_runs synth_2 -jobs 8
[Mon May  6 14:52:10 2024] Launched synth_2...
Run output will be captured here: C:/Users/Yutharsan/Documents/GitHub/CODD-Nano-Processor/project_AdvancedNano/project_AdvancedNano.runs/synth_2/runme.log
delete_runs "synth_1"
INFO: [Vivado 12-3261] Dependent run, 'impl_1', will be deleted with parent run, 'synth_1'.
WARNING: [Vivado 12-1017] Problems encountered:
1. Failed to delete one or more files in run directory C:/Users/Yutharsan/Documents/GitHub/CODD-Nano-Processor/project_AdvancedNano/project_AdvancedNano.runs/synth_1

set_property top Display [current_fileset]
reset_run synth_2
WARNING: [Vivado 12-1017] Problems encountered:
1. Process appears to be on host 'YUTHARSAN-IDEAP' and cannot be killed from host 'Yutharsan-Ideapad'

launch_runs impl_2 -to_step write_bitstream -jobs 8
[Mon May  6 14:52:44 2024] Launched synth_2...
Run output will be captured here: C:/Users/Yutharsan/Documents/GitHub/CODD-Nano-Processor/project_AdvancedNano/project_AdvancedNano.runs/synth_2/runme.log
[Mon May  6 14:52:44 2024] Launched impl_2...
Run output will be captured here: C:/Users/Yutharsan/Documents/GitHub/CODD-Nano-Processor/project_AdvancedNano/project_AdvancedNano.runs/impl_2/runme.log
WARNING: [Common 17-9] Error reading message records.
WARNING: [Common 17-9] Error reading message records.
create_run synth_3 -flow {Vivado Synthesis 2018} -strategy {Vivado Synthesis Defaults} -report_strategy {Vivado Synthesis Default Reports}
Run is defaulting to srcset: sources_1
Run is defaulting to constrset: constrs_1
Run is defaulting to part: xc7a35tcpg236-1
current_run [get_runs synth_3]
set_property target_language VHDL [current_project]
delete_runs "synth_2"
INFO: [Vivado 12-3261] Dependent run, 'impl_2', will be deleted with parent run, 'synth_2'.
WARNING: [Vivado 12-1017] Problems encountered:
1. Failed to delete one or more files in run directory C:/Users/Yutharsan/Documents/GitHub/CODD-Nano-Processor/project_AdvancedNano/project_AdvancedNano.runs/synth_2

launch_runs impl_1 -to_step write_bitstream -jobs 8
[Mon May  6 14:54:27 2024] Launched synth_3...
Run output will be captured here: C:/Users/Yutharsan/Documents/GitHub/CODD-Nano-Processor/project_AdvancedNano/project_AdvancedNano.runs/synth_3/runme.log
[Mon May  6 14:54:27 2024] Launched impl_1...
Run output will be captured here: C:/Users/Yutharsan/Documents/GitHub/CODD-Nano-Processor/project_AdvancedNano/project_AdvancedNano.runs/impl_1/runme.log
open_run impl_1
INFO: [Netlist 29-17] Analyzing 11 Unisim elements for replacement
INFO: [Netlist 29-28] Unisim Transformation completed in 0 CPU seconds
INFO: [Project 1-479] Netlist was created with Vivado 2018.1
INFO: [Device 21-403] Loading part xc7a35tcpg236-1
INFO: [Project 1-570] Preparing netlist for logic optimization
INFO: [Timing 38-478] Restoring timing data from binary archive.
INFO: [Timing 38-479] Binary timing data restore complete.
INFO: [Project 1-856] Restoring constraints from binary archive.
INFO: [Project 1-853] Binary constraint restore complete.
Reading XDEF placement.
Reading placer database...
Reading XDEF routing.
Read XDEF File: Time (s): cpu = 00:00:00 ; elapsed = 00:00:00.041 . Memory (MB): peak = 1769.699 ; gain = 0.000
Restored from archive | CPU: 0.000000 secs | Memory: 0.000000 MB |
Finished XDEF File Restore: Time (s): cpu = 00:00:00 ; elapsed = 00:00:00.041 . Memory (MB): peak = 1769.699 ; gain = 0.000
INFO: [Project 1-111] Unisim Transformation Summary:
No Unisim elements were transformed.

open_run: Time (s): cpu = 00:00:16 ; elapsed = 00:00:18 . Memory (MB): peak = 1880.109 ; gain = 941.070
open_hw
connect_hw_server
INFO: [Labtools 27-2285] Connecting to hw_server url TCP:localhost:3121
INFO: [Labtools 27-2222] Launching hw_server...
INFO: [Labtools 27-2221] Launch Output:

****** Xilinx hw_server v2018.1
  **** Build date : Apr  4 2018-19:32:53
    ** Copyright 1986-2018 Xilinx, Inc. All Rights Reserved.


open_hw_target
INFO: [Labtoolstcl 44-466] Opening hw_target localhost:3121/xilinx_tcf/Digilent/210183A8A8DCA
set_property PROGRAM.FILE {C:/Users/Yutharsan/Documents/GitHub/CODD-Nano-Processor/project_AdvancedNano/project_AdvancedNano.runs/impl_1/Display.bit} [get_hw_devices xc7a35t_0]
current_hw_device [get_hw_devices xc7a35t_0]
refresh_hw_device -update_hw_probes false [lindex [get_hw_devices xc7a35t_0] 0]
INFO: [Labtools 27-1435] Device xc7a35t (JTAG device index = 0) is not programmed (DONE status = 0).
set_property PROBES.FILE {} [get_hw_devices xc7a35t_0]
set_property FULL_PROBES.FILE {} [get_hw_devices xc7a35t_0]
set_property PROGRAM.FILE {C:/Users/Yutharsan/Desktop/Advanced Processor.bit} [get_hw_devices xc7a35t_0]
program_hw_devices [get_hw_devices xc7a35t_0]
INFO: [Labtools 27-3164] End of startup status: HIGH
refresh_hw_device [lindex [get_hw_devices xc7a35t_0] 0]
INFO: [Labtools 27-1434] Device xc7a35t (JTAG device index = 0) is programmed with a design that has no supported debug core(s) in it.
WARNING: [Labtools 27-3361] The debug hub core was not detected.
Resolution: 
1. Make sure the clock connected to the debug hub (dbg_hub) core is a free running clock and is active.
2. Make sure the BSCAN_SWITCH_USER_MASK device property in Vivado Hardware Manager reflects the user scan chain setting in the design and refresh the device.  To determine the user scan chain setting in the design, open the implemented design and use 'get_property C_USER_SCAN_CHAIN [get_debug_cores dbg_hub]'.
For more details on setting the scan chain property, consult the Vivado Debug and Programming User Guide (UG908).
set_property PROBES.FILE {} [get_hw_devices xc7a35t_0]
set_property FULL_PROBES.FILE {} [get_hw_devices xc7a35t_0]
set_property PROGRAM.FILE {C:/Users/Yutharsan/Desktop/Basic Processor.bit} [get_hw_devices xc7a35t_0]
program_hw_devices [get_hw_devices xc7a35t_0]
INFO: [Labtools 27-3164] End of startup status: HIGH
refresh_hw_device [lindex [get_hw_devices xc7a35t_0] 0]
INFO: [Labtools 27-1434] Device xc7a35t (JTAG device index = 0) is programmed with a design that has no supported debug core(s) in it.
WARNING: [Labtools 27-3361] The debug hub core was not detected.
Resolution: 
1. Make sure the clock connected to the debug hub (dbg_hub) core is a free running clock and is active.
2. Make sure the BSCAN_SWITCH_USER_MASK device property in Vivado Hardware Manager reflects the user scan chain setting in the design and refresh the device.  To determine the user scan chain setting in the design, open the implemented design and use 'get_property C_USER_SCAN_CHAIN [get_debug_cores dbg_hub]'.
For more details on setting the scan chain property, consult the Vivado Debug and Programming User Guide (UG908).
exit
INFO: [Common 17-206] Exiting Vivado at Mon May  6 15:27:33 2024...
