#-----------------------------------------------------------
# Vivado v2018.1 (64-bit)
# SW Build 2188600 on Wed Apr  4 18:40:38 MDT 2018
# IP Build 2185939 on Wed Apr  4 20:55:05 MDT 2018
# Start of session at: Wed Apr 24 18:44:10 2024
# Process ID: 16380
# Current directory: C:/Users/Yutharsan/Documents/GitHub/CODD-Nano-Processor/project_AdvancedNano
# Command line: vivado.exe -gui_launcher_event rodinguilauncherevent19380 C:\Users\Yutharsan\Documents\GitHub\CODD-Nano-Processor\project_AdvancedNano\project_AdvancedNano.xpr
# Log file: C:/Users/Yutharsan/Documents/GitHub/CODD-Nano-Processor/project_AdvancedNano/vivado.log
# Journal file: C:/Users/Yutharsan/Documents/GitHub/CODD-Nano-Processor/project_AdvancedNano\vivado.jou
#-----------------------------------------------------------
start_gui
open_project C:/Users/Yutharsan/Documents/GitHub/CODD-Nano-Processor/project_AdvancedNano/project_AdvancedNano.xpr
Scanning sources...
Finished scanning sources
INFO: [IP_Flow 19-234] Refreshing IP repositories
INFO: [IP_Flow 19-1704] No user IP repositories specified
INFO: [IP_Flow 19-2313] Loaded Vivado IP repository 'C:/Xilinx/Vivado/2018.1/data/ip'.
create_run impl_2 -parent_run synth_1 -flow {Vivado Implementation 2018} -strategy {Vivado Implementation Defaults} -report_strategy {Vivado Implementation Default Reports}
Run is defaulting to parent run srcset: sources_1
Run is defaulting to parent run constrset: constrs_1
Run is defaulting to parent run part: xc7k70tfbv676-1
current_run [get_runs impl_2]
set_property target_language VHDL [current_project]
update_ip_catalog
exit
INFO: [Common 17-206] Exiting Vivado at Wed Apr 24 19:04:52 2024...
