#-----------------------------------------------------------
# Vivado v2018.1 (64-bit)
# SW Build 2188600 on Wed Apr  4 18:40:38 MDT 2018
# IP Build 2185939 on Wed Apr  4 20:55:05 MDT 2018
# Start of session at: Wed Apr 24 18:41:21 2024
# Process ID: 16652
# Current directory: C:/Users/Yutharsan/Documents/GitHub/CODD-Nano-Processor/project_AdvancedNano
# Command line: vivado.exe -gui_launcher_event rodinguilauncherevent20044 C:\Users\Yutharsan\Documents\GitHub\CODD-Nano-Processor\project_AdvancedNano\project_AdvancedNano.xpr
# Log file: C:/Users/Yutharsan/Documents/GitHub/CODD-Nano-Processor/project_AdvancedNano/vivado.log
# Journal file: C:/Users/Yutharsan/Documents/GitHub/CODD-Nano-Processor/project_AdvancedNano\vivado.jou
#-----------------------------------------------------------
start_gui
open_project C:/Users/Yutharsan/Documents/GitHub/CODD-Nano-Processor/project_AdvancedNano/project_AdvancedNano.xpr
INFO: [Project 1-313] Project file moved from 'E:/Advanced Nano Processor_final/project_AdvancedNano' since last save.
Scanning sources...
Finished scanning sources
INFO: [IP_Flow 19-234] Refreshing IP repositories
INFO: [IP_Flow 19-1704] No user IP repositories specified
INFO: [IP_Flow 19-2313] Loaded Vivado IP repository 'C:/Xilinx/Vivado/2018.1/data/ip'.
exit
INFO: [Common 17-206] Exiting Vivado at Wed Apr 24 18:43:12 2024...
ssor/project_AdvancedNano/project_AdvancedNano.srcs/sources_1/new/Display.vhd C:/Users/Yutharsan/Documents/GitHub/CODD-Nano-Processor/project_AdvancedNano/project_AdvancedNano.srcs/sources_1/new/Slow_Clk.vhd C:/Users/Yutharsan/Documents/GitHub/CODD-Nano-Processor/project_AdvancedNano/project_AdvancedNano.srcs/sources_1/new/LUT_Display.vhd}
exit
INFO: [Common 17-206] Exiting Vivado at Wed Apr 24 18:43:08 2024...
